jue 09 abr 2026 17:47:11 -04: Building bc
Rootfs:   /run/media/glats/maquilinux
Workspace: /home/glats/Work/maquilinux

Montando filesystems virtuales...
Executing(%mkbuilddir): /bin/sh -e /var/tmp/rpm-tmp.S65Cpk
Executing(%prep): /bin/sh -e /var/tmp/rpm-tmp.dZ0Eha
+ umask 022
+ cd /workspace/BUILD/bc-7.0.3-build
+ cd /workspace/BUILD/bc-7.0.3-build
+ rm -rf bc-7.0.3
+ /usr/lib/rpm/rpmuncompress -x /workspace/SOURCES/bc-7.0.3.tar.xz
+ STATUS=0
+ '[' 0 -ne 0 ']'
+ cd bc-7.0.3
+ /usr/bin/chmod -Rf a+rX,u+w,g-w,o-w .
+ RPM_EC=0
++ jobs -p
+ exit 0
Executing(%build): /bin/sh -e /var/tmp/rpm-tmp.SfGcP3
+ umask 022
+ cd /workspace/BUILD/bc-7.0.3-build
+ cd bc-7.0.3
+ CC='gcc -std=c99'
+ ./configure --prefix=/usr -G -O3 -r
Testing NLS...
NLS works.

Testing gencat...
gencat works.

Testing history...
History works.

Testing for FreeBSD...
Not on FreeBSD. Using _POSIX_C_SOURCE and _XOPEN_SOURCE.

Testing for macOS...
Not on macOS.

Testing for OpenBSD...
Not on OpenBSD.

unneeded: bc_fuzzer.c dc_fuzzer.c library.c
Version: 7.0.3
Building bc
Building dc

BC_ENABLE_LIBRARY=0

BC_ENABLE_HISTORY=1
BC_ENABLE_EXTRA_MATH=1
BC_ENABLE_NLS=1

BC_ENABLE_AFL=0

BC_NUM_KARATSUBA_LEN=32

CC=gcc
CFLAGS=-O3  -std=c99
HOSTCC=gcc
HOSTCFLAGS= -std=c99
CPPFLAGS=-DNDEBUG  -DBC_ENABLE_EDITLINE=0 -DBC_ENABLE_READLINE=1 -D_POSIX_C_SOURCE=200809L -D_XOPEN_SOURCE=700
LDFLAGS=-s  -lreadline
PREFIX=/usr
BINDIR=/usr/bin
INCLUDEDIR=/usr/include
LIBDIR=/usr/lib
DATAROOTDIR=/usr/share
DATADIR=/usr/share
MANDIR=/usr/share/man
MAN1DIR=/usr/share/man/man1
MAN3DIR=/usr/share/man/man3
NLSPATH=/usr/share/locale/%L/%N
PC_PATH=
EXECSUFFIX=
EXECPREFIX=
DESTDIR=
LONG_BIT=
GEN_HOST=1
GEN_EMU=

Setting Defaults
================
bc.banner=0
bc.sigint_reset=1
dc.sigint_reset=1
bc.tty_mode=1
dc.tty_mode=0
bc.prompt=1
dc.prompt=0
bc.expr_exit=1
dc.expr_exit=1
bc.digit_clamp=0
dc.digit_clamp=0
+ make -j8
mkdir -p bin
gcc -DBC_ENABLE_AFL=0 -DBC_ENABLE_OSSFUZZ=0 -I./include/ -std=c99 -o ./gen/strgen ./gen/strgen.c
gcc -DBC_ENABLED=1 -DDC_ENABLED=1 -I./include/ -DBUILD_TYPE=A  -DEXECPREFIX= -DMAINEXEC=bc   -DBC_NUM_KARATSUBA_LEN=32 -DBC_ENABLE_NLS=1 -DBC_ENABLE_EXTRA_MATH=1 -DBC_ENABLE_HISTORY=1 -DBC_ENABLE_LIBRARY=0 -DBC_ENABLE_MEMCHECK=0 -DBC_ENABLE_AFL=0 -DBC_ENABLE_OSSFUZZ=0 -DBC_DEFAULT_BANNER=0 -DBC_DEFAULT_SIGINT_RESET=1 -DBC_DEFAULT_TTY_MODE=1 -DBC_DEFAULT_PROMPT=1 -DBC_DEFAULT_EXPR_EXIT=1 -DBC_DEFAULT_DIGIT_CLAMP=0 -DDC_DEFAULT_SIGINT_RESET=1 -DDC_DEFAULT_TTY_MODE=0 -DDC_DEFAULT_PROMPT=0 -DDC_DEFAULT_EXPR_EXIT=1 -DDC_DEFAULT_DIGIT_CLAMP=0 -DNDEBUG  -DBC_ENABLE_EDITLINE=0 -DBC_ENABLE_READLINE=1 -D_POSIX_C_SOURCE=200809L -D_XOPEN_SOURCE=700 -O3  -std=c99 -o src/args.o -c ./src/args.c
gcc -DBC_ENABLED=1 -DDC_ENABLED=1 -I./include/ -DBUILD_TYPE=A  -DEXECPREFIX= -DMAINEXEC=bc   -DBC_NUM_KARATSUBA_LEN=32 -DBC_ENABLE_NLS=1 -DBC_ENABLE_EXTRA_MATH=1 -DBC_ENABLE_HISTORY=1 -DBC_ENABLE_LIBRARY=0 -DBC_ENABLE_MEMCHECK=0 -DBC_ENABLE_AFL=0 -DBC_ENABLE_OSSFUZZ=0 -DBC_DEFAULT_BANNER=0 -DBC_DEFAULT_SIGINT_RESET=1 -DBC_DEFAULT_TTY_MODE=1 -DBC_DEFAULT_PROMPT=1 -DBC_DEFAULT_EXPR_EXIT=1 -DBC_DEFAULT_DIGIT_CLAMP=0 -DDC_DEFAULT_SIGINT_RESET=1 -DDC_DEFAULT_TTY_MODE=0 -DDC_DEFAULT_PROMPT=0 -DDC_DEFAULT_EXPR_EXIT=1 -DDC_DEFAULT_DIGIT_CLAMP=0 -DNDEBUG  -DBC_ENABLE_EDITLINE=0 -DBC_ENABLE_READLINE=1 -D_POSIX_C_SOURCE=200809L -D_XOPEN_SOURCE=700 -O3  -std=c99 -o src/bc.o -c ./src/bc.c
gcc -DBC_ENABLED=1 -DDC_ENABLED=1 -I./include/ -DBUILD_TYPE=A  -DEXECPREFIX= -DMAINEXEC=bc   -DBC_NUM_KARATSUBA_LEN=32 -DBC_ENABLE_NLS=1 -DBC_ENABLE_EXTRA_MATH=1 -DBC_ENABLE_HISTORY=1 -DBC_ENABLE_LIBRARY=0 -DBC_ENABLE_MEMCHECK=0 -DBC_ENABLE_AFL=0 -DBC_ENABLE_OSSFUZZ=0 -DBC_DEFAULT_BANNER=0 -DBC_DEFAULT_SIGINT_RESET=1 -DBC_DEFAULT_TTY_MODE=1 -DBC_DEFAULT_PROMPT=1 -DBC_DEFAULT_EXPR_EXIT=1 -DBC_DEFAULT_DIGIT_CLAMP=0 -DDC_DEFAULT_SIGINT_RESET=1 -DDC_DEFAULT_TTY_MODE=0 -DDC_DEFAULT_PROMPT=0 -DDC_DEFAULT_EXPR_EXIT=1 -DDC_DEFAULT_DIGIT_CLAMP=0 -DNDEBUG  -DBC_ENABLE_EDITLINE=0 -DBC_ENABLE_READLINE=1 -D_POSIX_C_SOURCE=200809L -D_XOPEN_SOURCE=700 -O3  -std=c99 -o src/bc_lex.o -c ./src/bc_lex.c
gcc -DBC_ENABLED=1 -DDC_ENABLED=1 -I./include/ -DBUILD_TYPE=A  -DEXECPREFIX= -DMAINEXEC=bc   -DBC_NUM_KARATSUBA_LEN=32 -DBC_ENABLE_NLS=1 -DBC_ENABLE_EXTRA_MATH=1 -DBC_ENABLE_HISTORY=1 -DBC_ENABLE_LIBRARY=0 -DBC_ENABLE_MEMCHECK=0 -DBC_ENABLE_AFL=0 -DBC_ENABLE_OSSFUZZ=0 -DBC_DEFAULT_BANNER=0 -DBC_DEFAULT_SIGINT_RESET=1 -DBC_DEFAULT_TTY_MODE=1 -DBC_DEFAULT_PROMPT=1 -DBC_DEFAULT_EXPR_EXIT=1 -DBC_DEFAULT_DIGIT_CLAMP=0 -DDC_DEFAULT_SIGINT_RESET=1 -DDC_DEFAULT_TTY_MODE=0 -DDC_DEFAULT_PROMPT=0 -DDC_DEFAULT_EXPR_EXIT=1 -DDC_DEFAULT_DIGIT_CLAMP=0 -DNDEBUG  -DBC_ENABLE_EDITLINE=0 -DBC_ENABLE_READLINE=1 -D_POSIX_C_SOURCE=200809L -D_XOPEN_SOURCE=700 -O3  -std=c99 -o src/bc_parse.o -c ./src/bc_parse.c
gcc -DBC_ENABLED=1 -DDC_ENABLED=1 -I./include/ -DBUILD_TYPE=A  -DEXECPREFIX= -DMAINEXEC=bc   -DBC_NUM_KARATSUBA_LEN=32 -DBC_ENABLE_NLS=1 -DBC_ENABLE_EXTRA_MATH=1 -DBC_ENABLE_HISTORY=1 -DBC_ENABLE_LIBRARY=0 -DBC_ENABLE_MEMCHECK=0 -DBC_ENABLE_AFL=0 -DBC_ENABLE_OSSFUZZ=0 -DBC_DEFAULT_BANNER=0 -DBC_DEFAULT_SIGINT_RESET=1 -DBC_DEFAULT_TTY_MODE=1 -DBC_DEFAULT_PROMPT=1 -DBC_DEFAULT_EXPR_EXIT=1 -DBC_DEFAULT_DIGIT_CLAMP=0 -DDC_DEFAULT_SIGINT_RESET=1 -DDC_DEFAULT_TTY_MODE=0 -DDC_DEFAULT_PROMPT=0 -DDC_DEFAULT_EXPR_EXIT=1 -DDC_DEFAULT_DIGIT_CLAMP=0 -DNDEBUG  -DBC_ENABLE_EDITLINE=0 -DBC_ENABLE_READLINE=1 -D_POSIX_C_SOURCE=200809L -D_XOPEN_SOURCE=700 -O3  -std=c99 -o src/data.o -c ./src/data.c
gcc -DBC_ENABLED=1 -DDC_ENABLED=1 -I./include/ -DBUILD_TYPE=A  -DEXECPREFIX= -DMAINEXEC=bc   -DBC_NUM_KARATSUBA_LEN=32 -DBC_ENABLE_NLS=1 -DBC_ENABLE_EXTRA_MATH=1 -DBC_ENABLE_HISTORY=1 -DBC_ENABLE_LIBRARY=0 -DBC_ENABLE_MEMCHECK=0 -DBC_ENABLE_AFL=0 -DBC_ENABLE_OSSFUZZ=0 -DBC_DEFAULT_BANNER=0 -DBC_DEFAULT_SIGINT_RESET=1 -DBC_DEFAULT_TTY_MODE=1 -DBC_DEFAULT_PROMPT=1 -DBC_DEFAULT_EXPR_EXIT=1 -DBC_DEFAULT_DIGIT_CLAMP=0 -DDC_DEFAULT_SIGINT_RESET=1 -DDC_DEFAULT_TTY_MODE=0 -DDC_DEFAULT_PROMPT=0 -DDC_DEFAULT_EXPR_EXIT=1 -DDC_DEFAULT_DIGIT_CLAMP=0 -DNDEBUG  -DBC_ENABLE_EDITLINE=0 -DBC_ENABLE_READLINE=1 -D_POSIX_C_SOURCE=200809L -D_XOPEN_SOURCE=700 -O3  -std=c99 -o src/dc.o -c ./src/dc.c
gcc -DBC_ENABLED=1 -DDC_ENABLED=1 -I./include/ -DBUILD_TYPE=A  -DEXECPREFIX= -DMAINEXEC=bc   -DBC_NUM_KARATSUBA_LEN=32 -DBC_ENABLE_NLS=1 -DBC_ENABLE_EXTRA_MATH=1 -DBC_ENABLE_HISTORY=1 -DBC_ENABLE_LIBRARY=0 -DBC_ENABLE_MEMCHECK=0 -DBC_ENABLE_AFL=0 -DBC_ENABLE_OSSFUZZ=0 -DBC_DEFAULT_BANNER=0 -DBC_DEFAULT_SIGINT_RESET=1 -DBC_DEFAULT_TTY_MODE=1 -DBC_DEFAULT_PROMPT=1 -DBC_DEFAULT_EXPR_EXIT=1 -DBC_DEFAULT_DIGIT_CLAMP=0 -DDC_DEFAULT_SIGINT_RESET=1 -DDC_DEFAULT_TTY_MODE=0 -DDC_DEFAULT_PROMPT=0 -DDC_DEFAULT_EXPR_EXIT=1 -DDC_DEFAULT_DIGIT_CLAMP=0 -DNDEBUG  -DBC_ENABLE_EDITLINE=0 -DBC_ENABLE_READLINE=1 -D_POSIX_C_SOURCE=200809L -D_XOPEN_SOURCE=700 -O3  -std=c99 -o src/dc_lex.o -c ./src/dc_lex.c
gcc -DBC_ENABLED=1 -DDC_ENABLED=1 -I./include/ -DBUILD_TYPE=A  -DEXECPREFIX= -DMAINEXEC=bc   -DBC_NUM_KARATSUBA_LEN=32 -DBC_ENABLE_NLS=1 -DBC_ENABLE_EXTRA_MATH=1 -DBC_ENABLE_HISTORY=1 -DBC_ENABLE_LIBRARY=0 -DBC_ENABLE_MEMCHECK=0 -DBC_ENABLE_AFL=0 -DBC_ENABLE_OSSFUZZ=0 -DBC_DEFAULT_BANNER=0 -DBC_DEFAULT_SIGINT_RESET=1 -DBC_DEFAULT_TTY_MODE=1 -DBC_DEFAULT_PROMPT=1 -DBC_DEFAULT_EXPR_EXIT=1 -DBC_DEFAULT_DIGIT_CLAMP=0 -DDC_DEFAULT_SIGINT_RESET=1 -DDC_DEFAULT_TTY_MODE=0 -DDC_DEFAULT_PROMPT=0 -DDC_DEFAULT_EXPR_EXIT=1 -DDC_DEFAULT_DIGIT_CLAMP=0 -DNDEBUG  -DBC_ENABLE_EDITLINE=0 -DBC_ENABLE_READLINE=1 -D_POSIX_C_SOURCE=200809L -D_XOPEN_SOURCE=700 -O3  -std=c99 -o src/dc_parse.o -c ./src/dc_parse.c
gcc -DBC_ENABLED=1 -DDC_ENABLED=1 -I./include/ -DBUILD_TYPE=A  -DEXECPREFIX= -DMAINEXEC=bc   -DBC_NUM_KARATSUBA_LEN=32 -DBC_ENABLE_NLS=1 -DBC_ENABLE_EXTRA_MATH=1 -DBC_ENABLE_HISTORY=1 -DBC_ENABLE_LIBRARY=0 -DBC_ENABLE_MEMCHECK=0 -DBC_ENABLE_AFL=0 -DBC_ENABLE_OSSFUZZ=0 -DBC_DEFAULT_BANNER=0 -DBC_DEFAULT_SIGINT_RESET=1 -DBC_DEFAULT_TTY_MODE=1 -DBC_DEFAULT_PROMPT=1 -DBC_DEFAULT_EXPR_EXIT=1 -DBC_DEFAULT_DIGIT_CLAMP=0 -DDC_DEFAULT_SIGINT_RESET=1 -DDC_DEFAULT_TTY_MODE=0 -DDC_DEFAULT_PROMPT=0 -DDC_DEFAULT_EXPR_EXIT=1 -DDC_DEFAULT_DIGIT_CLAMP=0 -DNDEBUG  -DBC_ENABLE_EDITLINE=0 -DBC_ENABLE_READLINE=1 -D_POSIX_C_SOURCE=200809L -D_XOPEN_SOURCE=700 -O3  -std=c99 -o src/file.o -c ./src/file.c
gcc -DBC_ENABLED=1 -DDC_ENABLED=1 -I./include/ -DBUILD_TYPE=A  -DEXECPREFIX= -DMAINEXEC=bc   -DBC_NUM_KARATSUBA_LEN=32 -DBC_ENABLE_NLS=1 -DBC_ENABLE_EXTRA_MATH=1 -DBC_ENABLE_HISTORY=1 -DBC_ENABLE_LIBRARY=0 -DBC_ENABLE_MEMCHECK=0 -DBC_ENABLE_AFL=0 -DBC_ENABLE_OSSFUZZ=0 -DBC_DEFAULT_BANNER=0 -DBC_DEFAULT_SIGINT_RESET=1 -DBC_DEFAULT_TTY_MODE=1 -DBC_DEFAULT_PROMPT=1 -DBC_DEFAULT_EXPR_EXIT=1 -DBC_DEFAULT_DIGIT_CLAMP=0 -DDC_DEFAULT_SIGINT_RESET=1 -DDC_DEFAULT_TTY_MODE=0 -DDC_DEFAULT_PROMPT=0 -DDC_DEFAULT_EXPR_EXIT=1 -DDC_DEFAULT_DIGIT_CLAMP=0 -DNDEBUG  -DBC_ENABLE_EDITLINE=0 -DBC_ENABLE_READLINE=1 -D_POSIX_C_SOURCE=200809L -D_XOPEN_SOURCE=700 -O3  -std=c99 -o src/history.o -c ./src/history.c
gcc -DBC_ENABLED=1 -DDC_ENABLED=1 -I./include/ -DBUILD_TYPE=A  -DEXECPREFIX= -DMAINEXEC=bc   -DBC_NUM_KARATSUBA_LEN=32 -DBC_ENABLE_NLS=1 -DBC_ENABLE_EXTRA_MATH=1 -DBC_ENABLE_HISTORY=1 -DBC_ENABLE_LIBRARY=0 -DBC_ENABLE_MEMCHECK=0 -DBC_ENABLE_AFL=0 -DBC_ENABLE_OSSFUZZ=0 -DBC_DEFAULT_BANNER=0 -DBC_DEFAULT_SIGINT_RESET=1 -DBC_DEFAULT_TTY_MODE=1 -DBC_DEFAULT_PROMPT=1 -DBC_DEFAULT_EXPR_EXIT=1 -DBC_DEFAULT_DIGIT_CLAMP=0 -DDC_DEFAULT_SIGINT_RESET=1 -DDC_DEFAULT_TTY_MODE=0 -DDC_DEFAULT_PROMPT=0 -DDC_DEFAULT_EXPR_EXIT=1 -DDC_DEFAULT_DIGIT_CLAMP=0 -DNDEBUG  -DBC_ENABLE_EDITLINE=0 -DBC_ENABLE_READLINE=1 -D_POSIX_C_SOURCE=200809L -D_XOPEN_SOURCE=700 -O3  -std=c99 -o src/lang.o -c ./src/lang.c
gcc -DBC_ENABLED=1 -DDC_ENABLED=1 -I./include/ -DBUILD_TYPE=A  -DEXECPREFIX= -DMAINEXEC=bc   -DBC_NUM_KARATSUBA_LEN=32 -DBC_ENABLE_NLS=1 -DBC_ENABLE_EXTRA_MATH=1 -DBC_ENABLE_HISTORY=1 -DBC_ENABLE_LIBRARY=0 -DBC_ENABLE_MEMCHECK=0 -DBC_ENABLE_AFL=0 -DBC_ENABLE_OSSFUZZ=0 -DBC_DEFAULT_BANNER=0 -DBC_DEFAULT_SIGINT_RESET=1 -DBC_DEFAULT_TTY_MODE=1 -DBC_DEFAULT_PROMPT=1 -DBC_DEFAULT_EXPR_EXIT=1 -DBC_DEFAULT_DIGIT_CLAMP=0 -DDC_DEFAULT_SIGINT_RESET=1 -DDC_DEFAULT_TTY_MODE=0 -DDC_DEFAULT_PROMPT=0 -DDC_DEFAULT_EXPR_EXIT=1 -DDC_DEFAULT_DIGIT_CLAMP=0 -DNDEBUG  -DBC_ENABLE_EDITLINE=0 -DBC_ENABLE_READLINE=1 -D_POSIX_C_SOURCE=200809L -D_XOPEN_SOURCE=700 -O3  -std=c99 -o src/lex.o -c ./src/lex.c
gcc -DBC_ENABLED=1 -DDC_ENABLED=1 -I./include/ -DBUILD_TYPE=A  -DEXECPREFIX= -DMAINEXEC=bc   -DBC_NUM_KARATSUBA_LEN=32 -DBC_ENABLE_NLS=1 -DBC_ENABLE_EXTRA_MATH=1 -DBC_ENABLE_HISTORY=1 -DBC_ENABLE_LIBRARY=0 -DBC_ENABLE_MEMCHECK=0 -DBC_ENABLE_AFL=0 -DBC_ENABLE_OSSFUZZ=0 -DBC_DEFAULT_BANNER=0 -DBC_DEFAULT_SIGINT_RESET=1 -DBC_DEFAULT_TTY_MODE=1 -DBC_DEFAULT_PROMPT=1 -DBC_DEFAULT_EXPR_EXIT=1 -DBC_DEFAULT_DIGIT_CLAMP=0 -DDC_DEFAULT_SIGINT_RESET=1 -DDC_DEFAULT_TTY_MODE=0 -DDC_DEFAULT_PROMPT=0 -DDC_DEFAULT_EXPR_EXIT=1 -DDC_DEFAULT_DIGIT_CLAMP=0 -DNDEBUG  -DBC_ENABLE_EDITLINE=0 -DBC_ENABLE_READLINE=1 -D_POSIX_C_SOURCE=200809L -D_XOPEN_SOURCE=700 -O3  -std=c99 -o src/main.o -c ./src/main.c
gcc -DBC_ENABLED=1 -DDC_ENABLED=1 -I./include/ -DBUILD_TYPE=A  -DEXECPREFIX= -DMAINEXEC=bc   -DBC_NUM_KARATSUBA_LEN=32 -DBC_ENABLE_NLS=1 -DBC_ENABLE_EXTRA_MATH=1 -DBC_ENABLE_HISTORY=1 -DBC_ENABLE_LIBRARY=0 -DBC_ENABLE_MEMCHECK=0 -DBC_ENABLE_AFL=0 -DBC_ENABLE_OSSFUZZ=0 -DBC_DEFAULT_BANNER=0 -DBC_DEFAULT_SIGINT_RESET=1 -DBC_DEFAULT_TTY_MODE=1 -DBC_DEFAULT_PROMPT=1 -DBC_DEFAULT_EXPR_EXIT=1 -DBC_DEFAULT_DIGIT_CLAMP=0 -DDC_DEFAULT_SIGINT_RESET=1 -DDC_DEFAULT_TTY_MODE=0 -DDC_DEFAULT_PROMPT=0 -DDC_DEFAULT_EXPR_EXIT=1 -DDC_DEFAULT_DIGIT_CLAMP=0 -DNDEBUG  -DBC_ENABLE_EDITLINE=0 -DBC_ENABLE_READLINE=1 -D_POSIX_C_SOURCE=200809L -D_XOPEN_SOURCE=700 -O3  -std=c99 -o src/num.o -c ./src/num.c
gcc -DBC_ENABLED=1 -DDC_ENABLED=1 -I./include/ -DBUILD_TYPE=A  -DEXECPREFIX= -DMAINEXEC=bc   -DBC_NUM_KARATSUBA_LEN=32 -DBC_ENABLE_NLS=1 -DBC_ENABLE_EXTRA_MATH=1 -DBC_ENABLE_HISTORY=1 -DBC_ENABLE_LIBRARY=0 -DBC_ENABLE_MEMCHECK=0 -DBC_ENABLE_AFL=0 -DBC_ENABLE_OSSFUZZ=0 -DBC_DEFAULT_BANNER=0 -DBC_DEFAULT_SIGINT_RESET=1 -DBC_DEFAULT_TTY_MODE=1 -DBC_DEFAULT_PROMPT=1 -DBC_DEFAULT_EXPR_EXIT=1 -DBC_DEFAULT_DIGIT_CLAMP=0 -DDC_DEFAULT_SIGINT_RESET=1 -DDC_DEFAULT_TTY_MODE=0 -DDC_DEFAULT_PROMPT=0 -DDC_DEFAULT_EXPR_EXIT=1 -DDC_DEFAULT_DIGIT_CLAMP=0 -DNDEBUG  -DBC_ENABLE_EDITLINE=0 -DBC_ENABLE_READLINE=1 -D_POSIX_C_SOURCE=200809L -D_XOPEN_SOURCE=700 -O3  -std=c99 -o src/opt.o -c ./src/opt.c
gcc -DBC_ENABLED=1 -DDC_ENABLED=1 -I./include/ -DBUILD_TYPE=A  -DEXECPREFIX= -DMAINEXEC=bc   -DBC_NUM_KARATSUBA_LEN=32 -DBC_ENABLE_NLS=1 -DBC_ENABLE_EXTRA_MATH=1 -DBC_ENABLE_HISTORY=1 -DBC_ENABLE_LIBRARY=0 -DBC_ENABLE_MEMCHECK=0 -DBC_ENABLE_AFL=0 -DBC_ENABLE_OSSFUZZ=0 -DBC_DEFAULT_BANNER=0 -DBC_DEFAULT_SIGINT_RESET=1 -DBC_DEFAULT_TTY_MODE=1 -DBC_DEFAULT_PROMPT=1 -DBC_DEFAULT_EXPR_EXIT=1 -DBC_DEFAULT_DIGIT_CLAMP=0 -DDC_DEFAULT_SIGINT_RESET=1 -DDC_DEFAULT_TTY_MODE=0 -DDC_DEFAULT_PROMPT=0 -DDC_DEFAULT_EXPR_EXIT=1 -DDC_DEFAULT_DIGIT_CLAMP=0 -DNDEBUG  -DBC_ENABLE_EDITLINE=0 -DBC_ENABLE_READLINE=1 -D_POSIX_C_SOURCE=200809L -D_XOPEN_SOURCE=700 -O3  -std=c99 -o src/parse.o -c ./src/parse.c
gcc -DBC_ENABLED=1 -DDC_ENABLED=1 -I./include/ -DBUILD_TYPE=A  -DEXECPREFIX= -DMAINEXEC=bc   -DBC_NUM_KARATSUBA_LEN=32 -DBC_ENABLE_NLS=1 -DBC_ENABLE_EXTRA_MATH=1 -DBC_ENABLE_HISTORY=1 -DBC_ENABLE_LIBRARY=0 -DBC_ENABLE_MEMCHECK=0 -DBC_ENABLE_AFL=0 -DBC_ENABLE_OSSFUZZ=0 -DBC_DEFAULT_BANNER=0 -DBC_DEFAULT_SIGINT_RESET=1 -DBC_DEFAULT_TTY_MODE=1 -DBC_DEFAULT_PROMPT=1 -DBC_DEFAULT_EXPR_EXIT=1 -DBC_DEFAULT_DIGIT_CLAMP=0 -DDC_DEFAULT_SIGINT_RESET=1 -DDC_DEFAULT_TTY_MODE=0 -DDC_DEFAULT_PROMPT=0 -DDC_DEFAULT_EXPR_EXIT=1 -DDC_DEFAULT_DIGIT_CLAMP=0 -DNDEBUG  -DBC_ENABLE_EDITLINE=0 -DBC_ENABLE_READLINE=1 -D_POSIX_C_SOURCE=200809L -D_XOPEN_SOURCE=700 -O3  -std=c99 -o src/program.o -c ./src/program.c
gcc -DBC_ENABLED=1 -DDC_ENABLED=1 -I./include/ -DBUILD_TYPE=A  -DEXECPREFIX= -DMAINEXEC=bc   -DBC_NUM_KARATSUBA_LEN=32 -DBC_ENABLE_NLS=1 -DBC_ENABLE_EXTRA_MATH=1 -DBC_ENABLE_HISTORY=1 -DBC_ENABLE_LIBRARY=0 -DBC_ENABLE_MEMCHECK=0 -DBC_ENABLE_AFL=0 -DBC_ENABLE_OSSFUZZ=0 -DBC_DEFAULT_BANNER=0 -DBC_DEFAULT_SIGINT_RESET=1 -DBC_DEFAULT_TTY_MODE=1 -DBC_DEFAULT_PROMPT=1 -DBC_DEFAULT_EXPR_EXIT=1 -DBC_DEFAULT_DIGIT_CLAMP=0 -DDC_DEFAULT_SIGINT_RESET=1 -DDC_DEFAULT_TTY_MODE=0 -DDC_DEFAULT_PROMPT=0 -DDC_DEFAULT_EXPR_EXIT=1 -DDC_DEFAULT_DIGIT_CLAMP=0 -DNDEBUG  -DBC_ENABLE_EDITLINE=0 -DBC_ENABLE_READLINE=1 -D_POSIX_C_SOURCE=200809L -D_XOPEN_SOURCE=700 -O3  -std=c99 -o src/rand.o -c ./src/rand.c
gcc -DBC_ENABLED=1 -DDC_ENABLED=1 -I./include/ -DBUILD_TYPE=A  -DEXECPREFIX= -DMAINEXEC=bc   -DBC_NUM_KARATSUBA_LEN=32 -DBC_ENABLE_NLS=1 -DBC_ENABLE_EXTRA_MATH=1 -DBC_ENABLE_HISTORY=1 -DBC_ENABLE_LIBRARY=0 -DBC_ENABLE_MEMCHECK=0 -DBC_ENABLE_AFL=0 -DBC_ENABLE_OSSFUZZ=0 -DBC_DEFAULT_BANNER=0 -DBC_DEFAULT_SIGINT_RESET=1 -DBC_DEFAULT_TTY_MODE=1 -DBC_DEFAULT_PROMPT=1 -DBC_DEFAULT_EXPR_EXIT=1 -DBC_DEFAULT_DIGIT_CLAMP=0 -DDC_DEFAULT_SIGINT_RESET=1 -DDC_DEFAULT_TTY_MODE=0 -DDC_DEFAULT_PROMPT=0 -DDC_DEFAULT_EXPR_EXIT=1 -DDC_DEFAULT_DIGIT_CLAMP=0 -DNDEBUG  -DBC_ENABLE_EDITLINE=0 -DBC_ENABLE_READLINE=1 -D_POSIX_C_SOURCE=200809L -D_XOPEN_SOURCE=700 -O3  -std=c99 -o src/read.o -c ./src/read.c
gcc -DBC_ENABLED=1 -DDC_ENABLED=1 -I./include/ -DBUILD_TYPE=A  -DEXECPREFIX= -DMAINEXEC=bc   -DBC_NUM_KARATSUBA_LEN=32 -DBC_ENABLE_NLS=1 -DBC_ENABLE_EXTRA_MATH=1 -DBC_ENABLE_HISTORY=1 -DBC_ENABLE_LIBRARY=0 -DBC_ENABLE_MEMCHECK=0 -DBC_ENABLE_AFL=0 -DBC_ENABLE_OSSFUZZ=0 -DBC_DEFAULT_BANNER=0 -DBC_DEFAULT_SIGINT_RESET=1 -DBC_DEFAULT_TTY_MODE=1 -DBC_DEFAULT_PROMPT=1 -DBC_DEFAULT_EXPR_EXIT=1 -DBC_DEFAULT_DIGIT_CLAMP=0 -DDC_DEFAULT_SIGINT_RESET=1 -DDC_DEFAULT_TTY_MODE=0 -DDC_DEFAULT_PROMPT=0 -DDC_DEFAULT_EXPR_EXIT=1 -DDC_DEFAULT_DIGIT_CLAMP=0 -DNDEBUG  -DBC_ENABLE_EDITLINE=0 -DBC_ENABLE_READLINE=1 -D_POSIX_C_SOURCE=200809L -D_XOPEN_SOURCE=700 -O3  -std=c99 -o src/vector.o -c ./src/vector.c
gcc -DBC_ENABLED=1 -DDC_ENABLED=1 -I./include/ -DBUILD_TYPE=A  -DEXECPREFIX= -DMAINEXEC=bc   -DBC_NUM_KARATSUBA_LEN=32 -DBC_ENABLE_NLS=1 -DBC_ENABLE_EXTRA_MATH=1 -DBC_ENABLE_HISTORY=1 -DBC_ENABLE_LIBRARY=0 -DBC_ENABLE_MEMCHECK=0 -DBC_ENABLE_AFL=0 -DBC_ENABLE_OSSFUZZ=0 -DBC_DEFAULT_BANNER=0 -DBC_DEFAULT_SIGINT_RESET=1 -DBC_DEFAULT_TTY_MODE=1 -DBC_DEFAULT_PROMPT=1 -DBC_DEFAULT_EXPR_EXIT=1 -DBC_DEFAULT_DIGIT_CLAMP=0 -DDC_DEFAULT_SIGINT_RESET=1 -DDC_DEFAULT_TTY_MODE=0 -DDC_DEFAULT_PROMPT=0 -DDC_DEFAULT_EXPR_EXIT=1 -DDC_DEFAULT_DIGIT_CLAMP=0 -DNDEBUG  -DBC_ENABLE_EDITLINE=0 -DBC_ENABLE_READLINE=1 -D_POSIX_C_SOURCE=200809L -D_XOPEN_SOURCE=700 -O3  -std=c99 -o src/vm.o -c ./src/vm.c
./gen/strgen ./gen/dc_help.txt ./gen/dc_help.c 0 dc_help "" DC_ENABLED 0
./gen/strgen ./gen/bc_help.txt ./gen/bc_help.c 0 bc_help "" BC_ENABLED 0
./gen/strgen ./gen/lib.bc ./gen/lib.c 0 bc_lib bc_lib_name BC_ENABLED 1 "" "" 1
./gen/strgen ./gen/lib2.bc ./gen/lib2.c 0 bc_lib2 bc_lib2_name "BC_ENABLED && BC_ENABLE_EXTRA_MATH" 1 "" "" 1
gcc -DBC_ENABLED=1 -DDC_ENABLED=1 -I./include/ -DBUILD_TYPE=A  -DEXECPREFIX= -DMAINEXEC=bc   -DBC_NUM_KARATSUBA_LEN=32 -DBC_ENABLE_NLS=1 -DBC_ENABLE_EXTRA_MATH=1 -DBC_ENABLE_HISTORY=1 -DBC_ENABLE_LIBRARY=0 -DBC_ENABLE_MEMCHECK=0 -DBC_ENABLE_AFL=0 -DBC_ENABLE_OSSFUZZ=0 -DBC_DEFAULT_BANNER=0 -DBC_DEFAULT_SIGINT_RESET=1 -DBC_DEFAULT_TTY_MODE=1 -DBC_DEFAULT_PROMPT=1 -DBC_DEFAULT_EXPR_EXIT=1 -DBC_DEFAULT_DIGIT_CLAMP=0 -DDC_DEFAULT_SIGINT_RESET=1 -DDC_DEFAULT_TTY_MODE=0 -DDC_DEFAULT_PROMPT=0 -DDC_DEFAULT_EXPR_EXIT=1 -DDC_DEFAULT_DIGIT_CLAMP=0 -DNDEBUG  -DBC_ENABLE_EDITLINE=0 -DBC_ENABLE_READLINE=1 -D_POSIX_C_SOURCE=200809L -D_XOPEN_SOURCE=700 -O3  -std=c99 -o gen/dc_help.o -c gen/dc_help.c
gcc -DBC_ENABLED=1 -DDC_ENABLED=1 -I./include/ -DBUILD_TYPE=A  -DEXECPREFIX= -DMAINEXEC=bc   -DBC_NUM_KARATSUBA_LEN=32 -DBC_ENABLE_NLS=1 -DBC_ENABLE_EXTRA_MATH=1 -DBC_ENABLE_HISTORY=1 -DBC_ENABLE_LIBRARY=0 -DBC_ENABLE_MEMCHECK=0 -DBC_ENABLE_AFL=0 -DBC_ENABLE_OSSFUZZ=0 -DBC_DEFAULT_BANNER=0 -DBC_DEFAULT_SIGINT_RESET=1 -DBC_DEFAULT_TTY_MODE=1 -DBC_DEFAULT_PROMPT=1 -DBC_DEFAULT_EXPR_EXIT=1 -DBC_DEFAULT_DIGIT_CLAMP=0 -DDC_DEFAULT_SIGINT_RESET=1 -DDC_DEFAULT_TTY_MODE=0 -DDC_DEFAULT_PROMPT=0 -DDC_DEFAULT_EXPR_EXIT=1 -DDC_DEFAULT_DIGIT_CLAMP=0 -DNDEBUG  -DBC_ENABLE_EDITLINE=0 -DBC_ENABLE_READLINE=1 -D_POSIX_C_SOURCE=200809L -D_XOPEN_SOURCE=700 -O3  -std=c99 -o gen/bc_help.o -c gen/bc_help.c
gcc -DBC_ENABLED=1 -DDC_ENABLED=1 -I./include/ -DBUILD_TYPE=A  -DEXECPREFIX= -DMAINEXEC=bc   -DBC_NUM_KARATSUBA_LEN=32 -DBC_ENABLE_NLS=1 -DBC_ENABLE_EXTRA_MATH=1 -DBC_ENABLE_HISTORY=1 -DBC_ENABLE_LIBRARY=0 -DBC_ENABLE_MEMCHECK=0 -DBC_ENABLE_AFL=0 -DBC_ENABLE_OSSFUZZ=0 -DBC_DEFAULT_BANNER=0 -DBC_DEFAULT_SIGINT_RESET=1 -DBC_DEFAULT_TTY_MODE=1 -DBC_DEFAULT_PROMPT=1 -DBC_DEFAULT_EXPR_EXIT=1 -DBC_DEFAULT_DIGIT_CLAMP=0 -DDC_DEFAULT_SIGINT_RESET=1 -DDC_DEFAULT_TTY_MODE=0 -DDC_DEFAULT_PROMPT=0 -DDC_DEFAULT_EXPR_EXIT=1 -DDC_DEFAULT_DIGIT_CLAMP=0 -DNDEBUG  -DBC_ENABLE_EDITLINE=0 -DBC_ENABLE_READLINE=1 -D_POSIX_C_SOURCE=200809L -D_XOPEN_SOURCE=700 -O3  -std=c99 -o gen/lib.o -c gen/lib.c
gcc -DBC_ENABLED=1 -DDC_ENABLED=1 -I./include/ -DBUILD_TYPE=A  -DEXECPREFIX= -DMAINEXEC=bc   -DBC_NUM_KARATSUBA_LEN=32 -DBC_ENABLE_NLS=1 -DBC_ENABLE_EXTRA_MATH=1 -DBC_ENABLE_HISTORY=1 -DBC_ENABLE_LIBRARY=0 -DBC_ENABLE_MEMCHECK=0 -DBC_ENABLE_AFL=0 -DBC_ENABLE_OSSFUZZ=0 -DBC_DEFAULT_BANNER=0 -DBC_DEFAULT_SIGINT_RESET=1 -DBC_DEFAULT_TTY_MODE=1 -DBC_DEFAULT_PROMPT=1 -DBC_DEFAULT_EXPR_EXIT=1 -DBC_DEFAULT_DIGIT_CLAMP=0 -DDC_DEFAULT_SIGINT_RESET=1 -DDC_DEFAULT_TTY_MODE=0 -DDC_DEFAULT_PROMPT=0 -DDC_DEFAULT_EXPR_EXIT=1 -DDC_DEFAULT_DIGIT_CLAMP=0 -DNDEBUG  -DBC_ENABLE_EDITLINE=0 -DBC_ENABLE_READLINE=1 -D_POSIX_C_SOURCE=200809L -D_XOPEN_SOURCE=700 -O3  -std=c99 -o gen/lib2.o -c gen/lib2.c
gcc -DBC_ENABLED=1 -DDC_ENABLED=1 -I./include/ -DBUILD_TYPE=A  -DEXECPREFIX= -DMAINEXEC=bc   -DBC_NUM_KARATSUBA_LEN=32 -DBC_ENABLE_NLS=1 -DBC_ENABLE_EXTRA_MATH=1 -DBC_ENABLE_HISTORY=1 -DBC_ENABLE_LIBRARY=0 -DBC_ENABLE_MEMCHECK=0 -DBC_ENABLE_AFL=0 -DBC_ENABLE_OSSFUZZ=0 -DBC_DEFAULT_BANNER=0 -DBC_DEFAULT_SIGINT_RESET=1 -DBC_DEFAULT_TTY_MODE=1 -DBC_DEFAULT_PROMPT=1 -DBC_DEFAULT_EXPR_EXIT=1 -DBC_DEFAULT_DIGIT_CLAMP=0 -DDC_DEFAULT_SIGINT_RESET=1 -DDC_DEFAULT_TTY_MODE=0 -DDC_DEFAULT_PROMPT=0 -DDC_DEFAULT_EXPR_EXIT=1 -DDC_DEFAULT_DIGIT_CLAMP=0 -DNDEBUG  -DBC_ENABLE_EDITLINE=0 -DBC_ENABLE_READLINE=1 -D_POSIX_C_SOURCE=200809L -D_XOPEN_SOURCE=700 -O3  -std=c99 ./gen/dc_help.o ./gen/bc_help.o ./gen/lib.o ./gen/lib2.o src/args.o src/bc.o src/bc_lex.o src/bc_parse.o src/data.o src/dc.o src/dc_lex.o src/dc_parse.o src/file.o src/history.o src/lang.o src/lex.o src/main.o src/num.o src/opt.o src/parse.o src/program.o src/rand.o src/read.o src/vector.o src/vm.o -s  -lreadline -o bin/bc
./scripts/link.sh bin dc
+ RPM_EC=0
++ jobs -p
+ exit 0
Executing(%install): /bin/sh -e /var/tmp/rpm-tmp.f0mvRN
+ umask 022
+ cd /workspace/BUILD/bc-7.0.3-build
+ /usr/bin/rm -rf /workspace/BUILD/bc-7.0.3-build/BUILDROOT
+ /usr/bin/mkdir -p /workspace/BUILD/bc-7.0.3-build
+ /usr/bin/mkdir /workspace/BUILD/bc-7.0.3-build/BUILDROOT
+ cd bc-7.0.3
+ rm -rf /workspace/BUILD/bc-7.0.3-build/BUILDROOT
+ make DESTDIR=/workspace/BUILD/bc-7.0.3-build/BUILDROOT install
./scripts/locale_install.sh /usr/share/locale/%L/%N bc /workspace/BUILD/bc-7.0.3-build/BUILDROOT
locale: Cannot set LC_CTYPE to default locale: No such file or directory
locale: Cannot set LC_MESSAGES to default locale: No such file or directory
Installing de_DE.UTF-8...done
Installing es_ES.UTF-8...done
Installing fr_FR.UTF-8...done
Installing ja_JP.UTF-8...done
Installing nl_NL.UTF-8...done
Installing pl_PL.UTF-8...done
Installing pt_PT.UTF-8...done
Installing ru_RU.CP1251...done
Installing ru_RU.KOI8-R...done
Installing ru_RU.UTF-8...done
Installing zh_CN.GB18030...done
Installing zh_CN.GB2312...done
Installing zh_CN.GBK...done
Installing zh_CN.UTF-8...done
Linking de_AT.UTF-8...done
Linking de_CH.UTF-8...done
Linking en_AU.UTF-8...done
Linking en_CA.UTF-8...done
Linking en_GB.UTF-8...done
Linking en_IE.UTF-8...done
Linking en_NZ.UTF-8...done
Linking en_US.UTF-8...done
Linking fr_BE.UTF-8...done
Linking fr_CA.UTF-8...done
Linking fr_CH.UTF-8...done
Linking pt_BR.UTF-8...done
./scripts/safe-install.sh -Dm644 manuals/bc.1 /workspace/BUILD/bc-7.0.3-build/BUILDROOT/usr/share/man/man1/bc.1
./scripts/safe-install.sh -Dm644 manuals/dc.1 /workspace/BUILD/bc-7.0.3-build/BUILDROOT/usr/share/man/man1/dc.1
./scripts/exec-install.sh /workspace/BUILD/bc-7.0.3-build/BUILDROOT/usr/bin "" "/workspace/BUILD/bc-7.0.3-build/bc-7.0.3/bin"
+ rm -f /workspace/BUILD/bc-7.0.3-build/BUILDROOT/usr/share/info/dir
+ cd /workspace/BUILD/bc-7.0.3-build/BUILDROOT
+ find . -type f -o -type l
+ sed 's|^\.||'
Reading /workspace/BUILD/bc-7.0.3-build/SPECPARTS/rpm-debuginfo.specpart
Executing(%check): /bin/sh -e /var/tmp/rpm-tmp.9xD11h
+ umask 022
+ cd /workspace/BUILD/bc-7.0.3-build
+ cd bc-7.0.3
+ make test
***********************************************************************

Running bc tests...

Running bc decimal...pass
Skipping bc print test
Skipping bc parse test
Running bc lib2...pass
Running bc print2...pass
Running bc length...pass
Running bc scale...pass
Running bc shift...pass
Running bc add...pass
Running bc subtract...pass
Running bc multiply...pass
Running bc divide...pass
Running bc modulus...pass
Running bc power...pass
Running bc sqrt...pass
Running bc trunc...pass
Running bc places...pass
Running bc vars...pass
Running bc boolean...pass
Running bc comp...pass
Running bc abs...pass
Running bc assignments...pass
Running bc functions...pass
Running bc scientific...pass
Running bc engineering...pass
Running bc globals...pass
Running bc strings...pass
Skipping bc strings2 test
Running bc letters...pass
Running bc exponent...pass
Running bc log...pass
Running bc pi...pass
Running bc arctangent...pass
Running bc sine...pass
Running bc cosine...pass
Skipping bc bessel test
Running bc fib...pass
Running bc arrays...pass
Running bc misc...pass
Running bc misc1...pass
Running bc misc2...pass
Running bc misc3...pass
Running bc misc4...pass
Running bc misc5...pass
Running bc misc6...pass
Running bc misc7...pass
Running bc misc8...pass
Running bc void...pass
Running bc rand...pass
Running bc rand_limits...pass
Running bc recursive_arrays...pass
Running bc divmod...pass
Running bc modexp...pass
Running bc bitfuncs...pass
Running bc leadingzero...pass
Running bc is_number...pass
Running bc is_string...pass
Running bc asciify_array...pass
Running bc line_by_line1...pass
Running bc line_by_line2...pass
Running bc line_loop_quit1...pass
Running bc line_loop_quit2...pass
Skipping bc script multiply.bc
Skipping bc script divide.bc
Skipping bc script subtract.bc
Skipping bc script add.bc
Skipping bc script print.bc
Running bc script print2.bc...pass
Skipping bc script parse.bc
Running bc script root.bc...pass
Running bc script array.bc...pass
Running bc script array2.bc...pass
Running bc script atan.bc...pass
Skipping bc script bessel.bc
Running bc script functions.bc...pass
Running bc script globals.bc...pass
Running bc script len.bc...pass
Running bc script rand.bc...pass
Running bc script references.bc...pass
Running bc script screen.bc...pass
Skipping bc script strings2.bc
Running bc script ifs.bc...pass
Running bc script ifs2.bc...pass
Running bc script afl1.bc...pass
Running bc script i2rand.bc...pass
Running bc command-line error tests...pass
Running bc errors...pass
Running bc posix_errors...pass
Running bc error file 01.txt with clamping...pass
Running bc error file 01.txt without clamping...pass
Running bc error file 01.txt through cat with clamping...pass
Running bc error file 01.txt through cat without clamping...pass
Running bc error file 02.txt with clamping...pass
Running bc error file 02.txt without clamping...pass
Running bc error file 02.txt through cat with clamping...pass
Running bc error file 02.txt through cat without clamping...pass
Running bc error file 03.txt with clamping...pass
Running bc error file 03.txt without clamping...pass
Running bc error file 03.txt through cat with clamping...pass
Running bc error file 03.txt through cat without clamping...pass
Running bc error file 04.txt with clamping...pass
Running bc error file 04.txt without clamping...pass
Running bc error file 04.txt through cat with clamping...pass
Running bc error file 04.txt through cat without clamping...pass
Running bc error file 05.txt with clamping...pass
Running bc error file 05.txt without clamping...pass
Running bc error file 05.txt through cat with clamping...pass
Running bc error file 05.txt through cat without clamping...pass
Running bc error file 06.txt with clamping...pass
Running bc error file 06.txt without clamping...pass
Running bc error file 06.txt through cat with clamping...pass
Running bc error file 06.txt through cat without clamping...pass
Running bc error file 07.txt with clamping...pass
Running bc error file 07.txt without clamping...pass
Running bc error file 07.txt through cat with clamping...pass
Running bc error file 07.txt through cat without clamping...pass
Running bc error file 08.txt with clamping...pass
Running bc error file 08.txt without clamping...pass
Running bc error file 08.txt through cat with clamping...pass
Running bc error file 08.txt through cat without clamping...pass
Running bc error file 09.txt with clamping...pass
Running bc error file 09.txt without clamping...pass
Running bc error file 09.txt through cat with clamping...pass
Running bc error file 09.txt through cat without clamping...pass
Running bc error file 10.txt with clamping...pass
Running bc error file 10.txt without clamping...pass
Running bc error file 10.txt through cat with clamping...pass
Running bc error file 10.txt through cat without clamping...pass
Running bc error file 11.txt with clamping...pass
Running bc error file 11.txt without clamping...pass
Running bc error file 11.txt through cat with clamping...pass
Running bc error file 11.txt through cat without clamping...pass
Running bc error file 12.txt with clamping...pass
Running bc error file 12.txt without clamping...pass
Running bc error file 12.txt through cat with clamping...pass
Running bc error file 12.txt through cat without clamping...pass
Running bc error file 13.txt with clamping...pass
Running bc error file 13.txt without clamping...pass
Running bc error file 13.txt through cat with clamping...pass
Running bc error file 13.txt through cat without clamping...pass
Running bc error file 14.txt with clamping...pass
Running bc error file 14.txt without clamping...pass
Running bc error file 14.txt through cat with clamping...pass
Running bc error file 14.txt through cat without clamping...pass
Running bc error file 15.txt with clamping...pass
Running bc error file 15.txt without clamping...pass
Running bc error file 15.txt through cat with clamping...pass
Running bc error file 15.txt through cat without clamping...pass
Running bc error file 16.txt with clamping...pass
Running bc error file 16.txt without clamping...pass
Running bc error file 16.txt through cat with clamping...pass
Running bc error file 16.txt through cat without clamping...pass
Running bc error file 17.txt with clamping...pass
Running bc error file 17.txt without clamping...pass
Running bc error file 17.txt through cat with clamping...pass
Running bc error file 17.txt through cat without clamping...pass
Running bc error file 18.txt with clamping...pass
Running bc error file 18.txt without clamping...pass
Running bc error file 18.txt through cat with clamping...pass
Running bc error file 18.txt through cat without clamping...pass
Running bc error file 19.txt with clamping...pass
Running bc error file 19.txt without clamping...pass
Running bc error file 19.txt through cat with clamping...pass
Running bc error file 19.txt through cat without clamping...pass
Running bc error file 20.txt with clamping...pass
Running bc error file 20.txt without clamping...pass
Running bc error file 20.txt through cat with clamping...pass
Running bc error file 20.txt through cat without clamping...pass
Running bc error file 21.txt with clamping...pass
Running bc error file 21.txt without clamping...pass
Running bc error file 21.txt through cat with clamping...pass
Running bc error file 21.txt through cat without clamping...pass
Running bc error file 22.txt with clamping...pass
Running bc error file 22.txt without clamping...pass
Running bc error file 22.txt through cat with clamping...pass
Running bc error file 22.txt through cat without clamping...pass
Running bc error file 23.txt with clamping...pass
Running bc error file 23.txt without clamping...pass
Running bc error file 23.txt through cat with clamping...pass
Running bc error file 23.txt through cat without clamping...pass
Running bc error file 24.txt with clamping...pass
Running bc error file 24.txt without clamping...pass
Running bc error file 24.txt through cat with clamping...pass
Running bc error file 24.txt through cat without clamping...pass
Running bc error file 25.txt with clamping...pass
Running bc error file 25.txt without clamping...pass
Running bc error file 25.txt through cat with clamping...pass
Running bc error file 25.txt through cat without clamping...pass
Running bc error file 26.txt with clamping...pass
Running bc error file 26.txt without clamping...pass
Running bc error file 26.txt through cat with clamping...pass
Running bc error file 26.txt through cat without clamping...pass
Running bc error file 27.txt with clamping...pass
Running bc error file 27.txt without clamping...pass
Running bc error file 27.txt through cat with clamping...pass
Running bc error file 27.txt through cat without clamping...pass
Running bc error file 28.txt with clamping...pass
Running bc error file 28.txt without clamping...pass
Running bc error file 28.txt through cat with clamping...pass
Running bc error file 28.txt through cat without clamping...pass
Running bc error file 29.txt with clamping...pass
Running bc error file 29.txt without clamping...pass
Running bc error file 29.txt through cat with clamping...pass
Running bc error file 29.txt through cat without clamping...pass
Running bc error file 30.txt with clamping...pass
Running bc error file 30.txt without clamping...pass
Running bc error file 30.txt through cat with clamping...pass
Running bc error file 30.txt through cat without clamping...pass
Running bc error file 31.txt with clamping...pass
Running bc error file 31.txt without clamping...pass
Running bc error file 31.txt through cat with clamping...pass
Running bc error file 31.txt through cat without clamping...pass
Running bc error file 32.txt with clamping...pass
Running bc error file 32.txt without clamping...pass
Running bc error file 32.txt through cat with clamping...pass
Running bc error file 32.txt through cat without clamping...pass
Running bc error file 33.txt with clamping...pass
Running bc error file 33.txt without clamping...pass
Running bc error file 33.txt through cat with clamping...pass
Running bc error file 33.txt through cat without clamping...pass
Running bc error file 34.txt with clamping...pass
Running bc error file 34.txt without clamping...pass
Running bc error file 34.txt through cat with clamping...pass
Running bc error file 34.txt through cat without clamping...pass
Running bc error file 35.txt with clamping...pass
Running bc error file 35.txt without clamping...pass
Running bc error file 35.txt through cat with clamping...pass
Running bc error file 35.txt through cat without clamping...pass
Running bc error file 36.txt with clamping...pass
Running bc error file 36.txt without clamping...pass
Running bc error file 36.txt through cat with clamping...pass
Running bc error file 36.txt through cat without clamping...pass
Running bc error file 37.txt with clamping...pass
Running bc error file 37.txt without clamping...pass
Running bc error file 37.txt through cat with clamping...pass
Running bc error file 37.txt through cat without clamping...pass
Running bc error file 38.txt with clamping...pass
Running bc error file 38.txt without clamping...pass
Running bc error file 38.txt through cat with clamping...pass
Running bc error file 38.txt through cat without clamping...pass
Running bc stdin tests...pass
Running bc read...pass
Running bc read multiple...pass
Running bc read errors...pass
Running bc empty read...pass
Running bc read EOF...pass

Running bc quit test...pass
Running bc environment var tests...pass
Running keyword redefinition test...pass
Running multiline comment expression file test...pass
Running multiline comment expression file error test...pass
Running multiline string expression file test...pass
Running multiline string expression file error test...pass
Running bc line length tests...pass
Running bc arg tests...pass
Running bc builtin variable arg tests...pass
Running bc directory test...pass
Running bc binary file test...pass
Running bc binary stdin test...pass
Running bc limits tests...pass

All bc tests passed.

***********************************************************************
Warning: ./tests/bc/scripts/timeconst.bc does not exist
Skipping...
***********************************************************************

Running dc tests...

Running dc decimal...pass
Running dc length...pass
Running dc stack_len...pass
Running dc exec_stack_len...pass
Running dc add...pass
Running dc subtract...pass
Running dc multiply...pass
Running dc divide...pass
Running dc modulus...pass
Running dc divmod...pass
Running dc power...pass
Running dc sqrt...pass
Running dc modexp...pass
Running dc boolean...pass
Running dc negate...pass
Running dc trunc...pass
Running dc places...pass
Running dc shift...pass
Running dc abs...pass
Running dc scientific...pass
Running dc engineering...pass
Running dc vars...pass
Running dc misc...pass
Running dc misc1...pass
Running dc strings...pass
Running dc rand...pass
Running dc is_number...pass
Running dc is_string...pass
Skipping dc script prime.dc
Running dc script asciify.dc...pass
Running dc script stream.dc...pass
Running dc script array.dc...pass
Running dc script else.dc...pass
Running dc script factorial.dc...pass
Running dc script loop.dc...pass
Running dc script quit.dc...pass
Running dc script weird.dc...pass
Running dc script no_clamp.dc...pass
Running dc command-line error tests...pass
Running dc errors...pass
Running dc error file 01.txt with clamping...pass
Running dc error file 01.txt without clamping...pass
Running dc error file 01.txt through cat with clamping...pass
Running dc error file 01.txt through cat without clamping...pass
Running dc error file 02.txt with clamping...pass
Running dc error file 02.txt without clamping...pass
Running dc error file 02.txt through cat with clamping...pass
Running dc error file 02.txt through cat without clamping...pass
Running dc error file 03.txt with clamping...pass
Running dc error file 03.txt without clamping...pass
Running dc error file 03.txt through cat with clamping...pass
Running dc error file 03.txt through cat without clamping...pass
Running dc error file 04.txt with clamping...pass
Running dc error file 04.txt without clamping...pass
Running dc error file 04.txt through cat with clamping...pass
Running dc error file 04.txt through cat without clamping...pass
Running dc error file 05.txt with clamping...pass
Running dc error file 05.txt without clamping...pass
Running dc error file 05.txt through cat with clamping...pass
Running dc error file 05.txt through cat without clamping...pass
Running dc error file 06.txt with clamping...pass
Running dc error file 06.txt without clamping...pass
Running dc error file 06.txt through cat with clamping...pass
Running dc error file 06.txt through cat without clamping...pass
Running dc error file 07.txt with clamping...pass
Running dc error file 07.txt without clamping...pass
Running dc error file 07.txt through cat with clamping...pass
Running dc error file 07.txt through cat without clamping...pass
Running dc error file 08.txt with clamping...pass
Running dc error file 08.txt without clamping...pass
Running dc error file 08.txt through cat with clamping...pass
Running dc error file 08.txt through cat without clamping...pass
Running dc error file 09.txt with clamping...pass
Running dc error file 09.txt without clamping...pass
Running dc error file 09.txt through cat with clamping...pass
Running dc error file 09.txt through cat without clamping...pass
Running dc error file 10.txt with clamping...pass
Running dc error file 10.txt without clamping...pass
Running dc error file 10.txt through cat with clamping...pass
Running dc error file 10.txt through cat without clamping...pass
Running dc error file 11.txt with clamping...pass
Running dc error file 11.txt without clamping...pass
Running dc error file 11.txt through cat with clamping...pass
Running dc error file 11.txt through cat without clamping...pass
Running dc error file 12.txt with clamping...pass
Running dc error file 12.txt without clamping...pass
Running dc error file 12.txt through cat with clamping...pass
Running dc error file 12.txt through cat without clamping...pass
Running dc error file 13.txt with clamping...pass
Running dc error file 13.txt without clamping...pass
Running dc error file 13.txt through cat with clamping...pass
Running dc error file 13.txt through cat without clamping...pass
Running dc error file 14.txt with clamping...pass
Running dc error file 14.txt without clamping...pass
Running dc error file 14.txt through cat with clamping...pass
Running dc error file 14.txt through cat without clamping...pass
Running dc error file 15.txt with clamping...pass
Running dc error file 15.txt without clamping...pass
Running dc error file 15.txt through cat with clamping...pass
Running dc error file 15.txt through cat without clamping...pass
Running dc error file 16.txt with clamping...pass
Running dc error file 16.txt without clamping...pass
Running dc error file 16.txt through cat with clamping...pass
Running dc error file 16.txt through cat without clamping...pass
Running dc error file 17.txt with clamping...pass
Running dc error file 17.txt without clamping...pass
Running dc error file 17.txt through cat with clamping...pass
Running dc error file 17.txt through cat without clamping...pass
Running dc error file 18.txt with clamping...pass
Running dc error file 18.txt without clamping...pass
Running dc error file 18.txt through cat with clamping...pass
Running dc error file 18.txt through cat without clamping...pass
Running dc error file 19.txt with clamping...pass
Running dc error file 19.txt without clamping...pass
Running dc error file 19.txt through cat with clamping...pass
Running dc error file 19.txt through cat without clamping...pass
Running dc error file 20.txt with clamping...pass
Running dc error file 20.txt without clamping...pass
Running dc error file 20.txt through cat with clamping...pass
Running dc error file 20.txt through cat without clamping...pass
Running dc error file 21.txt with clamping...pass
Running dc error file 21.txt without clamping...pass
Running dc error file 21.txt through cat with clamping...pass
Running dc error file 21.txt through cat without clamping...pass
Running dc error file 22.txt with clamping...pass
Running dc error file 22.txt without clamping...pass
Running dc error file 22.txt through cat with clamping...pass
Running dc error file 22.txt through cat without clamping...pass
Running dc error file 23.txt with clamping...pass
Running dc error file 23.txt without clamping...pass
Running dc error file 23.txt through cat with clamping...pass
Running dc error file 23.txt through cat without clamping...pass
Running dc error file 24.txt with clamping...pass
Running dc error file 24.txt without clamping...pass
Running dc error file 24.txt through cat with clamping...pass
Running dc error file 24.txt through cat without clamping...pass
Running dc error file 25.txt with clamping...pass
Running dc error file 25.txt without clamping...pass
Running dc error file 25.txt through cat with clamping...pass
Running dc error file 25.txt through cat without clamping...pass
Running dc error file 26.txt with clamping...pass
Running dc error file 26.txt without clamping...pass
Running dc error file 26.txt through cat with clamping...pass
Running dc error file 26.txt through cat without clamping...pass
Running dc error file 27.txt with clamping...pass
Running dc error file 27.txt without clamping...pass
Running dc error file 27.txt through cat with clamping...pass
Running dc error file 27.txt through cat without clamping...pass
Running dc error file 28.txt with clamping...pass
Running dc error file 28.txt without clamping...pass
Running dc error file 28.txt through cat with clamping...pass
Running dc error file 28.txt through cat without clamping...pass
Running dc error file 29.txt with clamping...pass
Running dc error file 29.txt without clamping...pass
Running dc error file 29.txt through cat with clamping...pass
Running dc error file 29.txt through cat without clamping...pass
Running dc error file 30.txt with clamping...pass
Running dc error file 30.txt without clamping...pass
Running dc error file 30.txt through cat with clamping...pass
Running dc error file 30.txt through cat without clamping...pass
Running dc error file 31.txt with clamping...pass
Running dc error file 31.txt without clamping...pass
Running dc error file 31.txt through cat with clamping...pass
Running dc error file 31.txt through cat without clamping...pass
Running dc error file 32.txt with clamping...pass
Running dc error file 32.txt without clamping...pass
Running dc error file 32.txt through cat with clamping...pass
Running dc error file 32.txt through cat without clamping...pass
Running dc error file 33.txt with clamping...pass
Running dc error file 33.txt without clamping...pass
Running dc error file 33.txt through cat with clamping...pass
Running dc error file 33.txt through cat without clamping...pass
Running dc stdin tests...pass
Running dc read...pass
Running dc read multiple...pass
Running dc read errors...pass
Running dc empty read...pass
Running dc read EOF...pass

Running dc quit test...pass
Running dc environment var tests...pass
Running dc Easter script...pass
Running dc extended register command tests...pass
Running dc line length tests...pass
Running dc arg tests...pass
Running dc builtin variable arg tests...pass
Running dc directory test...pass
Running dc binary file test...pass
Running dc binary stdin test...pass

All dc tests passed.

***********************************************************************
+ RPM_EC=0
++ jobs -p
+ exit 0
Processing files: bc-7.0.3-1.m264.x86_64
Provides: bc = 7.0.3-1.m264 bc(x86-64) = 7.0.3-1.m264
Requires(rpmlib): rpmlib(LargeFiles) <= 4.12.0-1
Requires: libc.so.6()(64bit) libc.so.6(GLIBC_2.14)(64bit) libc.so.6(GLIBC_2.2.5)(64bit) libc.so.6(GLIBC_2.3)(64bit) libc.so.6(GLIBC_2.33)(64bit) libc.so.6(GLIBC_2.34)(64bit) libc.so.6(GLIBC_2.4)(64bit) libreadline.so.8()(64bit) rtld(GNU_HASH)
Checking for unpackaged file(s): /usr/lib/rpm/check-files /workspace/BUILD/bc-7.0.3-build/BUILDROOT
Wrote: /workspace/SRPMS/bc-7.0.3-1.m264.src.rpm
Wrote: /workspace/RPMS/x86_64/bc-7.0.3-1.m264.x86_64.rpm
Executing(rmbuild): /bin/sh -e /var/tmp/rpm-tmp.T0aON0
+ umask 022
+ cd /workspace/BUILD/bc-7.0.3-build
+ test -d /workspace/BUILD/bc-7.0.3-build
+ /usr/bin/chmod -Rf a+rX,u+w,g-w,o-w /workspace/BUILD/bc-7.0.3-build
+ rm -rf /workspace/BUILD/bc-7.0.3-build
+ RPM_EC=0
++ jobs -p
+ exit 0

Desmontando...
Listo.
jue 09 abr 2026 17:47:26 -04: SUCCESS
