jue 09 abr 2026 18:43:55 -04: Building busybox-symlinks
Rootfs:   /run/media/glats/maquilinux
Workspace: /home/glats/Work/maquilinux

Montando filesystems virtuales...
Executing(%mkbuilddir): /bin/sh -e /var/tmp/rpm-tmp.KC6EA0
Executing(%prep): /bin/sh -e /var/tmp/rpm-tmp.4qzujp
+ umask 022
+ cd /workspace/BUILD/busybox-symlinks-1.36.1-build
+ RPM_EC=0
++ jobs -p
+ exit 0
Executing(%build): /bin/sh -e /var/tmp/rpm-tmp.T5irNl
+ umask 022
+ cd /workspace/BUILD/busybox-symlinks-1.36.1-build
+ RPM_EC=0
++ jobs -p
+ exit 0
Executing(%install): /bin/sh -e /var/tmp/rpm-tmp.we3Zms
+ umask 022
+ cd /workspace/BUILD/busybox-symlinks-1.36.1-build
+ /usr/bin/rm -rf /workspace/BUILD/busybox-symlinks-1.36.1-build/BUILDROOT
+ /usr/bin/mkdir -p /workspace/BUILD/busybox-symlinks-1.36.1-build
+ /usr/bin/mkdir /workspace/BUILD/busybox-symlinks-1.36.1-build/BUILDROOT
+ mkdir -p /workspace/BUILD/busybox-symlinks-1.36.1-build/BUILDROOT/usr/bin
+ ln -sf /bin/busybox /workspace/BUILD/busybox-symlinks-1.36.1-build/BUILDROOT/usr/bin/cpio
+ /usr/lib/rpm/brp-compress /usr
+ /usr/lib/rpm/brp-strip /usr/bin/strip
+ /usr/lib/rpm/brp-strip-static-archive /usr/bin/strip
+ /usr/lib/rpm/brp-strip-comment-note /usr/bin/strip /usr/bin/objdump
+ /usr/lib/rpm/brp-remove-la-files
Processing files: busybox-symlinks-1.36.1-1.m264.x86_64
warning: absolute symlink: /usr/bin/cpio -> /bin/busybox
Provides: /usr/bin/cpio busybox-symlinks = 1.36.1-1.m264 busybox-symlinks(x86-64) = 1.36.1-1.m264 cpio = 1.36.1
Requires(rpmlib): rpmlib(LargeFiles) <= 4.12.0-1
Checking for unpackaged file(s): /usr/lib/rpm/check-files /workspace/BUILD/busybox-symlinks-1.36.1-build/BUILDROOT
Wrote: /workspace/SRPMS/busybox-symlinks-1.36.1-1.m264.src.rpm
Wrote: /workspace/RPMS/x86_64/busybox-symlinks-1.36.1-1.m264.x86_64.rpm
Executing(rmbuild): /bin/sh -e /var/tmp/rpm-tmp.QQXgkz
+ umask 022
+ cd /workspace/BUILD/busybox-symlinks-1.36.1-build
+ test -d /workspace/BUILD/busybox-symlinks-1.36.1-build
+ /usr/bin/chmod -Rf a+rX,u+w,g-w,o-w /workspace/BUILD/busybox-symlinks-1.36.1-build
+ rm -rf /workspace/BUILD/busybox-symlinks-1.36.1-build
+ RPM_EC=0
++ jobs -p
+ exit 0

RPM build warnings:
    absolute symlink: /usr/bin/cpio -> /bin/busybox

Desmontando...
Listo.
jue 09 abr 2026 18:43:55 -04: SUCCESS
