jue 09 abr 2026 17:47:26 -04: Building diffutils
Rootfs:   /run/media/glats/maquilinux
Workspace: /home/glats/Work/maquilinux

Montando filesystems virtuales...
Executing(%mkbuilddir): /bin/sh -e /var/tmp/rpm-tmp.YSm4Cq
Executing(%prep): /bin/sh -e /var/tmp/rpm-tmp.024vC4
+ umask 022
+ cd /workspace/BUILD/diffutils-3.12-build
+ cd /workspace/BUILD/diffutils-3.12-build
+ rm -rf diffutils-3.12
+ /usr/lib/rpm/rpmuncompress -x /workspace/SOURCES/diffutils-3.12.tar.xz
+ STATUS=0
+ '[' 0 -ne 0 ']'
+ cd diffutils-3.12
+ /usr/bin/chmod -Rf a+rX,u+w,g-w,o-w .
+ RPM_EC=0
++ jobs -p
+ exit 0
Executing(%build): /bin/sh -e /var/tmp/rpm-tmp.4C9FxS
+ umask 022
+ cd /workspace/BUILD/diffutils-3.12-build
+ cd diffutils-3.12
+ ./configure --prefix=/usr
checking for a BSD-compatible install... /usr/bin/install -c
checking whether sleep supports fractional seconds... yes
checking filesystem timestamp resolution... 0.01
checking whether build environment is sane... yes
checking for a race-free mkdir -p... /usr/bin/mkdir -p
checking for gawk... gawk
checking whether make sets $(MAKE)... yes
checking whether make supports nested variables... yes
checking xargs -n works... yes
checking for gawk... (cached) gawk
checking for gcc... gcc
checking whether the C compiler works... yes
checking for C compiler default output file name... a.out
checking for suffix of executables... 
checking whether we are cross compiling... no
checking for suffix of object files... o
checking whether the compiler supports GNU C... yes
checking whether gcc accepts -g... yes
checking for gcc option to enable C23 features... none needed
checking whether gcc understands -c and -o together... yes
checking whether the compiler is clang... no
checking for compiler option needed when checking for declarations... none
checking whether make supports the include directive... yes (GNU style)
checking dependency style of gcc... gcc3
checking for ranlib... ranlib
checking for stdio.h... yes
checking for stdlib.h... yes
checking for string.h... yes
checking for inttypes.h... yes
checking for stdint.h... yes
checking for strings.h... yes
checking for sys/stat.h... yes
checking for sys/types.h... yes
checking for unistd.h... yes
checking for wchar.h... yes
checking for minix/config.h... no
checking for stdbool.h... yes
checking for uchar.h... yes
checking for sys/param.h... yes
checking for sys/socket.h... yes
checking for dirent.h... yes
checking for error.h... yes
checking for fnmatch.h... yes
checking for getopt.h... yes
checking for sys/time.h... yes
checking for threads.h... yes
checking for limits.h... yes
checking for crtdefs.h... no
checking for wctype.h... yes
checking for langinfo.h... yes
checking for xlocale.h... no
checking for sys/mman.h... yes
checking for pthread.h... yes
checking for malloc.h... yes
checking for stdbit.h... yes
checking for stdckdint.h... yes
checking for sys/random.h... yes
checking for sys/wait.h... yes
checking for features.h... yes
checking for arpa/inet.h... yes
checking for netdb.h... yes
checking for netinet/in.h... yes
checking for math.h... yes
checking for priv.h... no
checking for sys/select.h... yes
checking for semaphore.h... yes
checking for sys/ioctl.h... yes
checking for sys/un.h... yes
checking for sys/uio.h... yes
checking for vfork.h... no
checking whether it is safe to define __EXTENSIONS__... yes
checking whether _XOPEN_SOURCE should be defined... no
checking build system type... x86_64-pc-linux-gnu
checking host system type... x86_64-pc-linux-gnu
checking how to run the C preprocessor... gcc -E
checking for egrep -e... /usr/bin/grep -E
checking for Minix Amsterdam compiler... no
checking for ar... ar
checking for gcc option to support large files... none needed
checking for gcc option to support timestamps after 2038... none needed
checking for size_t... yes
checking for working alloca.h... yes
checking for alloca... yes
checking whether the preprocessor supports include_next... yes
checking whether source code line length is unlimited... yes
checking for wint_t... yes
checking whether wint_t is large enough... yes
checking whether <wchar.h> uses 'inline' correctly... yes
checking for btowc... yes
checking for mbrtowc... yes
checking for mbsinit... yes
checking for _set_invalid_parameter_handler... no
checking for fchdir... yes
checking for fcntl... yes
checking for symlink... yes
checking for fdopendir... yes
checking for fnmatch... yes
checking for mbsrtowcs... yes
checking for fstatat... yes
checking for getdtablesize... yes
checking for getexecname... no
checking for gettimeofday... yes
checking for isblank... yes
checking for iswcntrl... yes
checking for lstat... yes
checking for mprotect... yes
checking for mkstemp... yes
checking for strftime_z... no
checking for openat... yes
checking for pclose... yes
checking for popen... yes
checking for readlink... yes
checking for iswctype... yes
checking for setenv... yes
checking for sigaction... yes
checking for sigaltstack... yes
checking for siginterrupt... yes
checking for setrlimit... yes
checking for getrlimit... yes
checking for __xpg_strerror_r... yes
checking for strptime... yes
checking for strtoimax... yes
checking for localtime_r... yes
checking for wcrtomb... yes
checking for wcwidth... yes
checking for pipe... yes
checking for pselect... yes
checking for pthread_sigmask... yes
checking for sleep... yes
checking for snprintf... yes
checking for shutdown... yes
checking for unlinkat... yes
checking for vasnprintf... no
checking for wctob... yes
checking for sigprocmask... yes
checking for fork... yes
checking for vfork... yes
checking for nl_langinfo and CODESET... yes
checking for a traditional french locale... none
checking for ld used by gcc... /usr/bin/ld
checking if the linker (/usr/bin/ld) is GNU ld... yes
checking for shared library run path origin... done
checking 32-bit host C ABI... no
checking for ELF binary format... yes
checking for the common suffixes of directories in the library search path... lib,lib,lib64
checking whether char8_t is correctly defined... yes
checking whether char16_t is correctly defined... yes
checking whether char32_t is correctly defined... yes
checking for bit size of wchar_t... 32
checking for mbstate_t... yes
checking for a traditional japanese locale... none
checking for an english Unicode locale... none
checking for a transitional chinese locale... none
checking whether mbrtowc handles incomplete characters... guessing yes
checking whether mbrtowc works as well as mbtowc... guessing yes
checking for gcc options needed to detect all undeclared functions... none needed
checking whether mbrtoc32 is declared... yes
checking for mbrtoc32... yes
checking whether mbrtoc32 works as well as mbrtowc... guessing yes
checking whether c32rtomb is declared... yes
checking for c32rtomb... yes
checking whether c32rtomb works as well as wcrtomb... guessing yes
checking whether malloc is ptrdiff_t safe... yes
checking whether malloc, realloc, calloc set errno on failure... yes
checking for C/C++ restrict keyword... __restrict__
checking if environ is properly declared... yes
checking for complete errno.h... yes
checking for error... yes
checking whether error_at_line is declared... yes
checking for error_at_line... yes
checking for working error function... yes
checking whether strerror_r is declared... yes
checking whether strerror_r returns char *... yes
checking whether ctype.h defines __header_inline... no
checking whether fchdir is declared... yes
checking for working fcntl.h... yes
checking for pid_t... yes
checking for mode_t... yes
checking for mempcpy... yes
checking whether fopen recognizes a trailing slash... yes
checking whether fflush works on input streams... yes
checking whether fclose works on input streams... yes
checking whether stat file-mode macros are broken... no
checking for nlink_t... yes
checking whether lstat correctly handles trailing slash... yes
checking whether getcwd (NULL, 0) allocates memory for result... yes
checking for getcwd with POSIX signature... yes
checking whether getdtablesize is declared... yes
checking for getopt.h... (cached) yes
checking for getopt_long_only... yes
checking whether getopt is POSIX compatible... yes
checking for working GNU getopt function... yes
checking for working GNU getopt_long function... yes
checking for glibc-compatible sys/cdefs.h... yes
checking whether timespec_get is declared... yes
checking for timespec_get... yes
checking for struct timeval... yes
checking for wide-enough struct timeval.tv_sec member... yes
checking for pthread.h... (cached) yes
checking for pthread_kill in -lpthread... yes
checking whether POSIX threads API is available... yes
checking whether setlocale (LC_ALL, NULL) is multithread-safe... yes
checking whether setlocale (category, NULL) is multithread-safe... yes
checking host CPU and C ABI... x86_64
checking for inline... inline
checking whether limits.h has WORD_BIT, BOOL_WIDTH etc.... yes
checking whether limits.h has SSIZE_MAX... yes
checking whether the compiler produces multi-arch binaries... no
checking whether stdint.h conforms to C99... yes
checking whether stdint.h works without ISO C predefines... yes
checking whether stdint.h has UINTMAX_WIDTH etc.... yes
checking whether INT32_MAX < INTMAX_MAX... yes
checking whether INT64_MAX == LONG_MAX... yes
checking whether UINT32_MAX < UINTMAX_MAX... yes
checking whether UINT64_MAX == ULONG_MAX... yes
checking whether iswcntrl works... yes
checking for towlower... yes
checking for wctype_t... yes
checking for wctrans_t... yes
checking whether wctype supports the "blank" and "punct" character classes... yes
checking whether langinfo.h defines CODESET... yes
checking whether langinfo.h defines T_FMT_AMPM... yes
checking whether langinfo.h defines ALTMON_1... yes
checking whether langinfo.h defines ABALTMON_1... no
checking whether langinfo.h defines ERA... yes
checking whether langinfo.h defines YESEXPR... yes
checking for good max_align_t... yes
checking whether NULL can be used in arbitrary expressions... yes
checking for unreachable... yes
checking whether nullptr_t needs <stddef.h>... yes
checking for clean definition of __STDC_VERSION_STDDEF_H__... no
checking whether locale.h defines locale_t... yes
checking whether locale.h defines _locale_t... no
checking whether locale.h conforms to POSIX:2001... yes
checking whether struct lconv is properly defined... yes
checking for LC_MESSAGES... yes
checking whether imported symbols can be declared weak... yes
checking for multithread API to use... posix
checking for a sed that does not truncate output... /usr/bin/sed
checking for grep that handles long lines and -e... /usr/bin/grep
checking whether malloc (0) returns nonnull... yes
checking for mmap... yes
checking for MAP_ANONYMOUS... yes
checking whether memchr works... yes
checking whether memrchr is declared... yes
checking whether <limits.h> defines MIN and MAX... no
checking whether <sys/param.h> defines MIN and MAX... yes
checking whether time_t is signed... yes
checking whether alarm is declared... yes
checking for working mktime... yes
checking for struct tm.tm_gmtoff... yes
checking for struct tm.tm_zone... yes
checking for O_CLOEXEC... yes
checking for promoted mode_t type... mode_t
checking for pthread_t... yes
checking for pthread_spinlock_t... yes
checking for pthread_spin_init... yes
checking for sigset_t... yes
checking whether realloc should abort upon undefined behaviour... no
checking for sched.h... yes
checking for struct sched_param... yes
checking whether setenv is declared... yes
checking whether _putenv is declared... no
checking for search.h... yes
checking for tsearch... yes
checking for uid_t... yes
checking for gid_t... yes
checking for volatile sig_atomic_t... yes
checking for sighandler_t... yes
checking whether byte ordering is bigendian... no
checking whether fcloseall is declared... yes
checking whether getw is declared... yes
checking whether putw is declared... yes
checking which flavor of printf attribute matches inttypes macros... system
checking whether ecvt is declared... yes
checking whether fcvt is declared... yes
checking whether gcvt is declared... yes
checking whether MB_CUR_MAX is correct... guessing yes
checking whether strdup is declared... yes
checking whether strerror(0) succeeds... yes
checking for strerror_r... yes
checking for strerror_r with POSIX signature... no
checking whether __xpg_strerror_r works... yes
checking whether strnlen is declared... yes
checking whether strtoimax is declared... yes
checking for off64_t... yes
checking for blksize_t... yes
checking for blkcnt_t... yes
checking for struct timespec in <time.h>... yes
checking for TIME_UTC in <time.h>... yes
checking whether execvpe is declared... yes
checking whether clearerr_unlocked is declared... yes
checking whether feof_unlocked is declared... yes
checking whether ferror_unlocked is declared... yes
checking whether fflush_unlocked is declared... yes
checking whether fgets_unlocked is declared... yes
checking whether fputc_unlocked is declared... yes
checking whether fputs_unlocked is declared... yes
checking whether fread_unlocked is declared... yes
checking whether fwrite_unlocked is declared... yes
checking whether getc_unlocked is declared... yes
checking whether getchar_unlocked is declared... yes
checking whether putc_unlocked is declared... yes
checking whether putchar_unlocked is declared... yes
checking whether unsetenv is declared... yes
checking whether wcsdup is declared... yes
checking for C compiler option to allow warnings... -Wno-error
checking whether <sys/socket.h> is self-contained... yes
checking for shutdown... (cached) yes
checking whether <sys/socket.h> defines the SHUT_* macros... yes
checking for struct sockaddr_storage... yes
checking for sa_family_t... yes
checking for struct sockaddr_storage.ss_family... yes
checking for a french Unicode locale... none
checking for a turkish Unicode locale... none
checking for IPv4 sockets... yes
checking for IPv6 sockets... yes
checking for off_t... yes
checking where to find the exponent in a 'double'... word 1 bit 20
checking where to find the exponent in a 'float'... word 0 bit 23
checking whether long double and double are the same... no
checking where to find the exponent in a 'long double'... word 2 bit 0
checking whether NAN macro works... yes
checking whether HUGE_VAL works... yes
checking whether <sys/select.h> is self-contained... yes
checking for library needed for semaphore functions... none
checking whether initstate is declared... yes
checking whether setstate is declared... yes
checking for library containing setsockopt... none needed
checking whether snprintf returns a byte count as in C99... yes
checking whether printf supports POSIX/XSI format strings with positions... yes
checking whether snprintf is declared... yes
checking whether <sys/ioctl.h> declares ioctl... yes
checking for inttypes.h... yes
checking for stdint.h... yes
checking for intmax_t... yes
checking whether snprintf truncates the result as in C99... yes
checking for wcslen... yes
checking for snprintf... (cached) yes
checking for strnlen... yes
checking for wcrtomb... (cached) yes
checking whether _snprintf is declared... no
checking for alloca as a compiler built-in... yes
checking for static_assert... yes, a keyword
checking for bool, true, false... yes
checking whether btowc(0) is correct... yes
checking whether btowc(EOF) is correct... guessing yes
checking whether btowc is consistent with mbrtowc in the C locale... no
checking for __builtin_expect... yes
checking whether calloc (0, n) and calloc (n, 0) return nonnull... yes
checking for readlinkat... yes
checking whether this system supports file names of any length... no
checking for library containing clock_gettime... none required
checking for clock_getres... yes
checking for clock_gettime... yes
checking for clock_settime... yes
checking for closedir... yes
checking for d_type member in directory struct... yes
checking for dirfd... yes
checking whether dirfd is declared... yes
checking whether dirfd is a macro... no
checking whether // is distinct from /... no
checking whether dup works... yes
checking whether dup2 works... yes
checking whether fcntl handles F_DUPFD correctly... yes
checking whether fcntl understands F_DUPFD_CLOEXEC... needs runtime check
checking whether fdopendir is declared... yes
checking whether fdopendir works... yes
checking for struct stat.st_blocks... yes
checking for mempcpy... (cached) yes
checking for flexible array member... yes
checking for working GNU fnmatch... yes
checking whether fopen supports the mode character 'x'... yes
checking whether fopen supports the mode character 'e'... yes
checking whether free is known to preserve errno... yes
checking whether freopen works on closed fds... yes
checking whether fstatat (..., 0) works... yes
checking whether getdtablesize works... yes
checking for getpagesize... yes
checking whether getpagesize is declared... yes
checking for getprogname... no
checking whether program_invocation_name is declared... yes
checking whether program_invocation_name is declared... (cached) yes
checking whether program_invocation_short_name is declared... yes
checking whether __argv is declared... no
checking for getrandom... yes
checking whether getrandom is compatible with its GNU+BSD signature... yes
checking for gettimeofday with POSIX signature... yes
checking whether the compiler generally respects inline... yes
checking for iswblank... yes
checking whether iswblank is declared... yes
checking whether iswdigit is ISO C compliant... guessing yes
checking whether iswpunct is consistent with ispunct... yes
checking whether iswxdigit is ISO C compliant... guessing yes
checking whether the compiler supports the __inline keyword... yes
checking whether localeconv works... yes
checking for pthread_rwlock_t... yes
checking whether pthread_rwlock_rdlock prefers a writer to a reader... no
checking whether mbrtoc32 works on empty input... yes
checking whether the C locale is free of encoding errors... no
checking whether mbrtoc32 works in an UTF-8 locale... yes
checking whether mbrtowc handles a NULL pwc argument... guessing yes
checking whether mbrtowc handles a NULL string argument... guessing yes
checking whether mbrtowc has a correct return value... guessing yes
checking whether mbrtowc returns 0 when parsing a NUL character... guessing yes
checking whether mbrtowc stores incomplete characters... guessing no
checking whether mbrtowc works on empty input... yes
checking whether the C locale is free of encoding errors... no
checking whether mbsrtowcs works... guessing yes
checking whether the C locale is free of encoding errors... (cached) no
checking for mbtowc... yes
checking for mempcpy... (cached) yes
checking for memrchr... yes
checking whether mkdir handles trailing slash... yes
checking whether mkdir handles trailing dot... yes
checking for working mkstemp... yes
checking for __mktime_internal... no
checking for nl_langinfo... yes
checking whether YESEXPR works... yes
checking for C nullptr... yes
checking whether open recognizes a trailing slash... yes
checking for opendir... yes
checking for Perl 5.005 or newer... perl
checking whether popen works with closed stdin... yes
checking whether program_invocation_name is declared... (cached) yes
checking whether program_invocation_short_name is declared... (cached) yes
checking for PTHREAD_CREATE_DETACHED... yes
checking for PTHREAD_MUTEX_RECURSIVE... yes
checking for PTHREAD_MUTEX_ROBUST... yes
checking for PTHREAD_PROCESS_SHARED... yes
checking whether pthread_once works... yes
checking for raise... yes
checking for sigprocmask... (cached) yes
checking for rawmemchr... yes
checking for readdir... yes
checking whether readlink signature is correct... yes
checking whether readlink handles trailing slash correctly... yes
checking whether readlink truncates results correctly... yes
checking for readlinkat... (cached) yes
checking whether readlinkat signature is correct... yes
checking whether realloc (..., 0) returns nonnull... no
checking for reallocarray... yes
checking for working re_compile_pattern... yes
checking whether setenv validates arguments... yes
checking for struct sigaction.sa_sigaction... yes
checking for sigprocmask... (cached) yes
checking for stack direction... grows down
checking for stack_t... yes
checking for working sigaltstack... yes
checking for correct stack_t interpretation... yes
checking for ssize_t... yes
checking whether stat handles trailing slashes on files... yes
checking for struct stat.st_atim.tv_nsec... yes
checking whether struct stat.st_atim is of type struct timespec... yes
checking for struct stat.st_birthtimespec.tv_nsec... no
checking for struct stat.st_birthtimensec... no
checking for struct stat.st_birthtim.tv_nsec... no
checking for va_copy... yes
checking for stpcpy... yes
checking for strcasecmp... yes
checking whether strcasecmp works... guessing yes
checking for working strerror function... yes
checking for strncasecmp... yes
checking whether strcasecmp works... (cached) guessing yes
checking whether strncasecmp is declared... yes
checking for working strnlen... yes
checking whether strtoimax works... yes
checking for strtoll... yes
checking whether strtoll works... yes
checking whether localtime_r is declared... yes
checking whether localtime_r is compatible with its POSIX signature... yes
checking whether localtime works even near extrema... yes
checking for timezone_t... no
checking for tzalloc... no
checking for timegm... yes
checking for unsetenv... yes
checking for unsetenv() return type... int
checking whether unsetenv obeys POSIX... yes
checking for variable-length arrays... yes
checking whether wcrtomb works in the C locale... yes
checking whether wcrtomb return value is correct... guessing yes
checking whether wcwidth is declared... yes
checking whether wcwidth works reasonably in UTF-8 locales... yes
checking for wmemchr... yes
checking for wmempcpy... yes
checking for alignas and alignof... yes, keywords
checking for atoll... yes
checking whether c32rtomb return value is correct... yes
checking whether fdopen sets errno... yes
checking whether float.h conforms to ISO C23... yes
checking whether conversion from 'int' to 'long double' works... yes
checking for ftruncate... yes
checking for duplocale... yes
checking for library containing inet_pton... none required
checking whether inet_pton is declared... yes
checking whether byte ordering is bigendian... (cached) no
checking for ioctl... yes
checking for ioctl with POSIX signature... no
checking whether isnan(double) can be used without linking with libm... yes
checking whether isnan(float) can be used without linking with libm... yes
checking whether isnan(float) works... yes
checking whether isnan(long double) can be used without linking with libm... yes
checking whether isnanl works... yes
checking for newlocale... yes
checking for library containing nanosleep... none required
checking for working nanosleep... no (mishandles large arguments)
checking whether <netinet/in.h> is self-contained... yes
checking for uselocale... yes
checking whether uselocale works... yes
checking whether perror matches strerror... yes
checking for getppriv... no
checking whether signature of pselect conforms to POSIX... yes
checking whether pselect detects invalid fds... yes
checking for pthread_mutexattr_getrobust... yes
checking for pthread_rwlock_init... yes
checking whether pthread_rwlock_timedrdlock is declared... yes
checking for reasonable pthread_rwlock wait queue handling... no
checking whether pthread_create exists as a global function... yes
checking whether pthread_mutex_timedlock is declared... yes
checking for pthread_mutex_timedlock... yes
checking whether pthread_sigmask is a macro... no
checking whether pthread_sigmask works without -lpthread... yes
checking whether pthread_sigmask returns error numbers... yes
checking whether pthread_sigmask unblocks signals correctly... guessing yes
checking for putenv compatible with GNU and SVID... yes
checking for random... yes
checking for initstate... yes
checking for setstate... yes
checking for random.h... no
checking for struct random_data... yes
checking for random_r... yes
checking whether rmdir works... yes
checking whether sched_yield is declared... yes
checking whether select supports a 0 argument... yes
checking whether select detects invalid fds... yes
checking for signbit macro... yes
checking for signbit compiler built-ins... yes
checking for stdint.h... (cached) yes
checking for SIZE_MAX... yes
checking whether sleep is declared... yes
checking for working sleep... yes
checking for snprintf... (cached) yes
checking whether snprintf respects a size of 1... yes
checking for socklen_t... yes
checking for catgets... yes
checking whether symlink handles trailing slash correctly... yes
checking for symlinkat... yes
checking whether symlinkat handles trailing slash correctly... yes
checking for IPv4 sockets... (cached) yes
checking for IPv6 sockets... (cached) yes
checking for UNIX domain sockets... yes
checking for pthread_atfork... yes
checking whether time() works... guessing no
checking for struct tm.tm_gmtoff... (cached) yes
checking for struct tm.tm_zone... (cached) yes
checking whether unlink honors trailing slashes... yes
checking whether unlink of a parent directory fails as it should... guessing yes
checking for ptrdiff_t... yes
checking whether wctob works... guessing yes
checking whether wctob is declared... yes
checking for stdint.h... (cached) yes
checking for inline... (cached) inline
checking for struct stat.st_rdev... yes
checking for dirent.h that defines DIR... yes
checking for library containing opendir... none required
checking for sys/wait.h that is POSIX.1 compatible... (cached) yes
checking for pid_t... (cached) yes
checking for working fork... yes
checking for working vfork... (cached) yes
checking whether O_PATH supports fstat... yes
checking for pr... /usr/bin/pr
checking whether NLS is requested... yes
checking for msgfmt... /usr/bin/msgfmt
checking for gmsgfmt... /usr/bin/msgfmt
checking for xgettext... /usr/bin/xgettext
checking for msgmerge... /usr/bin/msgmerge
checking for CFPreferencesCopyAppValue... no
checking for CFLocaleCopyCurrent... no
checking for GNU gettext in libc... yes
checking whether to use NLS... yes
checking where the gettext function comes from... libc
checking that generated files are newer than configure... done
configure: creating ./config.status
config.status: creating Makefile
config.status: creating doc/Makefile
config.status: creating lib/Makefile
config.status: creating src/Makefile
config.status: creating tests/Makefile
config.status: creating gnulib-tests/Makefile
config.status: creating man/Makefile
config.status: creating po/Makefile.in
config.status: creating lib/config.h
config.status: executing depfiles commands
config.status: executing po-directories commands
config.status: creating po/POTFILES
config.status: creating po/Makefile
+ make -j8
Making all in lib
make[1]: Entering directory '/workspace/BUILD/diffutils-3.12-build/diffutils-3.12/lib'
  GEN      alloca.h
  GEN      ctype.h
  GEN      dirent.h
  GEN      error.h
  GEN      fcntl.h
  GEN      malloc/dynarray-skeleton.gl.h
  GEN      malloc/dynarray.gl.h
  GEN      inttypes.h
  GEN      langinfo.h
  GEN      limits.h
  GEN      locale.h
  GEN      pthread.h
  GEN      sched.h
  GEN      signal.h
  GEN      stddef.h
  GEN      sigsegv.h
  GEN      stdlib.h
  GEN      stdio.h
  GEN      string.h
  GEN      sys/random.h
  GEN      strings.h
  GEN      sys/stat.h
  GEN      sys/time.h
  GEN      sys/types.h
  GEN      sys/wait.h
  GEN      time.h
  GEN      uchar.h
  GEN      unicase.h
  GEN      unictype.h
  GEN      uninorm.h
  GEN      unistd.h
  GEN      unitypes.h
  GEN      unistr.h
  GEN      uniwidth.h
  GEN      wchar.h
  GEN      wctype.h
make  all-am
make[2]: Entering directory '/workspace/BUILD/diffutils-3.12-build/diffutils-3.12/lib'
  CC       libdiffutils_a-allocator.o
  CC       libdiffutils_a-argmatch.o
  CC       libdiffutils_a-openat-proc.o
  CC       libdiffutils_a-basename-lgpl.o
  CC       libdiffutils_a-binary-io.o
  CC       libdiffutils_a-bitrotate.o
  CC       libdiffutils_a-btoc32.o
  CC       libdiffutils_a-btowc.o
  CC       libdiffutils_a-c-ctype.o
  CC       libdiffutils_a-c-file-type.o
  CC       libdiffutils_a-c-stack.o
  CC       libdiffutils_a-c-strcasecmp.o
  CC       libdiffutils_a-c32_apply_type_test.o
  CC       libdiffutils_a-c32_get_type_test.o
  CC       libdiffutils_a-c32isalnum.o
  CC       libdiffutils_a-c32isalpha.o
  CC       libdiffutils_a-c32isblank.o
  CC       libdiffutils_a-c32iscntrl.o
  CC       libdiffutils_a-c32isdigit.o
  CC       libdiffutils_a-c32isgraph.o
  CC       libdiffutils_a-c32islower.o
  CC       libdiffutils_a-c32isprint.o
  CC       libdiffutils_a-c32ispunct.o
  CC       libdiffutils_a-c32isupper.o
  CC       libdiffutils_a-c32isspace.o
  CC       libdiffutils_a-c32isxdigit.o
  CC       libdiffutils_a-c32tolower.o
  CC       libdiffutils_a-c32width.o
  CC       libdiffutils_a-careadlinkat.o
  CC       libdiffutils_a-chdir-long.o
  CC       libdiffutils_a-cloexec.o
  CC       libdiffutils_a-dirname.o
  CC       libdiffutils_a-basename.o
  CC       libdiffutils_a-dirname-lgpl.o
  CC       libdiffutils_a-stripslash.o
  CC       libdiffutils_a-exclude.o
  CC       libdiffutils_a-exitfail.o
  CC       libdiffutils_a-fcntl.o
  CC       libdiffutils_a-fd-hook.o
  CC       libdiffutils_a-filenamecat.o
  CC       libdiffutils_a-filenamecat-lgpl.o
  CC       libdiffutils_a-getprogname.o
  CC       libdiffutils_a-gettime.o
  CC       libdiffutils_a-hard-locale.o
  CC       libdiffutils_a-hash.o
  CC       libdiffutils_a-ialloc.o
  CC       libdiffutils_a-localcharset.o
  CC       libdiffutils_a-malloca.o
  CC       libdiffutils_a-mbrtoc32.o
  CC       libdiffutils_a-mbrtowc.o
  CC       libdiffutils_a-mbscasecmp.o
  CC       libdiffutils_a-mbsrtoc32s.o
  CC       libdiffutils_a-mbsrtowcs.o
  CC       libdiffutils_a-mbszero.o
  CC       libdiffutils_a-mcel.o
  CC       libdiffutils_a-nl_langinfo.o
  CC       libdiffutils_a-nstrftime.o
  CC       glthread/libdiffutils_a-once.o
  CC       libdiffutils_a-openat-die.o
  CC       libdiffutils_a-progname.o
  CC       libdiffutils_a-propername-lite.o
  CC       libdiffutils_a-quotearg.o
  CC       libdiffutils_a-realloc.o
  CC       libdiffutils_a-reallocarray.o
  CC       libdiffutils_a-same-inode.o
  CC       libdiffutils_a-save-cwd.o
  CC       libdiffutils_a-setlocale_null.o
  CC       libdiffutils_a-setlocale_null-unlocked.o
  CC       libdiffutils_a-sh-quote.o
  CC       libdiffutils_a-sig-handler.o
  CC       libdiffutils_a-sigsegv.o
  CC       libdiffutils_a-stackvma.o
  CC       libdiffutils_a-stat-time.o
  CC       libdiffutils_a-stdlib.o
  CC       libdiffutils_a-stdopen.o
  CC       libdiffutils_a-strnlen1.o
  CC       libdiffutils_a-system-quote.o
  CC       libdiffutils_a-tempname.o
  CC       glthread/libdiffutils_a-threadlib.o
  CC       libdiffutils_a-time_rz.o
  CC       libdiffutils_a-timespec.o
  CC       libdiffutils_a-unistd.o
  CC       libdiffutils_a-version-etc.o
  CC       libdiffutils_a-version-etc-fsf.o
  CC       libdiffutils_a-wctype-h.o
  CC       libdiffutils_a-xmalloc.o
  CC       libdiffutils_a-xalloc-die.o
  CC       libdiffutils_a-xfreopen.o
  CC       libdiffutils_a-xmalloca.o
  CC       libdiffutils_a-xstdopen.o
  CC       libdiffutils_a-xstrtoimax.o
  CC       libdiffutils_a-xstrtol.o
  CC       libdiffutils_a-xstrtoul.o
  CC       libdiffutils_a-cmpbuf.o
  CC       libdiffutils_a-diagnose.o
  CC       libdiffutils_a-mbsrtoc32s-state.o
  CC       libdiffutils_a-mbsrtowcs-state.o
  CC       libdiffutils_a-mktime.o
  CC       malloc/libdiffutils_a-dynarray_emplace_enlarge.o
  CC       malloc/libdiffutils_a-dynarray_at_failure.o
  CC       malloc/libdiffutils_a-dynarray_finalize.o
  CC       malloc/libdiffutils_a-dynarray_resize.o
  CC       malloc/libdiffutils_a-dynarray_resize_clear.o
  CC       glthread/libdiffutils_a-lock.o
  CC       unicase/libdiffutils_a-tolower.o
  CC       unictype/libdiffutils_a-ctype_alnum.o
  CC       unictype/libdiffutils_a-ctype_alpha.o
  CC       unictype/libdiffutils_a-ctype_blank.o
  CC       unictype/libdiffutils_a-ctype_cntrl.o
  CC       unictype/libdiffutils_a-ctype_digit.o
  CC       unictype/libdiffutils_a-ctype_graph.o
  CC       unictype/libdiffutils_a-ctype_lower.o
  CC       unictype/libdiffutils_a-ctype_print.o
  CC       unictype/libdiffutils_a-ctype_punct.o
  CC       unictype/libdiffutils_a-ctype_space.o
  CC       unictype/libdiffutils_a-ctype_upper.o
  CC       unictype/libdiffutils_a-ctype_xdigit.o
  CC       unistr/libdiffutils_a-u32-chr.o
  CC       unistr/libdiffutils_a-u32-cpy.o
  CC       unistr/libdiffutils_a-u32-pcpy.o
  CC       unistr/libdiffutils_a-u32-strcat.o
  CC       unistr/libdiffutils_a-u32-strlen.o
  CC       uniwidth/libdiffutils_a-width.o
  AR       libdiffutils.a
make[2]: Leaving directory '/workspace/BUILD/diffutils-3.12-build/diffutils-3.12/lib'
make[1]: Leaving directory '/workspace/BUILD/diffutils-3.12-build/diffutils-3.12/lib'
Making all in src
make[1]: Entering directory '/workspace/BUILD/diffutils-3.12-build/diffutils-3.12/src'
  GEN      paths.h
  GEN      version.c
  GEN      version.h
make  all-am
make[2]: Entering directory '/workspace/BUILD/diffutils-3.12-build/diffutils-3.12/src'
  CC       cmp.o
  CC       system.o
  CC       version.o
  CC       analyze.o
  CC       context.o
  CC       diff.o
  CC       dir.o
  CC       ed.o
  CC       ifdef.o
  CC       io.o
  CC       normal.o
  CC       side.o
  CC       util.o
  CC       diff3.o
  CC       sdiff.o
  AR       libver.a
  CCLD     cmp
  CCLD     sdiff
  CCLD     diff3
  CCLD     diff
make[2]: Leaving directory '/workspace/BUILD/diffutils-3.12-build/diffutils-3.12/src'
make[1]: Leaving directory '/workspace/BUILD/diffutils-3.12-build/diffutils-3.12/src'
Making all in tests
make[1]: Entering directory '/workspace/BUILD/diffutils-3.12-build/diffutils-3.12/tests'
make[1]: Nothing to be done for 'all'.
make[1]: Leaving directory '/workspace/BUILD/diffutils-3.12-build/diffutils-3.12/tests'
Making all in doc
make[1]: Entering directory '/workspace/BUILD/diffutils-3.12-build/diffutils-3.12/doc'
make[1]: Nothing to be done for 'all'.
make[1]: Leaving directory '/workspace/BUILD/diffutils-3.12-build/diffutils-3.12/doc'
Making all in man
make[1]: Entering directory '/workspace/BUILD/diffutils-3.12-build/diffutils-3.12/man'
make[1]: Nothing to be done for 'all'.
make[1]: Leaving directory '/workspace/BUILD/diffutils-3.12-build/diffutils-3.12/man'
Making all in po
make[1]: Entering directory '/workspace/BUILD/diffutils-3.12-build/diffutils-3.12/po'
make[1]: Nothing to be done for 'all'.
make[1]: Leaving directory '/workspace/BUILD/diffutils-3.12-build/diffutils-3.12/po'
Making all in gnulib-tests
make[1]: Entering directory '/workspace/BUILD/diffutils-3.12-build/diffutils-3.12/gnulib-tests'
  GEN      arpa/inet.h
  GEN      math.h
  GEN      sys/ioctl.h
  GEN      sys/select.h
  GEN      sys/socket.h
  GEN      sys/uio.h
## ---------------------------------------------------- ##
## ------------------- Gnulib tests ------------------- ##
## You can ignore compiler warnings in this directory.  ##
## ---------------------------------------------------- ##
make  all-recursive
make[2]: Entering directory '/workspace/BUILD/diffutils-3.12-build/diffutils-3.12/gnulib-tests'
Making all in .
make[3]: Entering directory '/workspace/BUILD/diffutils-3.12-build/diffutils-3.12/gnulib-tests'
  CC       locale.o
  CC       arpa_inet.o
  CC       c-strcasestr.o
  CC       c-strncasecmp.o
  CC       c32tob.o
  CC       concat-filename.o
  CC       hash-pjw.o
  CC       dtotimespec.o
  CC       imaxtostr.o
  CC       inttostr.o
  CC       offtostr.o
  CC       uinttostr.o
  CC       umaxtostr.o
  CC       ioctl.o
  CC       math.o
  CC       nanosleep.o
  CC       priv-set.o
  CC       pthread-rwlock.o
  CC       sockets.o
  CC       sys_socket.o
  CC       str_startswith.o
  CC       time.o
  CC       timespec-add.o
  CC       timespec-sub.o
  CC       unlinkdir.o
  CC       vsnzprintf.o
  CC       xconcat-filename.o
  CC       xgetcwd.o
  CC       xsize.o
  CC       xstrtol-error.o
  CC       asnprintf.o
  CC       printf-args.o
  CC       printf-parse.o
  CC       strerror_r.o
  CC       vasnprintf.o
  CC       test-localcharset.o
  CC       glthread/thread.o
  CC       unistr/u32-set.o
  AR       libtests.a
  CCLD     current-locale
  CCLD     test-localcharset
make[3]: Leaving directory '/workspace/BUILD/diffutils-3.12-build/diffutils-3.12/gnulib-tests'
make[2]: Leaving directory '/workspace/BUILD/diffutils-3.12-build/diffutils-3.12/gnulib-tests'
make[1]: Leaving directory '/workspace/BUILD/diffutils-3.12-build/diffutils-3.12/gnulib-tests'
make[1]: Entering directory '/workspace/BUILD/diffutils-3.12-build/diffutils-3.12'
make[1]: Nothing to be done for 'all-am'.
make[1]: Leaving directory '/workspace/BUILD/diffutils-3.12-build/diffutils-3.12'
+ RPM_EC=0
++ jobs -p
+ exit 0
Executing(%install): /bin/sh -e /var/tmp/rpm-tmp.Urvmkv
+ umask 022
+ cd /workspace/BUILD/diffutils-3.12-build
+ /usr/bin/rm -rf /workspace/BUILD/diffutils-3.12-build/BUILDROOT
+ /usr/bin/mkdir -p /workspace/BUILD/diffutils-3.12-build
+ /usr/bin/mkdir /workspace/BUILD/diffutils-3.12-build/BUILDROOT
+ cd diffutils-3.12
+ rm -rf /workspace/BUILD/diffutils-3.12-build/BUILDROOT
+ make DESTDIR=/workspace/BUILD/diffutils-3.12-build/BUILDROOT install
Making install in lib
make[1]: Entering directory '/workspace/BUILD/diffutils-3.12-build/diffutils-3.12/lib'
make  install-am
make[2]: Entering directory '/workspace/BUILD/diffutils-3.12-build/diffutils-3.12/lib'
make[3]: Entering directory '/workspace/BUILD/diffutils-3.12-build/diffutils-3.12/lib'
make[3]: Nothing to be done for 'install-exec-am'.
make[3]: Nothing to be done for 'install-data-am'.
make[3]: Leaving directory '/workspace/BUILD/diffutils-3.12-build/diffutils-3.12/lib'
make[2]: Leaving directory '/workspace/BUILD/diffutils-3.12-build/diffutils-3.12/lib'
make[1]: Leaving directory '/workspace/BUILD/diffutils-3.12-build/diffutils-3.12/lib'
Making install in src
make[1]: Entering directory '/workspace/BUILD/diffutils-3.12-build/diffutils-3.12/src'
make  install-am
make[2]: Entering directory '/workspace/BUILD/diffutils-3.12-build/diffutils-3.12/src'
make[3]: Entering directory '/workspace/BUILD/diffutils-3.12-build/diffutils-3.12/src'
 /usr/bin/mkdir -p '/workspace/BUILD/diffutils-3.12-build/BUILDROOT/usr/bin'
  /usr/bin/install -c cmp diff diff3 sdiff '/workspace/BUILD/diffutils-3.12-build/BUILDROOT/usr/bin'
make[3]: Nothing to be done for 'install-data-am'.
make[3]: Leaving directory '/workspace/BUILD/diffutils-3.12-build/diffutils-3.12/src'
make[2]: Leaving directory '/workspace/BUILD/diffutils-3.12-build/diffutils-3.12/src'
make[1]: Leaving directory '/workspace/BUILD/diffutils-3.12-build/diffutils-3.12/src'
Making install in tests
make[1]: Entering directory '/workspace/BUILD/diffutils-3.12-build/diffutils-3.12/tests'
make[2]: Entering directory '/workspace/BUILD/diffutils-3.12-build/diffutils-3.12/tests'
make[2]: Nothing to be done for 'install-exec-am'.
make[2]: Nothing to be done for 'install-data-am'.
make[2]: Leaving directory '/workspace/BUILD/diffutils-3.12-build/diffutils-3.12/tests'
make[1]: Leaving directory '/workspace/BUILD/diffutils-3.12-build/diffutils-3.12/tests'
Making install in doc
make[1]: Entering directory '/workspace/BUILD/diffutils-3.12-build/diffutils-3.12/doc'
make[2]: Entering directory '/workspace/BUILD/diffutils-3.12-build/diffutils-3.12/doc'
make[2]: Nothing to be done for 'install-exec-am'.
 /usr/bin/mkdir -p '/workspace/BUILD/diffutils-3.12-build/BUILDROOT/usr/share/info'
 /usr/bin/install -c -m 644 ./diffutils.info '/workspace/BUILD/diffutils-3.12-build/BUILDROOT/usr/share/info'
 install-info --info-dir='/workspace/BUILD/diffutils-3.12-build/BUILDROOT/usr/share/info' '/workspace/BUILD/diffutils-3.12-build/BUILDROOT/usr/share/info/diffutils.info'
make[2]: Leaving directory '/workspace/BUILD/diffutils-3.12-build/diffutils-3.12/doc'
make[1]: Leaving directory '/workspace/BUILD/diffutils-3.12-build/diffutils-3.12/doc'
Making install in man
make[1]: Entering directory '/workspace/BUILD/diffutils-3.12-build/diffutils-3.12/man'
make[2]: Entering directory '/workspace/BUILD/diffutils-3.12-build/diffutils-3.12/man'
make[2]: Nothing to be done for 'install-exec-am'.
 /usr/bin/mkdir -p '/workspace/BUILD/diffutils-3.12-build/BUILDROOT/usr/share/man/man1'
 /usr/bin/install -c -m 644 cmp.1 diff.1 diff3.1 sdiff.1 '/workspace/BUILD/diffutils-3.12-build/BUILDROOT/usr/share/man/man1'
make[2]: Leaving directory '/workspace/BUILD/diffutils-3.12-build/diffutils-3.12/man'
make[1]: Leaving directory '/workspace/BUILD/diffutils-3.12-build/diffutils-3.12/man'
Making install in po
make[1]: Entering directory '/workspace/BUILD/diffutils-3.12-build/diffutils-3.12/po'
installing bg.gmo as /workspace/BUILD/diffutils-3.12-build/BUILDROOT/usr/share/locale/bg/LC_MESSAGES/diffutils.mo
installing ca.gmo as /workspace/BUILD/diffutils-3.12-build/BUILDROOT/usr/share/locale/ca/LC_MESSAGES/diffutils.mo
installing cs.gmo as /workspace/BUILD/diffutils-3.12-build/BUILDROOT/usr/share/locale/cs/LC_MESSAGES/diffutils.mo
installing da.gmo as /workspace/BUILD/diffutils-3.12-build/BUILDROOT/usr/share/locale/da/LC_MESSAGES/diffutils.mo
installing de.gmo as /workspace/BUILD/diffutils-3.12-build/BUILDROOT/usr/share/locale/de/LC_MESSAGES/diffutils.mo
installing el.gmo as /workspace/BUILD/diffutils-3.12-build/BUILDROOT/usr/share/locale/el/LC_MESSAGES/diffutils.mo
installing eo.gmo as /workspace/BUILD/diffutils-3.12-build/BUILDROOT/usr/share/locale/eo/LC_MESSAGES/diffutils.mo
installing es.gmo as /workspace/BUILD/diffutils-3.12-build/BUILDROOT/usr/share/locale/es/LC_MESSAGES/diffutils.mo
installing fi.gmo as /workspace/BUILD/diffutils-3.12-build/BUILDROOT/usr/share/locale/fi/LC_MESSAGES/diffutils.mo
installing fr.gmo as /workspace/BUILD/diffutils-3.12-build/BUILDROOT/usr/share/locale/fr/LC_MESSAGES/diffutils.mo
installing ga.gmo as /workspace/BUILD/diffutils-3.12-build/BUILDROOT/usr/share/locale/ga/LC_MESSAGES/diffutils.mo
installing gl.gmo as /workspace/BUILD/diffutils-3.12-build/BUILDROOT/usr/share/locale/gl/LC_MESSAGES/diffutils.mo
installing he.gmo as /workspace/BUILD/diffutils-3.12-build/BUILDROOT/usr/share/locale/he/LC_MESSAGES/diffutils.mo
installing hr.gmo as /workspace/BUILD/diffutils-3.12-build/BUILDROOT/usr/share/locale/hr/LC_MESSAGES/diffutils.mo
installing hu.gmo as /workspace/BUILD/diffutils-3.12-build/BUILDROOT/usr/share/locale/hu/LC_MESSAGES/diffutils.mo
installing id.gmo as /workspace/BUILD/diffutils-3.12-build/BUILDROOT/usr/share/locale/id/LC_MESSAGES/diffutils.mo
installing it.gmo as /workspace/BUILD/diffutils-3.12-build/BUILDROOT/usr/share/locale/it/LC_MESSAGES/diffutils.mo
installing ja.gmo as /workspace/BUILD/diffutils-3.12-build/BUILDROOT/usr/share/locale/ja/LC_MESSAGES/diffutils.mo
installing ka.gmo as /workspace/BUILD/diffutils-3.12-build/BUILDROOT/usr/share/locale/ka/LC_MESSAGES/diffutils.mo
installing ko.gmo as /workspace/BUILD/diffutils-3.12-build/BUILDROOT/usr/share/locale/ko/LC_MESSAGES/diffutils.mo
installing lv.gmo as /workspace/BUILD/diffutils-3.12-build/BUILDROOT/usr/share/locale/lv/LC_MESSAGES/diffutils.mo
installing ms.gmo as /workspace/BUILD/diffutils-3.12-build/BUILDROOT/usr/share/locale/ms/LC_MESSAGES/diffutils.mo
installing nb.gmo as /workspace/BUILD/diffutils-3.12-build/BUILDROOT/usr/share/locale/nb/LC_MESSAGES/diffutils.mo
installing nl.gmo as /workspace/BUILD/diffutils-3.12-build/BUILDROOT/usr/share/locale/nl/LC_MESSAGES/diffutils.mo
installing pl.gmo as /workspace/BUILD/diffutils-3.12-build/BUILDROOT/usr/share/locale/pl/LC_MESSAGES/diffutils.mo
installing pt.gmo as /workspace/BUILD/diffutils-3.12-build/BUILDROOT/usr/share/locale/pt/LC_MESSAGES/diffutils.mo
installing pt_BR.gmo as /workspace/BUILD/diffutils-3.12-build/BUILDROOT/usr/share/locale/pt_BR/LC_MESSAGES/diffutils.mo
installing ro.gmo as /workspace/BUILD/diffutils-3.12-build/BUILDROOT/usr/share/locale/ro/LC_MESSAGES/diffutils.mo
installing ru.gmo as /workspace/BUILD/diffutils-3.12-build/BUILDROOT/usr/share/locale/ru/LC_MESSAGES/diffutils.mo
installing sr.gmo as /workspace/BUILD/diffutils-3.12-build/BUILDROOT/usr/share/locale/sr/LC_MESSAGES/diffutils.mo
installing sv.gmo as /workspace/BUILD/diffutils-3.12-build/BUILDROOT/usr/share/locale/sv/LC_MESSAGES/diffutils.mo
installing tr.gmo as /workspace/BUILD/diffutils-3.12-build/BUILDROOT/usr/share/locale/tr/LC_MESSAGES/diffutils.mo
installing uk.gmo as /workspace/BUILD/diffutils-3.12-build/BUILDROOT/usr/share/locale/uk/LC_MESSAGES/diffutils.mo
installing vi.gmo as /workspace/BUILD/diffutils-3.12-build/BUILDROOT/usr/share/locale/vi/LC_MESSAGES/diffutils.mo
installing zh_CN.gmo as /workspace/BUILD/diffutils-3.12-build/BUILDROOT/usr/share/locale/zh_CN/LC_MESSAGES/diffutils.mo
installing zh_TW.gmo as /workspace/BUILD/diffutils-3.12-build/BUILDROOT/usr/share/locale/zh_TW/LC_MESSAGES/diffutils.mo
if test "diffutils" = "gettext-tools"; then \
  /usr/bin/mkdir -p /workspace/BUILD/diffutils-3.12-build/BUILDROOT/usr/share/gettext/po; \
  for file in Makefile.in.in remove-potcdate.sin quot.sed boldquot.sed en@quot.header en@boldquot.header insert-header.sin Rules-quot   Makevars.template; do \
    /usr/bin/install -c -m 644 ./$file \
		    /workspace/BUILD/diffutils-3.12-build/BUILDROOT/usr/share/gettext/po/$file; \
  done; \
  for file in Makevars; do \
    rm -f /workspace/BUILD/diffutils-3.12-build/BUILDROOT/usr/share/gettext/po/$file; \
  done; \
else \
  : ; \
fi
make[1]: Leaving directory '/workspace/BUILD/diffutils-3.12-build/diffutils-3.12/po'
Making install in gnulib-tests
make[1]: Entering directory '/workspace/BUILD/diffutils-3.12-build/diffutils-3.12/gnulib-tests'
make  install-recursive
make[2]: Entering directory '/workspace/BUILD/diffutils-3.12-build/diffutils-3.12/gnulib-tests'
Making install in .
make[3]: Entering directory '/workspace/BUILD/diffutils-3.12-build/diffutils-3.12/gnulib-tests'
make[4]: Entering directory '/workspace/BUILD/diffutils-3.12-build/diffutils-3.12/gnulib-tests'
make[4]: Nothing to be done for 'install-exec-am'.
make[4]: Leaving directory '/workspace/BUILD/diffutils-3.12-build/diffutils-3.12/gnulib-tests'
make[3]: Leaving directory '/workspace/BUILD/diffutils-3.12-build/diffutils-3.12/gnulib-tests'
make[2]: Leaving directory '/workspace/BUILD/diffutils-3.12-build/diffutils-3.12/gnulib-tests'
make[1]: Leaving directory '/workspace/BUILD/diffutils-3.12-build/diffutils-3.12/gnulib-tests'
make[1]: Entering directory '/workspace/BUILD/diffutils-3.12-build/diffutils-3.12'
make[2]: Entering directory '/workspace/BUILD/diffutils-3.12-build/diffutils-3.12'
make[2]: Nothing to be done for 'install-exec-am'.
make[2]: Nothing to be done for 'install-data-am'.
make[2]: Leaving directory '/workspace/BUILD/diffutils-3.12-build/diffutils-3.12'
make[1]: Leaving directory '/workspace/BUILD/diffutils-3.12-build/diffutils-3.12'
+ rm -f /workspace/BUILD/diffutils-3.12-build/BUILDROOT/usr/share/info/dir
+ cd /workspace/BUILD/diffutils-3.12-build/BUILDROOT
+ find . -type f -o -type l
+ sed 's|^\.||'
Reading /workspace/BUILD/diffutils-3.12-build/SPECPARTS/rpm-debuginfo.specpart
Executing(%check): /bin/sh -e /var/tmp/rpm-tmp.OLPr8l
+ umask 022
+ cd /workspace/BUILD/diffutils-3.12-build
+ cd diffutils-3.12
+ make check
Making check in lib
make[1]: Entering directory '/workspace/BUILD/diffutils-3.12-build/diffutils-3.12/lib'
make  check-am
make[2]: Entering directory '/workspace/BUILD/diffutils-3.12-build/diffutils-3.12/lib'
make[2]: Leaving directory '/workspace/BUILD/diffutils-3.12-build/diffutils-3.12/lib'
make[1]: Leaving directory '/workspace/BUILD/diffutils-3.12-build/diffutils-3.12/lib'
Making check in src
make[1]: Entering directory '/workspace/BUILD/diffutils-3.12-build/diffutils-3.12/src'
make  check-am
make[2]: Entering directory '/workspace/BUILD/diffutils-3.12-build/diffutils-3.12/src'
make[2]: Nothing to be done for 'check-am'.
make[2]: Leaving directory '/workspace/BUILD/diffutils-3.12-build/diffutils-3.12/src'
make[1]: Leaving directory '/workspace/BUILD/diffutils-3.12-build/diffutils-3.12/src'
Making check in tests
make[1]: Entering directory '/workspace/BUILD/diffutils-3.12-build/diffutils-3.12/tests'
make  check-TESTS
make[2]: Entering directory '/workspace/BUILD/diffutils-3.12-build/diffutils-3.12/tests'
make[3]: Entering directory '/workspace/BUILD/diffutils-3.12-build/diffutils-3.12/tests'
PASS: basic
PASS: bignum
PASS: binary
brief-vs-stat-zero-kernel-lies: skipped test: /proc/cmdline has nonzero size
SKIP: brief-vs-stat-zero-kernel-lies
PASS: bug-64316
PASS: cmp
PASS: colliding-file-names
PASS: diff3
PASS: empty-file
PASS: excess-slash
PASS: expand-tabs
PASS: help-version
PASS: ifdef
PASS: invalid-re
PASS: function-line-vs-leading-space
ignore-case: skipped test: No UTF-8 locale found
SKIP: ignore-case
PASS: ignore-matching-lines
ignore-tab-expansion: skipped test: No UTF-8 locale found
SKIP: ignore-tab-expansion
PASS: label-vs-func
XFAIL: large-subopt
PASS: new-file
PASS: no-dereference
PASS: no-newline-at-eof
side-by-side: skipped test: No UTF-8 locale found
SKIP: side-by-side
PASS: side-by-side-seq
PASS: starting-file
PASS: stdin
PASS: strcoll-0-names
PASS: filename-quoting
strip-trailing-cr: skipped test: requires a working valgrind
SKIP: strip-trailing-cr
PASS: timezone
PASS: colors
PASS: y2038-vs-32bit
============================================================================
Testsuite summary for GNU diffutils 3.12
============================================================================
# TOTAL: 33
# PASS:  27
# SKIP:  5
# XFAIL: 1
# FAIL:  0
# XPASS: 0
# ERROR: 0
============================================================================
make[3]: Leaving directory '/workspace/BUILD/diffutils-3.12-build/diffutils-3.12/tests'
make[2]: Leaving directory '/workspace/BUILD/diffutils-3.12-build/diffutils-3.12/tests'
make[1]: Leaving directory '/workspace/BUILD/diffutils-3.12-build/diffutils-3.12/tests'
Making check in doc
make[1]: Entering directory '/workspace/BUILD/diffutils-3.12-build/diffutils-3.12/doc'
make[1]: Nothing to be done for 'check'.
make[1]: Leaving directory '/workspace/BUILD/diffutils-3.12-build/diffutils-3.12/doc'
Making check in man
make[1]: Entering directory '/workspace/BUILD/diffutils-3.12-build/diffutils-3.12/man'
make[1]: Nothing to be done for 'check'.
make[1]: Leaving directory '/workspace/BUILD/diffutils-3.12-build/diffutils-3.12/man'
Making check in po
make[1]: Entering directory '/workspace/BUILD/diffutils-3.12-build/diffutils-3.12/po'
make[1]: Nothing to be done for 'check'.
make[1]: Leaving directory '/workspace/BUILD/diffutils-3.12-build/diffutils-3.12/po'
Making check in gnulib-tests
make[1]: Entering directory '/workspace/BUILD/diffutils-3.12-build/diffutils-3.12/gnulib-tests'
make  check-recursive
make[2]: Entering directory '/workspace/BUILD/diffutils-3.12-build/diffutils-3.12/gnulib-tests'
Making check in .
make[3]: Entering directory '/workspace/BUILD/diffutils-3.12-build/diffutils-3.12/gnulib-tests'
## ---------------------------------------------------------------------- ##
## ---------------------------- Gnulib tests ---------------------------- ##
## Please report test failures in this directory to <bug-gnulib@gnu.org>. ##
## ---------------------------------------------------------------------- ##
make  test-accept test-alignasof test-alloca-opt test-argmatch test-arpa_inet-h test-assert test-binary-io test-bind test-bitrotate test-bool test-btoc32 test-btowc test-c-ctype test-c-stack test-c-strcasecmp test-c-strcasestr test-c-strncasecmp test-c32_apply_type_test test-c32_get_type_test test-c32isalnum test-c32isalpha test-c32isblank test-c32iscntrl test-c32isdigit test-c32isgraph test-c32islower test-c32isprint test-c32ispunct test-c32isspace test-c32isupper test-c32isxdigit test-c32rtomb test-c32rtomb-w32 test-c32tolower test-c32width test-calloc-gnu test-calloc-posix test-chdir test-cloexec test-close test-connect test-ctype-h test-dirent-h test-dirfd test-dirname test-dup test-dup2 test-environ test-errno-h test-error test-exclude test-fchdir test-fcntl-h test-fcntl test-fdopen test-fdopendir test-fgetc test-filenamecat test-float-h test-fnmatch-h test-fnmatch test-fnmatch-w32 test-fopen-gnu test-fopen test-fputc test-fread test-free test-freopen test-fstat test-fstatat test-ftruncate test-fwrite test-getcwd-lgpl test-getdtablesize test-getopt-gnu test-getopt-posix test-getprogname test-getrandom test-gettext-h test-gettimeofday test-dynarray test-hard-locale test-hash test-ignore-value test-inet_pton test-intprops test-inttostr test-inttypes-h test-ioctl test-isblank test-isnand-nolibm test-isnanf-nolibm test-isnanl-nolibm test-iswblank test-iswctype test-iswdigit test-iswpunct test-iswxdigit test-langinfo-h test-largefile test-limits-h test-listen test-locale-h test-localeconv test-lstat test-malloc-gnu test-malloc-posix test-malloca test-math-h test-mbrtoc32 test-mbrtoc32-w32 test-mbrtowc test-mbrtowc-w32 test-mbscasecmp test-mbsinit test-mbsrtoc32s test-mbsrtowcs test-mcel test-memchr test-memrchr test-mkdir test-nanosleep test-netinet_in-h test-nl_langinfo1 test-nl_langinfo2 test-nl_langinfo-mt test-nstrftime test-nullptr test-once1 test-once2 test-open test-openat test-pathmax test-perror test-perror2 test-pipe test-popen test-priv-set test-pselect test-pthread-cond test-pthread test-pthread-mutex test-pthread-mutex-type test-pthread-once1 test-pthread-once2 test-pthread-rwlock test-pthread-thread test-pthread_sigmask1 test-pthread_sigmask2 test-putenv test-quotearg-simple test-raise test-random test-random-mt test-random_r test-rawmemchr test-readlink test-readlinkat test-realloc-posix test-reallocarray test-regex test-rmdir test-sched-h test-select test-select-fd test-select-stdin test-setenv test-setlocale_null test-setlocale_null-mt-one test-setlocale_null-mt-all test-setlocale_null-unlocked test-setsockopt test-sh-quote test-sigaction test-signal-h test-signbit test-sigprocmask test-sigsegv-catch-segv1 test-sigsegv-catch-segv2 test-sigsegv-catch-stackoverflow1 test-sigsegv-catch-stackoverflow2 test-sleep test-snprintf test-sockets test-stat test-stat-time test-stdbit-h test-stdc_bit_width test-stdc_leading_zeros test-stdckdint-h test-stddef-h test-stdint-h test-stdio-h test-stdlib-h test-str_startswith test-strcasecmp test-strerror test-strerror_r test-string-h test-strings-h test-strncasecmp test-strnlen test-strtoimax test-strtoll test-symlink test-symlinkat test-sys_ioctl-h test-sys_random-h test-sys_select-h test-sys_socket-h test-sys_stat-h test-sys_time-h test-sys_types-h test-sys_uio-h test-sys_wait-h test-thread_self test-thread_create test-time-h test-time test-gmtime_r test-gmtime_r-mt test-localtime_r test-localtime_r-mt test-timespec test-timespec_get test-uchar-h test-uc_tolower test-ctype_alnum test-ctype_alpha test-ctype_blank test-ctype_cntrl test-ctype_digit test-ctype_graph test-ctype_lower test-ctype_print test-ctype_punct test-ctype_space test-ctype_upper test-ctype_xdigit test-unistd-h test-u32-chr test-u32-cpy test-u32-pcpy test-u32-set test-u32-strcat test-u32-strlen test-uc_width test-uc_width2 test-unlink test-unlinkat test-unsetenv test-vasnprintf test-verify test-version-etc test-wchar-h test-wcrtomb test-wcrtomb-w32 test-wctype-h test-wctype test-wcwidth test-windows-mutex-type test-windows-recmutex-type test-windows-timedmutex-type test-windows-timedrecmutex-type test-wmemchr test-xalloc-die test-xstdopen test-xstrtoimax test-xstrtol test-xstrtoul test-year2038 libtests.a
make[4]: Entering directory '/workspace/BUILD/diffutils-3.12-build/diffutils-3.12/gnulib-tests'
  CC       test-accept.o
  CCLD     test-accept
  CC       test-alignasof.o
  CCLD     test-alignasof
  CC       test-alloca-opt.o
  CCLD     test-alloca-opt
  CC       test-argmatch.o
  CCLD     test-argmatch
  CC       test-arpa_inet-h.o
  CCLD     test-arpa_inet-h
  CC       test-assert.o
  CCLD     test-assert
  CC       test-binary-io.o
  CCLD     test-binary-io
  CC       test-bind.o
  CCLD     test-bind
  CC       test-bitrotate.o
  CCLD     test-bitrotate
  CC       test-bool.o
  CCLD     test-bool
  CC       test-btoc32.o
  CCLD     test-btoc32
  CC       test-btowc.o
  CCLD     test-btowc
  CC       test-c-ctype.o
  CCLD     test-c-ctype
  CC       test-c-stack.o
  CCLD     test-c-stack
  CC       test-c-strcasecmp.o
  CCLD     test-c-strcasecmp
  CC       test-c-strcasestr.o
  CCLD     test-c-strcasestr
  CC       test-c-strncasecmp.o
  CCLD     test-c-strncasecmp
  CC       test-c32_apply_type_test.o
  CCLD     test-c32_apply_type_test
  CC       test-c32_get_type_test.o
  CCLD     test-c32_get_type_test
  CC       test-c32isalnum.o
  CCLD     test-c32isalnum
  CC       test-c32isalpha.o
  CCLD     test-c32isalpha
  CC       test-c32isblank.o
  CCLD     test-c32isblank
  CC       test-c32iscntrl.o
  CCLD     test-c32iscntrl
  CC       test-c32isdigit.o
  CCLD     test-c32isdigit
  CC       test-c32isgraph.o
  CCLD     test-c32isgraph
  CC       test-c32islower.o
  CCLD     test-c32islower
  CC       test-c32isprint.o
  CCLD     test-c32isprint
  CC       test-c32ispunct.o
  CCLD     test-c32ispunct
  CC       test-c32isspace.o
  CCLD     test-c32isspace
  CC       test-c32isupper.o
  CCLD     test-c32isupper
  CC       test-c32isxdigit.o
  CCLD     test-c32isxdigit
  CC       test-c32rtomb.o
  CCLD     test-c32rtomb
  CC       test-c32rtomb-w32.o
  CCLD     test-c32rtomb-w32
  CC       test-c32tolower.o
  CCLD     test-c32tolower
  CC       test-c32width.o
  CCLD     test-c32width
  CC       test-calloc-gnu.o
  CCLD     test-calloc-gnu
  CC       test-calloc-posix.o
  CCLD     test-calloc-posix
  CC       test-chdir.o
  CCLD     test-chdir
  CC       test-cloexec.o
  CCLD     test-cloexec
  CC       test-close.o
  CCLD     test-close
  CC       test-connect.o
  CCLD     test-connect
  CC       test-ctype-h.o
  CCLD     test-ctype-h
  CC       test-dirent-h.o
  CCLD     test-dirent-h
  CC       test-dirfd.o
  CCLD     test-dirfd
  CC       test-dirname.o
  CCLD     test-dirname
  CC       test-dup.o
  CCLD     test-dup
  CC       test-dup2.o
  CCLD     test-dup2
  CC       test-environ.o
  CCLD     test-environ
  CC       test-errno-h.o
  CCLD     test-errno-h
  CC       test-error.o
  CCLD     test-error
  CC       test-exclude.o
  CCLD     test-exclude
  CC       test-fchdir.o
  CCLD     test-fchdir
  CC       test-fcntl-h.o
  CCLD     test-fcntl-h
  CC       test-fcntl.o
  CCLD     test-fcntl
  CC       test-fdopen.o
  CCLD     test-fdopen
  CC       test-fdopendir.o
  CCLD     test-fdopendir
  CC       test-fgetc.o
  CCLD     test-fgetc
  CC       test-filenamecat.o
  CCLD     test-filenamecat
  CC       test-float-h.o
  CCLD     test-float-h
  CC       test-fnmatch-h.o
  CCLD     test-fnmatch-h
  CC       test-fnmatch.o
  CCLD     test-fnmatch
  CC       test-fnmatch-w32.o
  CCLD     test-fnmatch-w32
  CC       test-fopen-gnu.o
  CCLD     test-fopen-gnu
  CC       test-fopen.o
  CCLD     test-fopen
  CC       test-fputc.o
  CCLD     test-fputc
  CC       test-fread.o
  CCLD     test-fread
  CC       test-free.o
  CCLD     test-free
  CC       test-freopen.o
  CCLD     test-freopen
  CC       test-fstat.o
  CCLD     test-fstat
  CC       test-fstatat.o
  CCLD     test-fstatat
  CC       test-ftruncate.o
  CCLD     test-ftruncate
  CC       test-fwrite.o
  CCLD     test-fwrite
  CC       test-getcwd-lgpl.o
  CCLD     test-getcwd-lgpl
  CC       test-getdtablesize.o
  CCLD     test-getdtablesize
  CC       test-getopt-gnu.o
  CCLD     test-getopt-gnu
  CC       test-getopt-posix.o
  CCLD     test-getopt-posix
  CC       test-getprogname.o
  CCLD     test-getprogname
  CC       test-getrandom.o
  CCLD     test-getrandom
  CC       test-gettext-h.o
  CCLD     test-gettext-h
  CC       test-gettimeofday.o
  CCLD     test-gettimeofday
  CC       test-dynarray.o
  CCLD     test-dynarray
  CC       test-hard-locale.o
  CCLD     test-hard-locale
  CC       test-hash.o
  CCLD     test-hash
  CC       test-ignore-value.o
  CCLD     test-ignore-value
  CC       test-inet_pton.o
  CCLD     test-inet_pton
  CC       test-intprops.o
  CCLD     test-intprops
  CC       test-inttostr.o
  CCLD     test-inttostr
  CC       test-inttypes-h.o
  CCLD     test-inttypes-h
  CC       test-ioctl.o
  CCLD     test-ioctl
  CC       test-isblank.o
  CCLD     test-isblank
  CC       test-isnand-nolibm.o
  CCLD     test-isnand-nolibm
  CC       test-isnanf-nolibm.o
  CCLD     test-isnanf-nolibm
  CC       test-isnanl-nolibm.o
  CCLD     test-isnanl-nolibm
  CC       test-iswblank.o
  CCLD     test-iswblank
  CC       test-iswctype.o
  CCLD     test-iswctype
  CC       test-iswdigit.o
  CCLD     test-iswdigit
  CC       test-iswpunct.o
  CCLD     test-iswpunct
  CC       test-iswxdigit.o
  CCLD     test-iswxdigit
  CC       test-langinfo-h.o
  CCLD     test-langinfo-h
  CC       test-largefile.o
  CCLD     test-largefile
  CC       test-limits-h.o
  CCLD     test-limits-h
  CC       test-listen.o
  CCLD     test-listen
  CC       test-locale-h.o
  CCLD     test-locale-h
  CC       test-localeconv.o
  CCLD     test-localeconv
  CC       test-lstat.o
  CCLD     test-lstat
  CC       test-malloc-gnu.o
  CCLD     test-malloc-gnu
  CC       test-malloc-posix.o
  CCLD     test-malloc-posix
  CC       test-malloca.o
  CCLD     test-malloca
  CC       test-math-h.o
  CCLD     test-math-h
  CC       test-mbrtoc32.o
  CCLD     test-mbrtoc32
  CC       test-mbrtoc32-w32.o
  CCLD     test-mbrtoc32-w32
  CC       test-mbrtowc.o
  CCLD     test-mbrtowc
  CC       test-mbrtowc-w32.o
  CCLD     test-mbrtowc-w32
  CC       test-mbscasecmp.o
  CCLD     test-mbscasecmp
  CC       test-mbsinit.o
  CCLD     test-mbsinit
  CC       test-mbsrtoc32s.o
  CCLD     test-mbsrtoc32s
  CC       test-mbsrtowcs.o
  CCLD     test-mbsrtowcs
  CC       test-mcel.o
  CCLD     test-mcel
  CC       test-memchr.o
  CCLD     test-memchr
  CC       test-memrchr.o
  CCLD     test-memrchr
  CC       test-mkdir.o
  CCLD     test-mkdir
  CC       test-nanosleep.o
  CCLD     test-nanosleep
  CC       test-netinet_in-h.o
  CCLD     test-netinet_in-h
  CC       test-nl_langinfo1.o
  CCLD     test-nl_langinfo1
  CC       test-nl_langinfo2.o
  CCLD     test-nl_langinfo2
  CC       test-nl_langinfo-mt.o
  CCLD     test-nl_langinfo-mt
  CC       test-nstrftime.o
  CCLD     test-nstrftime
  CC       test-nullptr.o
  CCLD     test-nullptr
  CC       test-once.o
  CCLD     test-once1
  CCLD     test-once2
  CC       test-open.o
  CCLD     test-open
  CC       test-openat.o
  CCLD     test-openat
  CC       test-pathmax.o
  CCLD     test-pathmax
  CC       test-perror.o
  CCLD     test-perror
  CC       test-perror2.o
  CCLD     test-perror2
  CC       test-pipe.o
  CCLD     test-pipe
  CC       test-popen.o
  CCLD     test-popen
  CC       test-priv-set.o
  CCLD     test-priv-set
  CC       test-pselect.o
  CCLD     test-pselect
  CC       test-pthread-cond.o
  CCLD     test-pthread-cond
  CC       test-pthread.o
  CCLD     test-pthread
  CC       test-pthread-mutex.o
  CCLD     test-pthread-mutex
  CC       test-pthread-mutex-type.o
  CCLD     test-pthread-mutex-type
  CC       test-pthread-once1.o
  CCLD     test-pthread-once1
  CC       test-pthread-once2.o
  CCLD     test-pthread-once2
  CC       test-pthread-rwlock.o
  CCLD     test-pthread-rwlock
  CC       test-pthread-thread.o
  CCLD     test-pthread-thread
  CC       test-pthread_sigmask1.o
  CCLD     test-pthread_sigmask1
  CC       test-pthread_sigmask2.o
  CCLD     test-pthread_sigmask2
  CC       test-putenv.o
  CCLD     test-putenv
  CC       test-quotearg-simple.o
  CCLD     test-quotearg-simple
  CC       test-raise.o
  CCLD     test-raise
  CC       test-random.o
  CCLD     test-random
  CC       test-random-mt.o
  CCLD     test-random-mt
  CC       test-random_r.o
  CCLD     test-random_r
  CC       test-rawmemchr.o
  CCLD     test-rawmemchr
  CC       test-readlink.o
  CCLD     test-readlink
  CC       test-readlinkat.o
  CCLD     test-readlinkat
  CC       test-realloc-posix.o
  CCLD     test-realloc-posix
  CC       test-reallocarray.o
  CCLD     test-reallocarray
  CC       test-regex.o
  CCLD     test-regex
  CC       test-rmdir.o
  CCLD     test-rmdir
  CC       test-sched-h.o
  CCLD     test-sched-h
  CC       test-select.o
  CCLD     test-select
  CC       test-select-fd.o
  CCLD     test-select-fd
  CC       test-select-stdin.o
  CCLD     test-select-stdin
  CC       test-setenv.o
  CCLD     test-setenv
  CC       test-setlocale_null.o
  CCLD     test-setlocale_null
  CC       test-setlocale_null-mt-one.o
  CCLD     test-setlocale_null-mt-one
  CC       test-setlocale_null-mt-all.o
  CCLD     test-setlocale_null-mt-all
  CC       test-setlocale_null-unlocked.o
  CCLD     test-setlocale_null-unlocked
  CC       test-setsockopt.o
  CCLD     test-setsockopt
  CC       test-sh-quote.o
  CCLD     test-sh-quote
  CC       test-sigaction.o
  CCLD     test-sigaction
  CC       test-signal-h.o
  CCLD     test-signal-h
  CC       test-signbit.o
  CCLD     test-signbit
  CC       test-sigprocmask.o
  CCLD     test-sigprocmask
  CC       test-sigsegv-catch-segv1.o
  CCLD     test-sigsegv-catch-segv1
  CC       test-sigsegv-catch-segv2.o
  CCLD     test-sigsegv-catch-segv2
  CC       test-sigsegv-catch-stackoverflow1.o
  CCLD     test-sigsegv-catch-stackoverflow1
  CC       test-sigsegv-catch-stackoverflow2.o
  CCLD     test-sigsegv-catch-stackoverflow2
  CC       test-sleep.o
  CCLD     test-sleep
  CC       test-snprintf.o
  CCLD     test-snprintf
  CC       test-sockets.o
  CCLD     test-sockets
  CC       test-stat.o
  CCLD     test-stat
  CC       test-stat-time.o
  CCLD     test-stat-time
  CC       test-stdbit-h.o
  CCLD     test-stdbit-h
  CC       from-glibc/test_stdc_bit_width-tst-stdc_bit_width.o
  CCLD     test-stdc_bit_width
  CC       from-glibc/test_stdc_leading_zeros-tst-stdc_leading_zeros.o
  CCLD     test-stdc_leading_zeros
  CC       test-stdckdint-h.o
  CCLD     test-stdckdint-h
  CC       test-stddef-h.o
  CCLD     test-stddef-h
  CC       test-stdint-h.o
  CCLD     test-stdint-h
  CC       test-stdio-h.o
  CCLD     test-stdio-h
  CC       test-stdlib-h.o
  CCLD     test-stdlib-h
  CC       test-str_startswith.o
  CCLD     test-str_startswith
  CC       test-strcasecmp.o
  CCLD     test-strcasecmp
  CC       test-strerror.o
  CCLD     test-strerror
  CC       test-strerror_r.o
  CCLD     test-strerror_r
  CC       test-string-h.o
  CCLD     test-string-h
  CC       test-strings-h.o
  CCLD     test-strings-h
  CC       test-strncasecmp.o
  CCLD     test-strncasecmp
  CC       test-strnlen.o
  CCLD     test-strnlen
  CC       test-strtoimax.o
  CCLD     test-strtoimax
  CC       test-strtoll.o
  CCLD     test-strtoll
  CC       test-symlink.o
  CCLD     test-symlink
  CC       test-symlinkat.o
  CCLD     test-symlinkat
  CC       test-sys_ioctl-h.o
  CCLD     test-sys_ioctl-h
  CC       test-sys_random-h.o
  CCLD     test-sys_random-h
  CC       test-sys_select-h.o
  CCLD     test-sys_select-h
  CC       test-sys_socket-h.o
  CCLD     test-sys_socket-h
  CC       test-sys_stat-h.o
  CCLD     test-sys_stat-h
  CC       test-sys_time-h.o
  CCLD     test-sys_time-h
  CC       test-sys_types-h.o
  CCLD     test-sys_types-h
  CC       test-sys_uio-h.o
  CCLD     test-sys_uio-h
  CC       test-sys_wait-h.o
  CCLD     test-sys_wait-h
  CC       test-thread_self.o
  CCLD     test-thread_self
  CC       test-thread_create.o
  CCLD     test-thread_create
  CC       test-time-h.o
  CCLD     test-time-h
  CC       test-time.o
  CCLD     test-time
  CC       test-gmtime_r.o
  CCLD     test-gmtime_r
  CC       test-gmtime_r-mt.o
  CCLD     test-gmtime_r-mt
  CC       test-localtime_r.o
  CCLD     test-localtime_r
  CC       test-localtime_r-mt.o
  CCLD     test-localtime_r-mt
  CC       test-timespec.o
  CCLD     test-timespec
  CC       test-timespec_get.o
  CCLD     test-timespec_get
  CC       test-uchar-h.o
  CCLD     test-uchar-h
  CC       unicase/test-uc_tolower.o
  CCLD     test-uc_tolower
  CC       unictype/test-ctype_alnum.o
  CCLD     test-ctype_alnum
  CC       unictype/test-ctype_alpha.o
  CCLD     test-ctype_alpha
  CC       unictype/test-ctype_blank.o
  CCLD     test-ctype_blank
  CC       unictype/test-ctype_cntrl.o
  CCLD     test-ctype_cntrl
  CC       unictype/test-ctype_digit.o
  CCLD     test-ctype_digit
  CC       unictype/test-ctype_graph.o
  CCLD     test-ctype_graph
  CC       unictype/test-ctype_lower.o
  CCLD     test-ctype_lower
  CC       unictype/test-ctype_print.o
  CCLD     test-ctype_print
  CC       unictype/test-ctype_punct.o
  CCLD     test-ctype_punct
  CC       unictype/test-ctype_space.o
  CCLD     test-ctype_space
  CC       unictype/test-ctype_upper.o
  CCLD     test-ctype_upper
  CC       unictype/test-ctype_xdigit.o
  CCLD     test-ctype_xdigit
  CC       test-unistd-h.o
  CCLD     test-unistd-h
  CC       unistr/test-u32-chr.o
  CCLD     test-u32-chr
  CC       unistr/test-u32-cpy.o
  CCLD     test-u32-cpy
  CC       unistr/test-u32-pcpy.o
  CCLD     test-u32-pcpy
  CC       unistr/test-u32-set.o
  CCLD     test-u32-set
  CC       unistr/test-u32-strcat.o
  CCLD     test-u32-strcat
  CC       unistr/test-u32-strlen.o
  CCLD     test-u32-strlen
  CC       uniwidth/test-uc_width.o
  CCLD     test-uc_width
  CC       uniwidth/test-uc_width2.o
  CCLD     test-uc_width2
  CC       test-unlink.o
  CCLD     test-unlink
  CC       test-unlinkat.o
  CCLD     test-unlinkat
  CC       test-unsetenv.o
  CCLD     test-unsetenv
  CC       test-vasnprintf.o
  CCLD     test-vasnprintf
  CC       test-verify.o
  CCLD     test-verify
  CC       test-version-etc.o
  CCLD     test-version-etc
  CC       test-wchar-h.o
  CCLD     test-wchar-h
  CC       test-wcrtomb.o
  CCLD     test-wcrtomb
  CC       test-wcrtomb-w32.o
  CCLD     test-wcrtomb-w32
  CC       test-wctype-h.o
  CCLD     test-wctype-h
  CC       test-wctype.o
  CCLD     test-wctype
  CC       test-wcwidth.o
  CCLD     test-wcwidth
  CC       test-windows-mutex-type.o
  CCLD     test-windows-mutex-type
  CC       test-windows-recmutex-type.o
  CCLD     test-windows-recmutex-type
  CC       test-windows-timedmutex-type.o
  CCLD     test-windows-timedmutex-type
  CC       test-windows-timedrecmutex-type.o
  CCLD     test-windows-timedrecmutex-type
  CC       test-wmemchr.o
  CCLD     test-wmemchr
  CC       test-xalloc-die.o
  CCLD     test-xalloc-die
  CC       test-xstdopen.o
  CCLD     test-xstdopen
  CC       test-xstrtoimax.o
  CCLD     test-xstrtoimax
  CC       test-xstrtol.o
  CCLD     test-xstrtol
  CC       test-xstrtoul.o
  CCLD     test-xstrtoul
  CC       test-year2038.o
  CCLD     test-year2038
make[4]: 'libtests.a' is up to date.
make[4]: Leaving directory '/workspace/BUILD/diffutils-3.12-build/diffutils-3.12/gnulib-tests'
make  check-TESTS
make[4]: Entering directory '/workspace/BUILD/diffutils-3.12-build/diffutils-3.12/gnulib-tests'
make[5]: Entering directory '/workspace/BUILD/diffutils-3.12-build/diffutils-3.12/gnulib-tests'
PASS: test-accept
PASS: test-alignasof
PASS: test-alloca-opt
PASS: test-argmatch
PASS: test-arpa_inet-h
PASS: test-assert
PASS: test-binary-io.sh
PASS: test-bind
PASS: test-bitrotate
PASS: test-bool
PASS: test-btoc32-1.sh
SKIP: test-btoc32-2.sh
SKIP: test-btoc32-3.sh
PASS: test-btowc-1.sh
SKIP: test-btowc-2.sh
SKIP: test-btowc-3.sh
PASS: test-c-ctype
PASS: test-c-stack.sh
PASS: test-c-stack2.sh
PASS: test-c-strcasecmp.sh
PASS: test-c-strcasestr
PASS: test-c-strncasecmp.sh
PASS: test-c32_apply_type_test
PASS: test-c32_get_type_test
PASS: test-c32isalnum.sh
PASS: test-c32isalpha.sh
PASS: test-c32isblank.sh
PASS: test-c32iscntrl.sh
PASS: test-c32isdigit.sh
PASS: test-c32isgraph.sh
PASS: test-c32islower.sh
PASS: test-c32isprint.sh
PASS: test-c32ispunct.sh
PASS: test-c32isspace.sh
PASS: test-c32isupper.sh
PASS: test-c32isxdigit.sh
PASS: test-c32rtomb.sh
SKIP: test-c32rtomb-w32-2.sh
SKIP: test-c32rtomb-w32-3.sh
SKIP: test-c32rtomb-w32-4.sh
SKIP: test-c32rtomb-w32-5.sh
SKIP: test-c32rtomb-w32-6.sh
SKIP: test-c32rtomb-w32-7.sh
SKIP: test-c32rtomb-w32-8.sh
PASS: test-c32tolower.sh
PASS: test-c32width
PASS: test-calloc-gnu
PASS: test-calloc-posix
PASS: test-chdir
PASS: test-cloexec
PASS: test-close
PASS: test-connect
PASS: test-ctype-h
PASS: test-dirent-h
PASS: test-dirfd
PASS: test-dirname
PASS: test-dup
PASS: test-dup2
PASS: test-environ
PASS: test-errno-h
PASS: test-error.sh
PASS: test-exclude1.sh
PASS: test-exclude2.sh
PASS: test-exclude3.sh
PASS: test-exclude4.sh
PASS: test-exclude5.sh
PASS: test-exclude6.sh
PASS: test-exclude7.sh
PASS: test-exclude8.sh
PASS: test-fchdir
PASS: test-fcntl-h
PASS: test-fcntl
PASS: test-fdopen
PASS: test-fdopendir
PASS: test-fgetc
PASS: test-filenamecat
PASS: test-float-h
PASS: test-fnmatch-h
PASS: test-fnmatch-1.sh
SKIP: test-fnmatch-2.sh
SKIP: test-fnmatch-3.sh
SKIP: test-fnmatch-4.sh
SKIP: test-fnmatch-5.sh
SKIP: test-fnmatch-w32-2.sh
SKIP: test-fnmatch-w32-3.sh
SKIP: test-fnmatch-w32-4.sh
SKIP: test-fnmatch-w32-5.sh
SKIP: test-fnmatch-w32-6.sh
SKIP: test-fnmatch-w32-7.sh
SKIP: test-fnmatch-w32-8.sh
PASS: test-fopen-gnu
PASS: test-fopen
PASS: test-fputc
PASS: test-fread
PASS: test-free
PASS: test-freopen
PASS: test-fstat
PASS: test-fstatat
PASS: test-ftruncate.sh
PASS: test-fwrite
PASS: test-getcwd-lgpl
PASS: test-getdtablesize
PASS: test-getopt-gnu
PASS: test-getopt-posix
PASS: test-getprogname
PASS: test-getrandom
PASS: test-gettext-h
PASS: test-gettimeofday
PASS: test-dynarray
PASS: test-hard-locale
PASS: test-hash
PASS: test-ignore-value
PASS: test-inet_pton
PASS: test-intprops
PASS: test-inttostr
PASS: test-inttypes-h
PASS: test-ioctl
PASS: test-isblank
PASS: test-isnand-nolibm
PASS: test-isnanf-nolibm
PASS: test-isnanl-nolibm
PASS: test-iswblank
PASS: test-iswctype
PASS: test-iswdigit.sh
PASS: test-iswpunct.sh
PASS: test-iswxdigit.sh
PASS: test-langinfo-h
PASS: test-largefile
PASS: test-limits-h
PASS: test-listen
PASS: test-locale-h
PASS: test-localeconv
PASS: test-lstat
PASS: test-malloc-gnu
PASS: test-malloc-posix
PASS: test-malloca
PASS: test-math-h
PASS: test-mbrtoc32-1.sh
SKIP: test-mbrtoc32-2.sh
SKIP: test-mbrtoc32-3.sh
SKIP: test-mbrtoc32-4.sh
SKIP: test-mbrtoc32-5.sh
SKIP: test-mbrtoc32-w32-2.sh
SKIP: test-mbrtoc32-w32-3.sh
SKIP: test-mbrtoc32-w32-4.sh
SKIP: test-mbrtoc32-w32-5.sh
SKIP: test-mbrtoc32-w32-6.sh
SKIP: test-mbrtoc32-w32-7.sh
SKIP: test-mbrtoc32-w32-8.sh
PASS: test-mbrtowc-1.sh
SKIP: test-mbrtowc-2.sh
SKIP: test-mbrtowc-3.sh
SKIP: test-mbrtowc-4.sh
SKIP: test-mbrtowc-5.sh
SKIP: test-mbrtowc-w32-2.sh
SKIP: test-mbrtowc-w32-3.sh
SKIP: test-mbrtowc-w32-4.sh
SKIP: test-mbrtowc-w32-5.sh
SKIP: test-mbrtowc-w32-6.sh
SKIP: test-mbrtowc-w32-7.sh
SKIP: test-mbrtowc-w32-8.sh
SKIP: test-mbscasecmp.sh
SKIP: test-mbsinit.sh
PASS: test-mbsrtoc32s-1.sh
SKIP: test-mbsrtoc32s-2.sh
SKIP: test-mbsrtoc32s-3.sh
SKIP: test-mbsrtoc32s-4.sh
SKIP: test-mbsrtoc32s-5.sh
PASS: test-mbsrtowcs-1.sh
SKIP: test-mbsrtowcs-2.sh
SKIP: test-mbsrtowcs-3.sh
SKIP: test-mbsrtowcs-4.sh
SKIP: test-mbsrtowcs-5.sh
PASS: test-mcel-1.sh
SKIP: test-mcel-2.sh
SKIP: test-mcel-3.sh
SKIP: test-mcel-4.sh
SKIP: test-mcel-5.sh
PASS: test-memchr
PASS: test-memrchr
PASS: test-mkdir
PASS: test-nanosleep
PASS: test-netinet_in-h
PASS: test-nl_langinfo1.sh
SKIP: test-nl_langinfo2.sh
SKIP: test-nl_langinfo-mt
PASS: test-nstrftime-1.sh
SKIP: test-nstrftime-2.sh
PASS: test-nullptr
PASS: test-once1
PASS: test-once2
PASS: test-open
PASS: test-openat
PASS: test-pathmax
PASS: test-perror.sh
PASS: test-perror2
PASS: test-pipe
PASS: test-popen
PASS: test-priv-set
PASS: test-pselect
PASS: test-pthread-cond
PASS: test-pthread
PASS: test-pthread-mutex
PASS: test-pthread-mutex-type
PASS: test-pthread-once1
PASS: test-pthread-once2
PASS: test-pthread-rwlock
PASS: test-pthread-thread
PASS: test-pthread_sigmask1
PASS: test-pthread_sigmask2
PASS: test-putenv
PASS: test-quotearg-simple
PASS: test-raise
PASS: test-random
PASS: test-random-mt
PASS: test-random_r
PASS: test-rawmemchr
PASS: test-readlink
PASS: test-readlinkat
PASS: test-realloc-posix
PASS: test-reallocarray
PASS: test-regex
PASS: test-rmdir
PASS: test-sched-h
PASS: test-select
PASS: test-select-in.sh
PASS: test-select-out.sh
PASS: test-setenv
PASS: test-setlocale_null
SKIP: test-setlocale_null-mt-one
SKIP: test-setlocale_null-mt-all
PASS: test-setlocale_null-unlocked
PASS: test-setsockopt
PASS: test-sh-quote
PASS: test-sigaction
PASS: test-signal-h
PASS: test-signbit
PASS: test-sigprocmask
PASS: test-sigsegv-catch-segv1
PASS: test-sigsegv-catch-segv2
PASS: test-sigsegv-catch-stackoverflow1
PASS: test-sigsegv-catch-stackoverflow2
PASS: test-sleep
PASS: test-snprintf
PASS: test-sockets
PASS: test-stat
PASS: test-stat-time
PASS: test-stdbit-h
PASS: test-stdc_bit_width
PASS: test-stdc_leading_zeros
PASS: test-stdckdint-h
PASS: test-stddef-h
PASS: test-stdint-h
PASS: test-stdio-h
PASS: test-stdlib-h
PASS: test-str_startswith
PASS: test-strcasecmp-1.sh
SKIP: test-strcasecmp-2.sh
PASS: test-strerror
PASS: test-strerror_r
PASS: test-string-h
PASS: test-strings-h
PASS: test-strncasecmp-1.sh
SKIP: test-strncasecmp-2.sh
PASS: test-strnlen
PASS: test-strtoimax
PASS: test-strtoll
PASS: test-symlink
PASS: test-symlinkat
PASS: test-sys_ioctl-h
PASS: test-sys_random-h
PASS: test-sys_select-h
PASS: test-sys_socket-h
PASS: test-sys_stat-h
PASS: test-sys_time-h
PASS: test-sys_types-h
PASS: test-sys_uio-h
PASS: test-sys_wait-h
PASS: test-init.sh
PASS: test-thread_self
PASS: test-thread_create
PASS: test-time-h
PASS: test-time
PASS: test-gmtime_r
PASS: test-gmtime_r-mt
PASS: test-localtime_r
PASS: test-localtime_r-mt
PASS: test-timespec
PASS: test-timespec_get
PASS: test-uchar-h
PASS: test-uc_tolower
PASS: test-ctype_alnum
PASS: test-ctype_alpha
PASS: test-ctype_blank
PASS: test-ctype_cntrl
PASS: test-ctype_digit
PASS: test-ctype_graph
PASS: test-ctype_lower
PASS: test-ctype_print
PASS: test-ctype_punct
PASS: test-ctype_space
PASS: test-ctype_upper
PASS: test-ctype_xdigit
PASS: test-unistd-h
PASS: test-u32-chr
PASS: test-u32-cpy
PASS: test-u32-pcpy
PASS: test-u32-set
PASS: test-u32-strcat
PASS: test-u32-strlen
PASS: test-uc_width
PASS: uniwidth/test-uc_width2.sh
PASS: test-unlink
PASS: test-unlinkat
PASS: test-unsetenv
PASS: test-update-copyright.sh
PASS: test-vasnprintf
SKIP: test-vc-list-files-git.sh
SKIP: test-vc-list-files-cvs.sh
PASS: test-verify
PASS: test-verify.sh
PASS: test-version-etc.sh
PASS: test-wchar-h
PASS: test-wcrtomb.sh
SKIP: test-wcrtomb-w32-2.sh
SKIP: test-wcrtomb-w32-3.sh
SKIP: test-wcrtomb-w32-4.sh
SKIP: test-wcrtomb-w32-5.sh
SKIP: test-wcrtomb-w32-6.sh
SKIP: test-wcrtomb-w32-7.sh
SKIP: test-wcrtomb-w32-8.sh
PASS: test-wctype-h
PASS: test-wctype
PASS: test-wcwidth
SKIP: test-windows-mutex-type
SKIP: test-windows-recmutex-type
SKIP: test-windows-timedmutex-type
SKIP: test-windows-timedrecmutex-type
PASS: test-wmemchr
PASS: test-xalloc-die.sh
PASS: test-xstdopen.sh
PASS: test-xstrtoimax.sh
PASS: test-xstrtol.sh
PASS: test-year2038
============================================================================
Testsuite summary for GNU diffutils 3.12
============================================================================
# TOTAL: 344
# PASS:  266
# SKIP:  78
# XFAIL: 0
# FAIL:  0
# XPASS: 0
# ERROR: 0
============================================================================
make[5]: Leaving directory '/workspace/BUILD/diffutils-3.12-build/diffutils-3.12/gnulib-tests'
make[4]: Leaving directory '/workspace/BUILD/diffutils-3.12-build/diffutils-3.12/gnulib-tests'
make[3]: Leaving directory '/workspace/BUILD/diffutils-3.12-build/diffutils-3.12/gnulib-tests'
make[2]: Leaving directory '/workspace/BUILD/diffutils-3.12-build/diffutils-3.12/gnulib-tests'
make[1]: Leaving directory '/workspace/BUILD/diffutils-3.12-build/diffutils-3.12/gnulib-tests'
make[1]: Entering directory '/workspace/BUILD/diffutils-3.12-build/diffutils-3.12'
make[1]: Nothing to be done for 'check-am'.
make[1]: Leaving directory '/workspace/BUILD/diffutils-3.12-build/diffutils-3.12'
  GEN      public-submodule-commit
+ RPM_EC=0
++ jobs -p
+ exit 0
Processing files: diffutils-3.12-1.m264.x86_64
Provides: diffutils = 3.12-1.m264 diffutils(x86-64) = 3.12-1.m264
Requires(rpmlib): rpmlib(LargeFiles) <= 4.12.0-1
Requires: libc.so.6()(64bit) libc.so.6(GLIBC_2.14)(64bit) libc.so.6(GLIBC_2.16)(64bit) libc.so.6(GLIBC_2.2.5)(64bit) libc.so.6(GLIBC_2.3)(64bit) libc.so.6(GLIBC_2.3.4)(64bit) libc.so.6(GLIBC_2.33)(64bit) libc.so.6(GLIBC_2.34)(64bit) libc.so.6(GLIBC_2.38)(64bit) libc.so.6(GLIBC_2.4)(64bit) libc.so.6(GLIBC_2.7)(64bit) rtld(GNU_HASH)
Checking for unpackaged file(s): /usr/lib/rpm/check-files /workspace/BUILD/diffutils-3.12-build/BUILDROOT
Wrote: /workspace/SRPMS/diffutils-3.12-1.m264.src.rpm
Wrote: /workspace/RPMS/x86_64/diffutils-3.12-1.m264.x86_64.rpm
Executing(rmbuild): /bin/sh -e /var/tmp/rpm-tmp.RvrGk6
+ umask 022
+ cd /workspace/BUILD/diffutils-3.12-build
+ test -d /workspace/BUILD/diffutils-3.12-build
+ /usr/bin/chmod -Rf a+rX,u+w,g-w,o-w /workspace/BUILD/diffutils-3.12-build
+ rm -rf /workspace/BUILD/diffutils-3.12-build
+ RPM_EC=0
++ jobs -p
+ exit 0

Desmontando...
Listo.
jue 09 abr 2026 17:50:05 -04: SUCCESS
