jue 09 abr 2026 18:04:42 -04: Building libarchive
Rootfs:   /run/media/glats/maquilinux
Workspace: /home/glats/Work/maquilinux

Montando filesystems virtuales...
Executing(%mkbuilddir): /bin/sh -e /var/tmp/rpm-tmp.mlcGBE
Executing(%prep): /bin/sh -e /var/tmp/rpm-tmp.jVJqEA
+ umask 022
+ cd /workspace/BUILD/libarchive-3.8.4-build
+ cd /workspace/BUILD/libarchive-3.8.4-build
+ rm -rf libarchive-3.8.4
+ /usr/lib/rpm/rpmuncompress -x /workspace/SOURCES/libarchive-3.8.4.tar.gz
+ STATUS=0
+ '[' 0 -ne 0 ']'
+ cd libarchive-3.8.4
+ /usr/bin/chmod -Rf a+rX,u+w,g-w,o-w .
+ RPM_EC=0
++ jobs -p
+ exit 0
Executing(%build): /bin/sh -e /var/tmp/rpm-tmp.GuQZBg
+ umask 022
+ cd /workspace/BUILD/libarchive-3.8.4-build
+ cd libarchive-3.8.4
+ CONFIG_HOST=
+ CONFIG_LIBDIR=/usr/lib/x86_64-linux-gnu
+ ./configure --prefix=/usr --libdir=/usr/lib/x86_64-linux-gnu --disable-static
checking for a BSD-compatible install... /usr/bin/install -c
checking whether sleep supports fractional seconds... yes
checking filesystem timestamp resolution... 0.01
checking whether build environment is sane... yes
checking for a race-free mkdir -p... /usr/bin/mkdir -p
checking for gawk... gawk
checking whether make sets $(MAKE)... yes
checking whether make supports nested variables... yes
checking xargs -n works... yes
checking whether to enable maintainer-specific portions of Makefiles... yes
checking build system type... x86_64-pc-linux-gnu
checking host system type... x86_64-pc-linux-gnu
checking for gcc... gcc
checking whether the C compiler works... yes
checking for C compiler default output file name... a.out
checking for suffix of executables... 
checking whether we are cross compiling... no
checking for suffix of object files... o
checking whether the compiler supports GNU C... yes
checking whether gcc accepts -g... yes
checking for gcc option to enable C11 features... none needed
checking whether gcc understands -c and -o together... yes
checking whether make supports the include directive... yes (GNU style)
checking dependency style of gcc... gcc3
checking how to run the C preprocessor... gcc -E
checking for stdio.h... yes
checking for stdlib.h... yes
checking for string.h... yes
checking for inttypes.h... yes
checking for stdint.h... yes
checking for strings.h... yes
checking for sys/stat.h... yes
checking for sys/types.h... yes
checking for unistd.h... yes
checking for wchar.h... yes
checking for minix/config.h... no
checking for sys/time.h... yes
checking whether it is safe to define __EXTENSIONS__... yes
checking whether _XOPEN_SOURCE should be defined... no
checking how to print strings... printf
checking for a sed that does not truncate output... /usr/bin/sed
checking for grep that handles long lines and -e... /usr/bin/grep
checking for egrep... /usr/bin/grep -E
checking for fgrep... /usr/bin/grep -F
checking for ld used by gcc... /usr/bin/ld
checking if the linker (/usr/bin/ld) is GNU ld... yes
checking for BSD- or MS-compatible name lister (nm)... /usr/bin/nm -B
checking the name lister (/usr/bin/nm -B) interface... BSD nm
checking whether ln -s works... yes
checking the maximum length of command line arguments... 1572864
checking how to convert x86_64-pc-linux-gnu file names to x86_64-pc-linux-gnu format... func_convert_file_noop
checking how to convert x86_64-pc-linux-gnu file names to toolchain format... func_convert_file_noop
checking for /usr/bin/ld option to reload object files... -r
checking for file... file
checking for objdump... objdump
checking how to recognize dependent libraries... pass_all
checking for dlltool... no
checking how to associate runtime and link libraries... printf %s\n
checking for ranlib... ranlib
checking for ar... ar
checking for archiver @FILE support... @
checking for strip... strip
checking command to parse /usr/bin/nm -B output from gcc object... ok
checking for sysroot... no
checking for a working dd... /usr/bin/dd
checking how to truncate binary pipes... /usr/bin/dd bs=4096 count=1
checking for mt... no
checking if : is a manifest tool... no
checking for dlfcn.h... yes
checking for objdir... .libs
checking if gcc supports -fno-rtti -fno-exceptions... no
checking for gcc option to produce PIC... -fPIC -DPIC
checking if gcc PIC flag -fPIC -DPIC works... yes
checking if gcc static flag -static works... yes
checking if gcc supports -c -o file.o... yes
checking if gcc supports -c -o file.o... (cached) yes
checking whether the gcc linker (/usr/bin/ld -m elf_x86_64) supports shared libraries... yes
checking whether -lc should be explicitly linked in... no
checking dynamic linker characteristics... GNU/Linux ld.so
checking how to hardcode library paths into programs... immediate
checking whether stripping libraries is possible... yes
checking if libtool supports shared libraries... yes
checking whether to build shared libraries... yes
checking whether to build static libraries... no
checking for strip... (cached) strip
checking for dirent.h that defines DIR... yes
checking for library containing opendir... none required
checking for sys/wait.h that is POSIX.1 compatible... yes
checking for acl/libacl.h... yes
checking for attr/xattr.h... no
checking for copyfile.h... no
checking for ctype.h... yes
checking for errno.h... yes
checking for ext2fs/ext2_fs.h... yes
checking for fcntl.h... yes
checking for fnmatch.h... yes
checking for grp.h... yes
checking whether EXT2_IOC_GETFLAGS is usable... yes
checking for inttypes.h... (cached) yes
checking for io.h... no
checking for langinfo.h... yes
checking for limits.h... yes
checking for linux/fiemap.h... yes
checking for linux/fs.h... yes
checking for linux/magic.h... yes
checking for linux/types.h... yes
checking whether FS_IOC_GETFLAGS is usable... yes
checking for locale.h... yes
checking for membership.h... no
checking for paths.h... yes
checking for poll.h... yes
checking for pthread.h... yes
checking for pwd.h... yes
checking for readpassphrase.h... no
checking for signal.h... yes
checking for spawn.h... yes
checking for stdarg.h... yes
checking for stdint.h... (cached) yes
checking for stdlib.h... (cached) yes
checking for string.h... (cached) yes
checking for sys/acl.h... yes
checking for sys/cdefs.h... yes
checking for sys/ea.h... no
checking for sys/extattr.h... no
checking for sys/ioctl.h... yes
checking for sys/mkdev.h... no
checking for sys/mount.h... yes
checking for sys/param.h... yes
checking for sys/poll.h... yes
checking for sys/richacl.h... no
checking for sys/select.h... yes
checking for sys/statfs.h... yes
checking for sys/statvfs.h... yes
checking for sys/sysmacros.h... yes
checking for sys/time.h... (cached) yes
checking for sys/utime.h... no
checking for sys/utsname.h... yes
checking for sys/vfs.h... yes
checking for sys/xattr.h... yes
checking for time.h... yes
checking for unistd.h... (cached) yes
checking for utime.h... yes
checking for wchar.h... (cached) yes
checking for wctype.h... yes
checking for suseconds_t... yes
checking for windows.h... no
checking for wincrypt.h... no
checking for winioctl.h... no
found a suitable version of zlib (>= 1.2.1)
checking for bzlib.h... yes
checking for BZ2_bzDecompressInit in -lbz2... yes
checking for pkg-config... /usr/bin/pkg-config
checking pkg-config is at least version 0.9.0... yes
checking for blake2.h... no
checking for blake2sp_init in -lb2... no
Package libb2 was not found in the pkg-config search path.
Perhaps you should add the directory containing `libb2.pc'
to the PKG_CONFIG_PATH environment variable
Package 'libb2' not found
checking for ld used by GCC... /usr/bin/ld -m elf_x86_64
checking if the linker (/usr/bin/ld -m elf_x86_64) is GNU ld... yes
checking for shared library run path origin... done
checking for egrep -e... (cached) /usr/bin/grep -E
checking for iconv... yes
checking for working iconv... yes
checking for iconv declaration... 
         extern size_t iconv (iconv_t cd, char * *inbuf, size_t *inbytesleft, char * *outbuf, size_t *outbytesleft);
checking for iconv.h... yes
checking for localcharset.h... no
checking for locale_charset... no
checking for locale_charset in -lcharset... no
checking for lz4.h... yes
checking for lz4hc.h... yes
checking for LZ4_decompress_safe in -llz4... yes
checking for zstd.h... yes
checking for ZSTD_decompressStream in -lzstd... yes
checking for ZSTD_compressStream in -lzstd... yes
checking for ZSTD_minCLevel in -lzstd... yes
checking for pkg-config... (cached) /usr/bin/pkg-config
checking pkg-config is at least version 0.9.0... yes
checking for liblzma... yes
checking for lzma.h... yes
checking whether we have multithread support in lzma... yes
checking for pkg-config... (cached) /usr/bin/pkg-config
checking pkg-config is at least version 0.9.0... yes
checking for libxml-2.0... no
checking for xmlInitParser in -lxml2... yes
checking for libxml/xmlreader.h... no
checking for libxml/xmlwriter.h... no
checking for libxml/xmlversion.h... no
checking for expat.h... yes
checking for XML_ParserCreate in -lexpat... yes
checking for regex.h... yes
checking for regcomp... yes
checking whether C compiler accepts -Wall... yes
checking whether C compiler accepts -Wformat... yes
checking whether C compiler accepts -Wformat-security... yes
checking whether ld supports --gc-sections... yes
checking whether C compiler accepts -ffunction-sections... yes
checking whether C compiler accepts -fdata-sections... yes
checking for an ANSI C-conforming const... yes
checking for uid_t in sys/types.h... yes
checking for mode_t... yes
checking for off_t... yes
checking for size_t... yes
checking for id_t... yes
checking for uintptr_t... yes
checking for struct tm.tm_gmtoff... yes
checking for struct tm.__tm_gmtoff... no
checking for struct statfs.f_namemax... no
checking for struct statfs.f_iosize... no
checking for struct statvfs.f_iosize... no
checking for struct stat.st_birthtime... no
checking for struct stat.st_birthtimespec.tv_nsec... no
checking for struct stat.st_mtimespec.tv_nsec... no
checking for struct stat.st_mtim.tv_nsec... yes
checking for struct stat.st_mtime_n... no
checking for struct stat.st_umtime... no
checking for struct stat.st_mtime_usec... no
checking for struct stat.st_blksize... yes
checking for struct stat.st_flags... no
checking for uintmax_t... yes
checking for unsigned long long... yes
checking for unsigned long long int... yes
checking for long long int... yes
checking for intmax_t... yes
checking for uintmax_t... (cached) yes
checking for int64_t... yes
checking for uint64_t... yes
checking for int32_t... yes
checking for uint32_t... yes
checking for int16_t... yes
checking for uint16_t... yes
checking for uint8_t... yes
checking for gcc options needed to detect all undeclared functions... none needed
checking whether SIZE_MAX is declared... yes
checking whether INT32_MAX is declared... yes
checking whether INT32_MIN is declared... yes
checking whether INT64_MAX is declared... yes
checking whether INT64_MIN is declared... yes
checking whether UINT64_MAX is declared... yes
checking whether UINT32_MAX is declared... yes
checking whether INTMAX_MAX is declared... yes
checking whether INTMAX_MIN is declared... yes
checking whether UINTMAX_MAX is declared... yes
checking whether SSIZE_MAX is declared... yes
checking whether EFTYPE is declared... no
checking whether EILSEQ is declared... yes
checking for wchar_t... yes
checking size of wchar_t... 4
checking size of int... 4
checking size of long... 8
checking for sys/mkdev.h... (cached) no
checking for sys/sysmacros.h... (cached) yes
checking for declarations of fseeko and ftello... yes
checking for working memcmp... yes
checking whether lstat correctly handles trailing slash... yes
checking whether lstat accepts an empty string... no
checking whether stat accepts an empty string... no
checking whether strerror_r is declared... yes
checking whether strerror_r returns char *... yes
checking for strftime... yes
checking for vprintf... yes
checking for CreateHardLinkA... no
checking for arc4random_buf... yes
checking for chflags... no
checking for chown... yes
checking for chroot... yes
checking for closefrom... yes
checking for close_range... yes
checking for ctime_r... yes
checking for fchdir... yes
checking for fchflags... no
checking for fchmod... yes
checking for fchown... yes
checking for fcntl... yes
checking for fdopendir... yes
checking for fnmatch... yes
checking for fork... yes
checking for fstat... yes
checking for fstatat... yes
checking for fstatfs... yes
checking for fstatvfs... yes
checking for ftruncate... yes
checking for futimens... yes
checking for futimes... yes
checking for futimesat... yes
checking for getegid... yes
checking for geteuid... yes
checking for getline... yes
checking for getpid... yes
checking for getresgid... yes
checking for getresuid... yes
checking for getgrgid_r... yes
checking for getgrnam_r... yes
checking for getpwnam_r... yes
checking for getpwuid_r... yes
checking for getvfsbyname... no
checking for gmtime_r... yes
checking for issetugid... no
checking for lchflags... no
checking for lchmod... yes
checking for lchown... yes
checking for link... yes
checking for linkat... yes
checking for localtime_r... yes
checking for lstat... yes
checking for lutimes... yes
checking for mbrtowc... yes
checking for memmove... yes
checking for memset... yes
checking for mkdir... yes
checking for mkfifo... yes
checking for mknod... yes
checking for mkstemp... yes
checking for nl_langinfo... yes
checking for openat... yes
checking for pipe... yes
checking for poll... yes
checking for posix_spawn... yes
checking for posix_spawnp... yes
checking for readlink... yes
checking for readlinkat... yes
checking for readpassphrase... no
checking for select... yes
checking for setenv... yes
checking for setlocale... yes
checking for sigaction... yes
checking for statfs... yes
checking for statvfs... yes
checking for strchr... yes
checking for strdup... yes
checking for strerror... yes
checking for strncpy_s... no
checking for strnlen... yes
checking for strrchr... yes
checking for symlink... yes
checking for sysconf... yes
checking for tcgetattr... yes
checking for tcsetattr... yes
checking for timegm... yes
checking for tzset... yes
checking for unlinkat... yes
checking for unsetenv... yes
checking for utime... yes
checking for utimensat... yes
checking for utimes... yes
checking for vfork... yes
checking for wcrtomb... yes
checking for wcscmp... yes
checking for wcscpy... yes
checking for wcslen... yes
checking for wctomb... yes
checking for wmemcmp... yes
checking for wmemcpy... yes
checking for wmemmove... yes
checking for _fseeki64... no
checking for _get_timezone... no
checking whether cmtime_s is declared... no
checking whether gmtime_s is declared... no
checking for localtime_s... no
checking whether _mkgmtime is declared... no
checking for cygwin_conv_path... no
checking for struct vfsconf... no
checking for struct xvfsconf... no
checking for struct statfs... no
checking whether D_MD_ORDER is declared... no
checking for struct dirent.d_namlen... no
checking for library containing setxattr... none required
checking whether EXTATTR_NAMESPACE_USER is declared... no
checking whether XATTR_NOFOLLOW is declared... no
checking for fgetxattr... yes
checking for flistxattr... yes
checking for fsetxattr... yes
checking for getxattr... yes
checking for lgetxattr... yes
checking for listxattr... yes
checking for llistxattr... yes
checking for lsetxattr... yes
checking for extended attributes support... Linux
checking for acl_get_file in -lacl... yes
checking for acl_t... yes
checking for acl_entry_t... yes
checking for acl_permset_t... yes
checking for acl_tag_t... yes
checking for richacl_get_file in -lrichacl... no
Package librichacl was not found in the pkg-config search path.
Perhaps you should add the directory containing `librichacl.pc'
to the PKG_CONFIG_PATH environment variable
Package 'librichacl' not found
checking for struct richace... no
checking for struct richacl... no
checking for acl... no
checking for facl... no
checking for acl_add_perm... yes
checking for acl_clear_perms... yes
checking for acl_create_entry... yes
checking for acl_delete_def_file... yes
checking for acl_free... yes
checking for acl_get_entry... yes
checking for acl_get_fd... yes
checking for acl_get_file... yes
checking for acl_get_permset... yes
checking for acl_get_qualifier... yes
checking for acl_get_tag_type... yes
checking for acl_init... yes
checking for acl_set_fd... yes
checking for acl_set_file... yes
checking for acl_set_qualifier... yes
checking for acl_set_tag_type... yes
checking for acl_get_perm... yes
checking for ACL support... libacl (POSIX.1e)
checking for   option for large files... none needed
checking support for ARCHIVE_CRYPTO_MD5_LIBC... no
checking support for ARCHIVE_CRYPTO_MD5_LIBSYSTEM... no
checking support for ARCHIVE_CRYPTO_RMD160_LIBC... no
checking support for ARCHIVE_CRYPTO_SHA1_LIBC... no
checking support for ARCHIVE_CRYPTO_SHA1_LIBSYSTEM... no
checking support for ARCHIVE_CRYPTO_SHA256_LIBC... no
checking support for ARCHIVE_CRYPTO_SHA256_LIBC2... no
checking support for ARCHIVE_CRYPTO_SHA256_LIBC3... no
checking support for ARCHIVE_CRYPTO_SHA256_LIBSYSTEM... no
checking support for ARCHIVE_CRYPTO_SHA384_LIBC... no
checking support for ARCHIVE_CRYPTO_SHA384_LIBC2... no
checking support for ARCHIVE_CRYPTO_SHA384_LIBC3... no
checking support for ARCHIVE_CRYPTO_SHA384_LIBSYSTEM... no
checking support for ARCHIVE_CRYPTO_SHA512_LIBC... no
checking support for ARCHIVE_CRYPTO_SHA512_LIBC2... no
checking support for ARCHIVE_CRYPTO_SHA512_LIBC3... no
checking support for ARCHIVE_CRYPTO_SHA512_LIBSYSTEM... no
checking for bcrypt.h... no
checking for openssl/evp.h... yes
checking for openssl/opensslv.h... yes
checking for OPENSSL_config in -lcrypto... yes
checking support for ARCHIVE_CRYPTO_MD5_OPENSSL... yes
checking support for ARCHIVE_CRYPTO_RMD160_OPENSSL... yes
checking support for ARCHIVE_CRYPTO_SHA1_OPENSSL... yes
checking support for ARCHIVE_CRYPTO_SHA256_OPENSSL... yes
checking support for ARCHIVE_CRYPTO_SHA384_OPENSSL... yes
checking support for ARCHIVE_CRYPTO_SHA512_OPENSSL... yes
checking for PKCS5_PBKDF2_HMAC_SHA1... yes
checking for md5.h... no
checking for ripemd.h... no
checking for sha.h... no
checking for sha256.h... no
checking for sha512.h... no
checking for MD5Init in -lmd... no
checking whether compiler supports visibility annotations... yes
checking that generated files are newer than configure... done
configure: creating ./config.status
config.status: creating Makefile
config.status: creating build/pkgconfig/libarchive.pc
config.status: creating config.h
config.status: executing depfiles commands
config.status: executing libtool commands
config.status: executing mkdirs commands
+ make -j8
make  all-am
make[1]: Entering directory '/workspace/BUILD/libarchive-3.8.4-build/libarchive-3.8.4'
  CC       tar/bsdtar-bsdtar.o
  CC       tar/bsdtar-cmdline.o
  CC       tar/bsdtar-creation_set.o
  CC       tar/bsdtar-read.o
  CC       tar/bsdtar-subst.o
  CC       tar/bsdtar-util.o
  CC       tar/bsdtar-write.o
  CC       libarchive/archive_acl.lo
  CC       libarchive/archive_check_magic.lo
  CC       libarchive/archive_cmdline.lo
  CC       libarchive/archive_cryptor.lo
  CC       libarchive/archive_digest.lo
  CC       libarchive/archive_entry.lo
  CC       libarchive/archive_entry_copy_stat.lo
  CC       libarchive/archive_entry_link_resolver.lo
  CC       libarchive/archive_entry_sparse.lo
  CC       libarchive/archive_entry_stat.lo
  CC       libarchive/archive_entry_strmode.lo
  CC       libarchive/archive_entry_xattr.lo
  CC       libarchive/archive_hmac.lo
  CC       libarchive/archive_match.lo
  CC       libarchive/archive_options.lo
  CC       libarchive/archive_pack_dev.lo
  CC       libarchive/archive_parse_date.lo
  CC       libarchive/archive_pathmatch.lo
  CC       libarchive/archive_ppmd7.lo
  CC       libarchive/archive_ppmd8.lo
  CC       libarchive/archive_random.lo
  CC       libarchive/archive_rb.lo
  CC       libarchive/archive_read.lo
  CC       libarchive/archive_read_add_passphrase.lo
  CC       libarchive/archive_read_append_filter.lo
  CC       libarchive/archive_read_data_into_fd.lo
  CC       libarchive/archive_read_disk_entry_from_file.lo
  CC       libarchive/archive_read_disk_posix.lo
  CC       libarchive/archive_read_disk_set_standard_lookup.lo
  CC       libarchive/archive_read_extract.lo
  CC       libarchive/archive_read_extract2.lo
  CC       libarchive/archive_read_open_fd.lo
  CC       libarchive/archive_read_open_file.lo
  CC       libarchive/archive_read_open_filename.lo
  CC       libarchive/archive_read_open_memory.lo
  CC       libarchive/archive_read_set_format.lo
  CC       libarchive/archive_read_set_options.lo
  CC       libarchive/archive_read_support_filter_all.lo
  CC       libarchive/archive_read_support_filter_by_code.lo
  CC       libarchive/archive_read_support_filter_bzip2.lo
  CC       libarchive/archive_read_support_filter_compress.lo
  CC       libarchive/archive_read_support_filter_grzip.lo
  CC       libarchive/archive_read_support_filter_gzip.lo
  CC       libarchive/archive_read_support_filter_lrzip.lo
  CC       libarchive/archive_read_support_filter_lz4.lo
  CC       libarchive/archive_read_support_filter_lzop.lo
  CC       libarchive/archive_read_support_filter_none.lo
  CC       libarchive/archive_read_support_filter_program.lo
  CC       libarchive/archive_read_support_filter_rpm.lo
  CC       libarchive/archive_read_support_filter_uu.lo
  CC       libarchive/archive_read_support_filter_xz.lo
  CC       libarchive/archive_read_support_filter_zstd.lo
  CC       libarchive/archive_read_support_format_7zip.lo
  CC       libarchive/archive_read_support_format_all.lo
  CC       libarchive/archive_read_support_format_ar.lo
  CC       libarchive/archive_read_support_format_by_code.lo
  CC       libarchive/archive_read_support_format_cab.lo
  CC       libarchive/archive_read_support_format_empty.lo
  CC       libarchive/archive_read_support_format_cpio.lo
  CC       libarchive/archive_read_support_format_iso9660.lo
  CC       libarchive/archive_read_support_format_lha.lo
  CC       libarchive/archive_read_support_format_mtree.lo
  CC       libarchive/archive_read_support_format_rar.lo
  CC       libarchive/archive_read_support_format_rar5.lo
  CC       libarchive/archive_read_support_format_raw.lo
  CC       libarchive/archive_read_support_format_tar.lo
  CC       libarchive/archive_read_support_format_warc.lo
  CC       libarchive/archive_read_support_format_xar.lo
  CC       libarchive/archive_read_support_format_zip.lo
  CC       libarchive/archive_string.lo
  CC       libarchive/archive_string_sprintf.lo
  CC       libarchive/archive_time.lo
  CC       libarchive/archive_util.lo
  CC       libarchive/archive_version_details.lo
  CC       libarchive/archive_virtual.lo
In function '__archive_issetugid',
    inlined from '__archive_get_tempdir' at libarchive/archive_util.c:479:6:
libarchive/archive_util.c:461:12: warning: 'rgid' may be used uninitialized [-Wmaybe-uninitialized]
  461 |         if (rgid != egid || rgid != sgid)
      |            ^
libarchive/archive_util.c: In function '__archive_get_tempdir':
libarchive/archive_util.c:454:15: note: 'rgid' was declared here
  454 |         gid_t rgid, egid, sgid;
      |               ^~~~
  CC       libarchive/archive_write.lo
  CC       libarchive/archive_write_add_filter.lo
  CC       libarchive/archive_write_add_filter_b64encode.lo
  CC       libarchive/archive_write_add_filter_by_name.lo
  CC       libarchive/archive_write_add_filter_bzip2.lo
  CC       libarchive/archive_write_add_filter_compress.lo
  CC       libarchive/archive_write_add_filter_grzip.lo
  CC       libarchive/archive_write_add_filter_gzip.lo
  CC       libarchive/archive_write_add_filter_lrzip.lo
  CC       libarchive/archive_write_add_filter_lz4.lo
  CC       libarchive/archive_write_add_filter_lzop.lo
  CC       libarchive/archive_write_add_filter_none.lo
  CC       libarchive/archive_write_add_filter_program.lo
  CC       libarchive/archive_write_add_filter_uuencode.lo
  CC       libarchive/archive_write_add_filter_xz.lo
  CC       libarchive/archive_write_add_filter_zstd.lo
  CC       libarchive/archive_write_disk_posix.lo
  CC       libarchive/archive_write_disk_set_standard_lookup.lo
  CC       libarchive/archive_write_open_fd.lo
  CC       libarchive/archive_write_open_file.lo
  CC       libarchive/archive_write_open_filename.lo
  CC       libarchive/archive_write_open_memory.lo
  CC       libarchive/archive_write_set_format.lo
  CC       libarchive/archive_write_set_format_7zip.lo
  CC       libarchive/archive_write_set_format_ar.lo
  CC       libarchive/archive_write_set_format_by_name.lo
  CC       libarchive/archive_write_set_format_cpio.lo
  CC       libarchive/archive_write_set_format_cpio_binary.lo
  CC       libarchive/archive_write_set_format_cpio_newc.lo
  CC       libarchive/archive_write_set_format_cpio_odc.lo
  CC       libarchive/archive_write_set_format_filter_by_ext.lo
  CC       libarchive/archive_write_set_format_gnutar.lo
  CC       libarchive/archive_write_set_format_iso9660.lo
  CC       libarchive/archive_write_set_format_mtree.lo
  CC       libarchive/archive_write_set_format_pax.lo
  CC       libarchive/archive_write_set_format_raw.lo
  CC       libarchive/archive_write_set_format_shar.lo
  CC       libarchive/archive_write_set_format_ustar.lo
  CC       libarchive/archive_write_set_format_v7tar.lo
  CC       libarchive/archive_write_set_format_warc.lo
  CC       libarchive/archive_write_set_format_xar.lo
  CC       libarchive/archive_write_set_format_zip.lo
  CC       libarchive/archive_write_set_options.lo
  CC       libarchive/archive_write_set_passphrase.lo
  CC       libarchive/filter_fork_posix.lo
  CC       libarchive/xxhash.lo
  CC       libarchive/archive_blake2s_ref.lo
  CC       libarchive/archive_blake2sp_ref.lo
  CC       libarchive/archive_disk_acl_linux.lo
  CC       libarchive_fe/la-lafe_err.lo
  CC       libarchive_fe/la-line_reader.lo
  CC       libarchive_fe/la-passphrase.lo
  CC       cpio/bsdcpio-cmdline.o
  CC       cpio/bsdcpio-cpio.o
  CC       cat/bsdcat-bsdcat.o
  CC       cat/bsdcat-cmdline.o
  CC       unzip/bsdunzip-bsdunzip.o
  CC       unzip/bsdunzip-cmdline.o
  CC       unzip/bsdunzip-la_getline.o
  CCLD     libarchive_fe.la
  CCLD     libarchive.la
  CCLD     bsdtar
  CCLD     bsdcpio
  CCLD     bsdcat
  CCLD     bsdunzip
make[1]: Leaving directory '/workspace/BUILD/libarchive-3.8.4-build/libarchive-3.8.4'
+ RPM_EC=0
++ jobs -p
+ exit 0
Executing(%install): /bin/sh -e /var/tmp/rpm-tmp.G2L3Ij
+ umask 022
+ cd /workspace/BUILD/libarchive-3.8.4-build
+ /usr/bin/rm -rf /workspace/BUILD/libarchive-3.8.4-build/BUILDROOT
+ /usr/bin/mkdir -p /workspace/BUILD/libarchive-3.8.4-build
+ /usr/bin/mkdir /workspace/BUILD/libarchive-3.8.4-build/BUILDROOT
+ cd libarchive-3.8.4
+ rm -rf /workspace/BUILD/libarchive-3.8.4-build/BUILDROOT
+ make DESTDIR=/workspace/BUILD/libarchive-3.8.4-build/BUILDROOT install
make  install-am
make[1]: Entering directory '/workspace/BUILD/libarchive-3.8.4-build/libarchive-3.8.4'
make[2]: Entering directory '/workspace/BUILD/libarchive-3.8.4-build/libarchive-3.8.4'
 /usr/bin/mkdir -p '/workspace/BUILD/libarchive-3.8.4-build/BUILDROOT/usr/lib/x86_64-linux-gnu'
 /bin/sh ./libtool   --mode=install /usr/bin/install -c   libarchive.la '/workspace/BUILD/libarchive-3.8.4-build/BUILDROOT/usr/lib/x86_64-linux-gnu'
libtool: install: /usr/bin/install -c .libs/libarchive.so.13.8.4 /workspace/BUILD/libarchive-3.8.4-build/BUILDROOT/usr/lib/x86_64-linux-gnu/libarchive.so.13.8.4
libtool: install: (cd /workspace/BUILD/libarchive-3.8.4-build/BUILDROOT/usr/lib/x86_64-linux-gnu && { ln -s -f libarchive.so.13.8.4 libarchive.so.13 || { rm -f libarchive.so.13 && ln -s libarchive.so.13.8.4 libarchive.so.13; }; })
libtool: install: (cd /workspace/BUILD/libarchive-3.8.4-build/BUILDROOT/usr/lib/x86_64-linux-gnu && { ln -s -f libarchive.so.13.8.4 libarchive.so || { rm -f libarchive.so && ln -s libarchive.so.13.8.4 libarchive.so; }; })
libtool: install: /usr/bin/install -c .libs/libarchive.lai /workspace/BUILD/libarchive-3.8.4-build/BUILDROOT/usr/lib/x86_64-linux-gnu/libarchive.la
libtool: warning: remember to run 'libtool --finish /usr/lib/x86_64-linux-gnu'
 /usr/bin/mkdir -p '/workspace/BUILD/libarchive-3.8.4-build/BUILDROOT/usr/bin'
  /bin/sh ./libtool   --mode=install /usr/bin/install -c bsdtar bsdcpio bsdcat bsdunzip '/workspace/BUILD/libarchive-3.8.4-build/BUILDROOT/usr/bin'
libtool: install: /usr/bin/install -c .libs/bsdtar /workspace/BUILD/libarchive-3.8.4-build/BUILDROOT/usr/bin/bsdtar
libtool: install: /usr/bin/install -c .libs/bsdcpio /workspace/BUILD/libarchive-3.8.4-build/BUILDROOT/usr/bin/bsdcpio
libtool: install: /usr/bin/install -c .libs/bsdcat /workspace/BUILD/libarchive-3.8.4-build/BUILDROOT/usr/bin/bsdcat
libtool: install: /usr/bin/install -c .libs/bsdunzip /workspace/BUILD/libarchive-3.8.4-build/BUILDROOT/usr/bin/bsdunzip
 /usr/bin/mkdir -p '/workspace/BUILD/libarchive-3.8.4-build/BUILDROOT/usr/include'
 /usr/bin/install -c -m 644 libarchive/archive.h libarchive/archive_entry.h '/workspace/BUILD/libarchive-3.8.4-build/BUILDROOT/usr/include'
 /usr/bin/mkdir -p '/workspace/BUILD/libarchive-3.8.4-build/BUILDROOT/usr/share/man/man1'
 /usr/bin/install -c -m 644 tar/bsdtar.1 cpio/bsdcpio.1 cat/bsdcat.1 unzip/bsdunzip.1 '/workspace/BUILD/libarchive-3.8.4-build/BUILDROOT/usr/share/man/man1'
 /usr/bin/mkdir -p '/workspace/BUILD/libarchive-3.8.4-build/BUILDROOT/usr/share/man/man3'
 /usr/bin/install -c -m 644 libarchive/archive_entry.3 libarchive/archive_entry_acl.3 libarchive/archive_entry_linkify.3 libarchive/archive_entry_misc.3 libarchive/archive_entry_paths.3 libarchive/archive_entry_perms.3 libarchive/archive_entry_stat.3 libarchive/archive_entry_time.3 libarchive/archive_read.3 libarchive/archive_read_add_passphrase.3 libarchive/archive_read_data.3 libarchive/archive_read_disk.3 libarchive/archive_read_extract.3 libarchive/archive_read_filter.3 libarchive/archive_read_format.3 libarchive/archive_read_free.3 libarchive/archive_read_header.3 libarchive/archive_read_new.3 libarchive/archive_read_open.3 libarchive/archive_read_set_options.3 libarchive/archive_util.3 libarchive/archive_write.3 libarchive/archive_write_blocksize.3 libarchive/archive_write_data.3 libarchive/archive_write_disk.3 libarchive/archive_write_filter.3 libarchive/archive_write_finish_entry.3 libarchive/archive_write_format.3 libarchive/archive_write_free.3 libarchive/archive_write_header.3 libarchive/archive_write_new.3 libarchive/archive_write_open.3 libarchive/archive_write_set_options.3 libarchive/archive_write_set_passphrase.3 libarchive/libarchive.3 libarchive/libarchive_changes.3 libarchive/libarchive_internals.3 '/workspace/BUILD/libarchive-3.8.4-build/BUILDROOT/usr/share/man/man3'
 /usr/bin/mkdir -p '/workspace/BUILD/libarchive-3.8.4-build/BUILDROOT/usr/share/man/man5'
 /usr/bin/install -c -m 644 libarchive/cpio.5 libarchive/libarchive-formats.5 libarchive/mtree.5 libarchive/tar.5 '/workspace/BUILD/libarchive-3.8.4-build/BUILDROOT/usr/share/man/man5'
 /usr/bin/mkdir -p '/workspace/BUILD/libarchive-3.8.4-build/BUILDROOT/usr/lib/x86_64-linux-gnu/pkgconfig'
 /usr/bin/install -c -m 644 build/pkgconfig/libarchive.pc '/workspace/BUILD/libarchive-3.8.4-build/BUILDROOT/usr/lib/x86_64-linux-gnu/pkgconfig'
make[2]: Leaving directory '/workspace/BUILD/libarchive-3.8.4-build/libarchive-3.8.4'
make[1]: Leaving directory '/workspace/BUILD/libarchive-3.8.4-build/libarchive-3.8.4'
+ rm -f /workspace/BUILD/libarchive-3.8.4-build/BUILDROOT/usr/share/info/dir
+ cd /workspace/BUILD/libarchive-3.8.4-build/BUILDROOT
+ find . -type f -o -type l
+ sed 's|^\.||'
Reading /workspace/BUILD/libarchive-3.8.4-build/SPECPARTS/rpm-debuginfo.specpart
Executing(%check): /bin/sh -e /var/tmp/rpm-tmp.sevBM9
+ umask 022
+ cd /workspace/BUILD/libarchive-3.8.4-build
+ cd libarchive-3.8.4
+ make check
make  check-am
make[1]: Entering directory '/workspace/BUILD/libarchive-3.8.4-build/libarchive-3.8.4'
make  libarchive_test bsdtar_test bsdcpio_test bsdcat_test bsdunzip_test
make[2]: Entering directory '/workspace/BUILD/libarchive-3.8.4-build/libarchive-3.8.4'
  CC       libarchive/test-archive_acl.o
  CC       libarchive/test-archive_check_magic.o
  CC       libarchive/test-archive_cmdline.o
  CC       libarchive/test-archive_cryptor.o
  CC       libarchive/test-archive_digest.o
  CC       libarchive/test-archive_entry.o
  CC       libarchive/test-archive_entry_copy_stat.o
  CC       libarchive/test-archive_entry_link_resolver.o
  CC       libarchive/test-archive_entry_sparse.o
  CC       libarchive/test-archive_entry_stat.o
  CC       libarchive/test-archive_entry_strmode.o
  CC       libarchive/test-archive_entry_xattr.o
  CC       libarchive/test-archive_hmac.o
  CC       libarchive/test-archive_match.o
  CC       libarchive/test-archive_options.o
  CC       libarchive/test-archive_pack_dev.o
  CC       libarchive/test-archive_parse_date.o
  CC       libarchive/test-archive_pathmatch.o
  CC       libarchive/test-archive_ppmd7.o
  CC       libarchive/test-archive_ppmd8.o
  CC       libarchive/test-archive_random.o
  CC       libarchive/test-archive_rb.o
  CC       libarchive/test-archive_read.o
  CC       libarchive/test-archive_read_add_passphrase.o
  CC       libarchive/test-archive_read_append_filter.o
  CC       libarchive/test-archive_read_data_into_fd.o
  CC       libarchive/test-archive_read_disk_entry_from_file.o
  CC       libarchive/test-archive_read_disk_posix.o
  CC       libarchive/test-archive_read_disk_set_standard_lookup.o
  CC       libarchive/test-archive_read_extract.o
  CC       libarchive/test-archive_read_extract2.o
  CC       libarchive/test-archive_read_open_fd.o
  CC       libarchive/test-archive_read_open_file.o
  CC       libarchive/test-archive_read_open_filename.o
  CC       libarchive/test-archive_read_open_memory.o
  CC       libarchive/test-archive_read_set_format.o
  CC       libarchive/test-archive_read_set_options.o
  CC       libarchive/test-archive_read_support_filter_all.o
  CC       libarchive/test-archive_read_support_filter_by_code.o
  CC       libarchive/test-archive_read_support_filter_bzip2.o
  CC       libarchive/test-archive_read_support_filter_compress.o
  CC       libarchive/test-archive_read_support_filter_grzip.o
  CC       libarchive/test-archive_read_support_filter_gzip.o
  CC       libarchive/test-archive_read_support_filter_lrzip.o
  CC       libarchive/test-archive_read_support_filter_lz4.o
  CC       libarchive/test-archive_read_support_filter_lzop.o
  CC       libarchive/test-archive_read_support_filter_none.o
  CC       libarchive/test-archive_read_support_filter_program.o
  CC       libarchive/test-archive_read_support_filter_rpm.o
  CC       libarchive/test-archive_read_support_filter_uu.o
  CC       libarchive/test-archive_read_support_filter_xz.o
  CC       libarchive/test-archive_read_support_filter_zstd.o
  CC       libarchive/test-archive_read_support_format_7zip.o
  CC       libarchive/test-archive_read_support_format_all.o
  CC       libarchive/test-archive_read_support_format_ar.o
  CC       libarchive/test-archive_read_support_format_by_code.o
  CC       libarchive/test-archive_read_support_format_cab.o
  CC       libarchive/test-archive_read_support_format_cpio.o
  CC       libarchive/test-archive_read_support_format_empty.o
  CC       libarchive/test-archive_read_support_format_iso9660.o
  CC       libarchive/test-archive_read_support_format_lha.o
  CC       libarchive/test-archive_read_support_format_mtree.o
  CC       libarchive/test-archive_read_support_format_rar.o
  CC       libarchive/test-archive_read_support_format_rar5.o
  CC       libarchive/test-archive_read_support_format_raw.o
  CC       libarchive/test-archive_read_support_format_tar.o
  CC       libarchive/test-archive_read_support_format_warc.o
  CC       libarchive/test-archive_read_support_format_xar.o
  CC       libarchive/test-archive_read_support_format_zip.o
  CC       libarchive/test-archive_string.o
  CC       libarchive/test-archive_string_sprintf.o
  CC       libarchive/test-archive_time.o
  CC       libarchive/test-archive_util.o
In function '__archive_issetugid',
    inlined from '__archive_get_tempdir' at libarchive/archive_util.c:479:6:
libarchive/archive_util.c:461:12: warning: 'rgid' may be used uninitialized [-Wmaybe-uninitialized]
  461 |         if (rgid != egid || rgid != sgid)
      |            ^
libarchive/archive_util.c: In function '__archive_get_tempdir':
libarchive/archive_util.c:454:15: note: 'rgid' was declared here
  454 |         gid_t rgid, egid, sgid;
      |               ^~~~
  CC       libarchive/test-archive_version_details.o
  CC       libarchive/test-archive_virtual.o
  CC       libarchive/test-archive_write.o
  CC       libarchive/test-archive_write_add_filter.o
  CC       libarchive/test-archive_write_add_filter_b64encode.o
  CC       libarchive/test-archive_write_add_filter_by_name.o
  CC       libarchive/test-archive_write_add_filter_bzip2.o
  CC       libarchive/test-archive_write_add_filter_compress.o
  CC       libarchive/test-archive_write_add_filter_grzip.o
  CC       libarchive/test-archive_write_add_filter_gzip.o
  CC       libarchive/test-archive_write_add_filter_lrzip.o
  CC       libarchive/test-archive_write_add_filter_lz4.o
  CC       libarchive/test-archive_write_add_filter_lzop.o
  CC       libarchive/test-archive_write_add_filter_none.o
  CC       libarchive/test-archive_write_add_filter_program.o
  CC       libarchive/test-archive_write_add_filter_uuencode.o
  CC       libarchive/test-archive_write_add_filter_xz.o
  CC       libarchive/test-archive_write_add_filter_zstd.o
  CC       libarchive/test-archive_write_disk_posix.o
  CC       libarchive/test-archive_write_disk_set_standard_lookup.o
  CC       libarchive/test-archive_write_open_fd.o
  CC       libarchive/test-archive_write_open_file.o
  CC       libarchive/test-archive_write_open_filename.o
  CC       libarchive/test-archive_write_open_memory.o
  CC       libarchive/test-archive_write_set_format.o
  CC       libarchive/test-archive_write_set_format_7zip.o
  CC       libarchive/test-archive_write_set_format_ar.o
  CC       libarchive/test-archive_write_set_format_by_name.o
  CC       libarchive/test-archive_write_set_format_cpio.o
  CC       libarchive/test-archive_write_set_format_cpio_binary.o
  CC       libarchive/test-archive_write_set_format_cpio_newc.o
  CC       libarchive/test-archive_write_set_format_cpio_odc.o
  CC       libarchive/test-archive_write_set_format_filter_by_ext.o
  CC       libarchive/test-archive_write_set_format_gnutar.o
  CC       libarchive/test-archive_write_set_format_iso9660.o
  CC       libarchive/test-archive_write_set_format_mtree.o
  CC       libarchive/test-archive_write_set_format_pax.o
  CC       libarchive/test-archive_write_set_format_raw.o
  CC       libarchive/test-archive_write_set_format_shar.o
  CC       libarchive/test-archive_write_set_format_ustar.o
  CC       libarchive/test-archive_write_set_format_v7tar.o
  CC       libarchive/test-archive_write_set_format_warc.o
  CC       libarchive/test-archive_write_set_format_xar.o
  CC       libarchive/test-archive_write_set_format_zip.o
  CC       libarchive/test-archive_write_set_options.o
  CC       libarchive/test-archive_write_set_passphrase.o
  CC       libarchive/test-filter_fork_posix.o
  CC       libarchive/test-xxhash.o
  CC       libarchive/test-archive_blake2s_ref.o
  CC       libarchive/test-archive_blake2sp_ref.o
  CC       libarchive/test-archive_disk_acl_linux.o
  CC       test_utils/libarchive_test-test_main.o
  CC       test_utils/libarchive_test-test_utils.o
  CC       libarchive/test/test-read_open_memory.o
  CC       libarchive/test/test-test_7zip_filename_encoding.o
  CC       libarchive/test/test-test_acl_nfs4.o
  CC       libarchive/test/test-test_acl_pax.o
  CC       libarchive/test/test-test_acl_platform_nfs4.o
  CC       libarchive/test/test-test_acl_platform_posix1e.o
  CC       libarchive/test/test-test_acl_posix1e.o
  CC       libarchive/test/test-test_acl_text.o
  CC       libarchive/test/test-test_ar_mode.o
  CC       libarchive/test/test-test_archive_api_feature.o
  CC       libarchive/test/test-test_archive_clear_error.o
  CC       libarchive/test/test-test_archive_cmdline.o
  CC       libarchive/test/test-test_archive_digest.o
  CC       libarchive/test/test-test_archive_match_owner.o
  CC       libarchive/test/test-test_archive_match_path.o
  CC       libarchive/test/test-test_archive_match_time.o
  CC       libarchive/test/test-test_archive_parse_date.o
  CC       libarchive/test/test-test_archive_pathmatch.o
  CC       libarchive/test/test-test_archive_read.o
  CC       libarchive/test/test-test_archive_read_add_passphrase.o
  CC       libarchive/test/test-test_archive_read_close_twice.o
  CC       libarchive/test/test-test_archive_read_close_twice_open_fd.o
  CC       libarchive/test/test-test_archive_read_close_twice_open_filename.o
  CC       libarchive/test/test-test_archive_read_multiple_data_objects.o
  CC       libarchive/test/test-test_archive_read_next_header_empty.o
  CC       libarchive/test/test-test_archive_read_next_header_raw.o
  CC       libarchive/test/test-test_archive_read_open2.o
  CC       libarchive/test/test-test_archive_read_set_filter_option.o
  CC       libarchive/test/test-test_archive_read_set_format_option.o
  CC       libarchive/test/test-test_archive_read_set_option.o
  CC       libarchive/test/test-test_archive_read_set_options.o
  CC       libarchive/test/test-test_archive_read_support.o
  CC       libarchive/test/test-test_archive_set_error.o
  CC       libarchive/test/test-test_archive_string.o
  CC       libarchive/test/test-test_archive_string_conversion.o
  CC       libarchive/test/test-test_archive_write_add_filter_by_name.o
  CC       libarchive/test/test-test_archive_write_set_filter_option.o
  CC       libarchive/test/test-test_archive_write_set_format_by_name.o
  CC       libarchive/test/test-test_archive_write_set_format_filter_by_ext.o
  CC       libarchive/test/test-test_archive_write_set_format_option.o
  CC       libarchive/test/test-test_archive_write_set_option.o
  CC       libarchive/test/test-test_archive_write_set_options.o
  CC       libarchive/test/test-test_archive_write_set_passphrase.o
  CC       libarchive/test/test-test_bad_fd.o
  CC       libarchive/test/test-test_compat_bzip2.o
  CC       libarchive/test/test-test_compat_cpio.o
  CC       libarchive/test/test-test_compat_gtar.o
  CC       libarchive/test/test-test_compat_gtar_large.o
  CC       libarchive/test/test-test_compat_gzip.o
  CC       libarchive/test/test-test_compat_lz4.o
  CC       libarchive/test/test-test_compat_lzip.o
  CC       libarchive/test/test-test_compat_lzma.o
  CC       libarchive/test/test-test_compat_lzop.o
  CC       libarchive/test/test-test_compat_mac.o
  CC       libarchive/test/test-test_compat_perl_archive_tar.o
  CC       libarchive/test/test-test_compat_plexus_archiver_tar.o
  CC       libarchive/test/test-test_compat_solaris_tar_acl.o
  CC       libarchive/test/test-test_compat_solaris_pax_sparse.o
  CC       libarchive/test/test-test_compat_star_acl.o
  CC       libarchive/test/test-test_compat_tar_directory.o
  CC       libarchive/test/test-test_compat_tar_hardlink.o
  CC       libarchive/test/test-test_compat_uudecode.o
  CC       libarchive/test/test-test_compat_uudecode_large.o
  CC       libarchive/test/test-test_compat_xz.o
  CC       libarchive/test/test-test_compat_zip.o
  CC       libarchive/test/test-test_compat_zstd.o
  CC       libarchive/test/test-test_empty_write.o
  CC       libarchive/test/test-test_entry.o
  CC       libarchive/test/test-test_entry_strmode.o
  CC       libarchive/test/test-test_extattr_freebsd.o
  CC       libarchive/test/test-test_filter_count.o
  CC       libarchive/test/test-test_fuzz.o
  CC       libarchive/test/test-test_gnutar_filename_encoding.o
  CC       libarchive/test/test-test_link_resolver.o
  CC       libarchive/test/test-test_open_failure.o
  CC       libarchive/test/test-test_open_fd.o
  CC       libarchive/test/test-test_open_file.o
  CC       libarchive/test/test-test_open_filename.o
  CC       libarchive/test/test-test_pax_filename_encoding.o
  CC       libarchive/test/test-test_pax_xattr_header.o
  CC       libarchive/test/test-test_read_data_large.o
  CC       libarchive/test/test-test_read_disk.o
  CC       libarchive/test/test-test_read_disk_directory_traversals.o
  CC       libarchive/test/test-test_read_disk_entry_from_file.o
  CC       libarchive/test/test-test_read_extract.o
  CC       libarchive/test/test-test_read_file_nonexistent.o
  CC       libarchive/test/test-test_read_filter_compress.o
  CC       libarchive/test/test-test_read_filter_grzip.o
  CC       libarchive/test/test-test_read_filter_gzip_recursive.o
  CC       libarchive/test/test-test_read_filter_lrzip.o
  CC       libarchive/test/test-test_read_filter_lzop.o
  CC       libarchive/test/test-test_read_filter_lzop_multiple_parts.o
  CC       libarchive/test/test-test_read_filter_program.o
  CC       libarchive/test/test-test_read_filter_program_signature.o
  CC       libarchive/test/test-test_read_filter_uudecode.o
  CC       libarchive/test/test-test_read_filter_uudecode_raw.o
  CC       libarchive/test/test-test_read_format_7zip.o
  CC       libarchive/test/test-test_read_format_7zip_encryption_data.o
  CC       libarchive/test/test-test_read_format_7zip_encryption_partially.o
  CC       libarchive/test/test-test_read_format_7zip_encryption_header.o
  CC       libarchive/test/test-test_read_format_7zip_issue2765.o
  CC       libarchive/test/test-test_read_format_7zip_malformed.o
  CC       libarchive/test/test-test_read_format_7zip_packinfo_digests.o
  CC       libarchive/test/test-test_read_format_ar.o
  CC       libarchive/test/test-test_read_format_cab.o
  CC       libarchive/test/test-test_read_format_cab_filename.o
  CC       libarchive/test/test-test_read_format_cpio_afio.o
  CC       libarchive/test/test-test_read_format_cpio_bin.o
  CC       libarchive/test/test-test_read_format_cpio_bin_Z.o
  CC       libarchive/test/test-test_read_format_cpio_bin_be.o
  CC       libarchive/test/test-test_read_format_cpio_bin_bz2.o
  CC       libarchive/test/test-test_read_format_cpio_bin_gz.o
  CC       libarchive/test/test-test_read_format_cpio_bin_le.o
  CC       libarchive/test/test-test_read_format_cpio_bin_lzip.o
  CC       libarchive/test/test-test_read_format_cpio_bin_lzma.o
  CC       libarchive/test/test-test_read_format_cpio_bin_xz.o
  CC       libarchive/test/test-test_read_format_cpio_filename.o
  CC       libarchive/test/test-test_read_format_cpio_odc.o
  CC       libarchive/test/test-test_read_format_cpio_svr4_bzip2_rpm.o
  CC       libarchive/test/test-test_read_format_cpio_svr4_gzip.o
  CC       libarchive/test/test-test_read_format_cpio_svr4_gzip_rpm.o
  CC       libarchive/test/test-test_read_format_cpio_svr4c_Z.o
  CC       libarchive/test/test-test_read_format_empty.o
  CC       libarchive/test/test-test_read_format_gtar_filename.o
  CC       libarchive/test/test-test_read_format_gtar_gz.o
  CC       libarchive/test/test-test_read_format_gtar_lzma.o
  CC       libarchive/test/test-test_read_format_gtar_redundant_L.o
  CC       libarchive/test/test-test_read_format_gtar_sparse.o
  CC       libarchive/test/test-test_read_format_gtar_sparse_length.o
  CC       libarchive/test/test-test_read_format_gtar_sparse_skip_entry.o
  CC       libarchive/test/test-test_read_format_huge_rpm.o
  CC       libarchive/test/test-test_read_format_iso_Z.o
  CC       libarchive/test/test-test_read_format_iso_multi_extent.o
  CC       libarchive/test/test-test_read_format_iso_xorriso.o
  CC       libarchive/test/test-test_read_format_isojoliet_bz2.o
  CC       libarchive/test/test-test_read_format_isojoliet_long.o
  CC       libarchive/test/test-test_read_format_isojoliet_rr.o
  CC       libarchive/test/test-test_read_format_isojoliet_versioned.o
  CC       libarchive/test/test-test_read_format_isorr_bz2.o
  CC       libarchive/test/test-test_read_format_isorr_ce.o
  CC       libarchive/test/test-test_read_format_isorr_new_bz2.o
  CC       libarchive/test/test-test_read_format_isorr_rr_moved.o
  CC       libarchive/test/test-test_read_format_isozisofs_bz2.o
  CC       libarchive/test/test-test_read_format_lha.o
  CC       libarchive/test/test-test_read_format_lha_bugfix_0.o
  CC       libarchive/test/test-test_read_format_lha_filename.o
  CC       libarchive/test/test-test_read_format_lha_filename_utf16.o
  CC       libarchive/test/test-test_read_format_mtree.o
  CC       libarchive/test/test-test_read_format_mtree_crash747.o
  CC       libarchive/test/test-test_read_format_pax_bz2.o
  CC       libarchive/test/test-test_read_format_rar.o
  CC       libarchive/test/test-test_read_format_rar_encryption.o
  CC       libarchive/test/test-test_read_format_rar_encryption_data.o
  CC       libarchive/test/test-test_read_format_rar_encryption_partially.o
  CC       libarchive/test/test-test_read_format_rar_encryption_header.o
  CC       libarchive/test/test-test_read_format_rar_filter.o
  CC       libarchive/test/test-test_read_format_rar_invalid1.o
  CC       libarchive/test/test-test_read_format_rar_overflow.o
  CC       libarchive/test/test-test_read_format_rar5.o
  CC       libarchive/test/test-test_read_format_raw.o
  CC       libarchive/test/test-test_read_format_tar.o
  CC       libarchive/test/test-test_read_format_tar_V_negative_size.o
  CC       libarchive/test/test-test_read_format_tar_concatenated.o
  CC       libarchive/test/test-test_read_format_tar_empty_pax.o
  CC       libarchive/test/test-test_read_format_tar_empty_filename.o
  CC       libarchive/test/test-test_read_format_tar_empty_with_gnulabel.o
  CC       libarchive/test/test-test_read_format_tar_filename.o
  CC       libarchive/test/test-test_read_format_tar_invalid_pax_size.o
  CC       libarchive/test/test-test_read_format_tar_mac_metadata.o
  CC       libarchive/test/test-test_read_format_tar_pax_g_large.o
  CC       libarchive/test/test-test_read_format_tar_pax_large_attr.o
  CC       libarchive/test/test-test_read_format_tar_pax_negative_time.o
  CC       libarchive/test/test-test_read_format_tbz.o
  CC       libarchive/test/test-test_read_format_tgz.o
  CC       libarchive/test/test-test_read_format_tlz.o
  CC       libarchive/test/test-test_read_format_txz.o
  CC       libarchive/test/test-test_read_format_tz.o
  CC       libarchive/test/test-test_read_format_ustar_filename.o
  CC       libarchive/test/test-test_read_format_warc.o
  CC       libarchive/test/test-test_read_format_xar.o
  CC       libarchive/test/test-test_read_format_xar_doublelink.o
  CC       libarchive/test/test-test_read_format_zip.o
  CC       libarchive/test/test-test_read_format_zip_7075_utf8_paths.o
  CC       libarchive/test/test-test_read_format_zip_comment_stored.o
  CC       libarchive/test/test-test_read_format_zip_encryption_data.o
  CC       libarchive/test/test-test_read_format_zip_encryption_partially.o
  CC       libarchive/test/test-test_read_format_zip_encryption_header.o
  CC       libarchive/test/test-test_read_format_zip_extra_padding.o
  CC       libarchive/test/test-test_read_format_zip_filename.o
  CC       libarchive/test/test-test_read_format_zip_high_compression.o
  CC       libarchive/test/test-test_read_format_zip_jar.o
  CC       libarchive/test/test-test_read_format_zip_mac_metadata.o
  CC       libarchive/test/test-test_read_format_zip_malformed.o
  CC       libarchive/test/test-test_read_format_zip_msdos.o
  CC       libarchive/test/test-test_read_format_zip_nested.o
  CC       libarchive/test/test-test_read_format_zip_nofiletype.o
  CC       libarchive/test/test-test_read_format_zip_padded.o
  CC       libarchive/test/test-test_read_format_zip_sfx.o
  CC       libarchive/test/test-test_read_format_zip_traditional_encryption_data.o
  CC       libarchive/test/test-test_read_format_zip_winzip_aes.o
  CC       libarchive/test/test-test_read_format_zip_winzip_aes_large.o
  CC       libarchive/test/test-test_read_format_zip_zip64.o
  CC       libarchive/test/test-test_read_format_zip_with_invalid_traditional_eocd.o
  CC       libarchive/test/test-test_read_large.o
  CC       libarchive/test/test-test_read_pax_empty_val_no_nl.o
  CC       libarchive/test/test-test_read_pax_xattr_rht_security_selinux.o
  CC       libarchive/test/test-test_read_pax_xattr_schily.o
  CC       libarchive/test/test-test_read_pax_truncated.o
  CC       libarchive/test/test-test_read_position.o
  CC       libarchive/test/test-test_read_set_format.o
  CC       libarchive/test/test-test_read_too_many_filters.o
  CC       libarchive/test/test-test_read_truncated.o
  CC       libarchive/test/test-test_read_truncated_filter.o
  CC       libarchive/test/test-test_short_writes.o
  CC       libarchive/test/test-test_sparse_basic.o
  CC       libarchive/test/test-test_tar_filenames.o
  CC       libarchive/test/test-test_tar_large.o
  CC       libarchive/test/test-test_ustar_filenames.o
  CC       libarchive/test/test-test_ustar_filename_encoding.o
  CC       libarchive/test/test-test_warn_missing_hardlink_target.o
  CC       libarchive/test/test-test_write_disk.o
  CC       libarchive/test/test-test_write_disk_appledouble.o
  CC       libarchive/test/test-test_write_disk_failures.o
  CC       libarchive/test/test-test_write_disk_fixup.o
  CC       libarchive/test/test-test_write_disk_hardlink.o
  CC       libarchive/test/test-test_write_disk_hfs_compression.o
  CC       libarchive/test/test-test_write_disk_lookup.o
  CC       libarchive/test/test-test_write_disk_mac_metadata.o
  CC       libarchive/test/test-test_write_disk_no_hfs_compression.o
  CC       libarchive/test/test-test_write_disk_perms.o
  CC       libarchive/test/test-test_write_disk_secure.o
  CC       libarchive/test/test-test_write_disk_secure_noabsolutepaths.o
  CC       libarchive/test/test-test_write_disk_secure744.o
  CC       libarchive/test/test-test_write_disk_secure745.o
  CC       libarchive/test/test-test_write_disk_secure746.o
  CC       libarchive/test/test-test_write_disk_sparse.o
  CC       libarchive/test/test-test_write_disk_symlink.o
  CC       libarchive/test/test-test_write_disk_times.o
  CC       libarchive/test/test-test_write_filter_b64encode.o
  CC       libarchive/test/test-test_write_filter_bzip2.o
  CC       libarchive/test/test-test_write_filter_compress.o
  CC       libarchive/test/test-test_write_filter_gzip.o
  CC       libarchive/test/test-test_write_filter_gzip_timestamp.o
  CC       libarchive/test/test-test_write_filter_lrzip.o
  CC       libarchive/test/test-test_write_filter_lz4.o
  CC       libarchive/test/test-test_write_filter_lzip.o
  CC       libarchive/test/test-test_write_filter_lzma.o
  CC       libarchive/test/test-test_write_filter_lzop.o
  CC       libarchive/test/test-test_write_filter_program.o
  CC       libarchive/test/test-test_write_filter_uuencode.o
  CC       libarchive/test/test-test_write_filter_xz.o
  CC       libarchive/test/test-test_write_filter_zstd.o
  CC       libarchive/test/test-test_write_format_7zip.o
  CC       libarchive/test/test-test_write_format_7zip_empty.o
  CC       libarchive/test/test-test_write_format_7zip_large.o
  CC       libarchive/test/test-test_write_format_ar.o
  CC       libarchive/test/test-test_write_format_cpio.o
  CC       libarchive/test/test-test_write_format_cpio_empty.o
  CC       libarchive/test/test-test_write_format_cpio_newc.o
  CC       libarchive/test/test-test_write_format_cpio_odc.o
  CC       libarchive/test/test-test_write_format_gnutar.o
  CC       libarchive/test/test-test_write_format_gnutar_filenames.o
  CC       libarchive/test/test-test_write_format_iso9660.o
  CC       libarchive/test/test-test_write_format_iso9660_boot.o
  CC       libarchive/test/test-test_write_format_iso9660_empty.o
  CC       libarchive/test/test-test_write_format_iso9660_filename.o
  CC       libarchive/test/test-test_write_format_iso9660_zisofs.o
  CC       libarchive/test/test-test_write_format_mtree.o
  CC       libarchive/test/test-test_write_format_mtree_absolute_path.o
  CC       libarchive/test/test-test_write_format_mtree_classic.o
  CC       libarchive/test/test-test_write_format_mtree_classic_indent.o
  CC       libarchive/test/test-test_write_format_mtree_fflags.o
  CC       libarchive/test/test-test_write_format_mtree_no_separator.o
  CC       libarchive/test/test-test_write_format_mtree_preset_digests.o
  CC       libarchive/test/test-test_write_format_mtree_quoted_filename.o
  CC       libarchive/test/test-test_write_format_pax.o
  CC       libarchive/test/test-test_write_format_raw.o
  CC       libarchive/test/test-test_write_format_raw_b64.o
  CC       libarchive/test/test-test_write_format_shar_empty.o
  CC       libarchive/test/test-test_write_format_tar.o
  CC       libarchive/test/test-test_write_format_tar_empty.o
  CC       libarchive/test/test-test_write_format_tar_sparse.o
  CC       libarchive/test/test-test_write_format_tar_ustar.o
  CC       libarchive/test/test-test_write_format_tar_v7tar.o
  CC       libarchive/test/test-test_write_format_warc.o
  CC       libarchive/test/test-test_write_format_warc_empty.o
  CC       libarchive/test/test-test_write_format_xar.o
  CC       libarchive/test/test-test_write_format_xar_empty.o
  CC       libarchive/test/test-test_write_format_zip.o
  CC       libarchive/test/test-test_write_format_zip64_stream.o
  CC       libarchive/test/test-test_write_format_zip_compression_store.o
  CC       libarchive/test/test-test_write_format_zip_compression_zstd.o
  CC       libarchive/test/test-test_write_format_zip_compression_bzip2.o
  CC       libarchive/test/test-test_write_format_zip_compression_lzmaxz.o
  CC       libarchive/test/test-test_write_format_zip_empty.o
  CC       libarchive/test/test-test_write_format_zip_empty_zip64.o
  CC       libarchive/test/test-test_write_format_zip_entry_size_unset.o
  CC       libarchive/test/test-test_write_format_zip_file.o
  CC       libarchive/test/test-test_write_format_zip_file_zip64.o
  CC       libarchive/test/test-test_write_format_zip_large.o
  CC       libarchive/test/test-test_write_format_zip_stream.o
  CC       libarchive/test/test-test_write_format_zip_windows_path.o
  CC       libarchive/test/test-test_write_format_zip_zip64.o
  CC       libarchive/test/test-test_write_open_memory.o
  CC       libarchive/test/test-test_write_read_format_zip.o
  CC       libarchive/test/test-test_xattr_platform.o
  CC       libarchive/test/test-test_zip_filename_encoding.o
  CCLD     libarchive_test
  CC       test_utils/bsdtar_test-test_main.o
  CC       test_utils/bsdtar_test-test_utils.o
  CC       tar/test/bsdtar_test-test_0.o
  CC       tar/test/bsdtar_test-test_basic.o
  CC       tar/test/bsdtar_test-test_copy.o
  CC       tar/test/bsdtar_test-test_crlf_mtree.o
  CC       tar/test/bsdtar_test-test_empty_mtree.o
  CC       tar/test/bsdtar_test-test_extract_tar_Z.o
  CC       tar/test/bsdtar_test-test_extract_tar_bz2.o
  CC       tar/test/bsdtar_test-test_extract_tar_grz.o
  CC       tar/test/bsdtar_test-test_extract_tar_gz.o
  CC       tar/test/bsdtar_test-test_extract_tar_lrz.o
  CC       tar/test/bsdtar_test-test_extract_tar_lz.o
  CC       tar/test/bsdtar_test-test_extract_tar_lz4.o
  CC       tar/test/bsdtar_test-test_extract_tar_lzma.o
  CC       tar/test/bsdtar_test-test_extract_tar_lzo.o
  CC       tar/test/bsdtar_test-test_extract_tar_xz.o
  CC       tar/test/bsdtar_test-test_extract_tar_zstd.o
  CC       tar/test/bsdtar_test-test_format_newc.o
  CC       tar/test/bsdtar_test-test_help.o
  CC       tar/test/bsdtar_test-test_leading_slash.o
  CC       tar/test/bsdtar_test-test_list_item.o
  CC       tar/test/bsdtar_test-test_missing_file.o
  CC       tar/test/bsdtar_test-test_option_C_mtree.o
  CC       tar/test/bsdtar_test-test_option_C_upper.o
  CC       tar/test/bsdtar_test-test_option_H_upper.o
  CC       tar/test/bsdtar_test-test_option_L_upper.o
  CC       tar/test/bsdtar_test-test_option_O_upper.o
  CC       tar/test/bsdtar_test-test_option_P_upper.o
  CC       tar/test/bsdtar_test-test_option_T_upper.o
  CC       tar/test/bsdtar_test-test_option_U_upper.o
  CC       tar/test/bsdtar_test-test_option_X_upper.o
  CC       tar/test/bsdtar_test-test_option_acls.o
  CC       tar/test/bsdtar_test-test_option_a.o
  CC       tar/test/bsdtar_test-test_option_b.o
  CC       tar/test/bsdtar_test-test_option_b64encode.o
  CC       tar/test/bsdtar_test-test_option_exclude.o
  CC       tar/test/bsdtar_test-test_option_exclude_vcs.o
  CC       tar/test/bsdtar_test-test_option_fflags.o
  CC       tar/test/bsdtar_test-test_option_gid_gname.o
  CC       tar/test/bsdtar_test-test_option_group.o
  CC       tar/test/bsdtar_test-test_option_grzip.o
  CC       tar/test/bsdtar_test-test_option_ignore_zeros.o
  CC       tar/test/bsdtar_test-test_option_j.o
  CC       tar/test/bsdtar_test-test_option_k.o
  CC       tar/test/bsdtar_test-test_option_keep_newer_files.o
  CC       tar/test/bsdtar_test-test_option_lrzip.o
  CC       tar/test/bsdtar_test-test_option_lz4.o
  CC       tar/test/bsdtar_test-test_option_lzma.o
  CC       tar/test/bsdtar_test-test_option_lzop.o
  CC       tar/test/bsdtar_test-test_option_mtime.o
  CC       tar/test/bsdtar_test-test_option_n.o
  CC       tar/test/bsdtar_test-test_option_newer_than.o
  CC       tar/test/bsdtar_test-test_option_nodump.o
  CC       tar/test/bsdtar_test-test_option_older_than.o
  CC       tar/test/bsdtar_test-test_option_owner.o
  CC       tar/test/bsdtar_test-test_option_passphrase.o
  CC       tar/test/bsdtar_test-test_option_q.o
  CC       tar/test/bsdtar_test-test_option_r.o
  CC       tar/test/bsdtar_test-test_option_s.o
  CC       tar/test/bsdtar_test-test_option_safe_writes.o
  CC       tar/test/bsdtar_test-test_option_uid_uname.o
  CC       tar/test/bsdtar_test-test_option_uuencode.o
  CC       tar/test/bsdtar_test-test_option_xattrs.o
  CC       tar/test/bsdtar_test-test_option_xz.o
  CC       tar/test/bsdtar_test-test_option_z.o
  CC       tar/test/bsdtar_test-test_option_zstd.o
  CC       tar/test/bsdtar_test-test_patterns.o
  CC       tar/test/bsdtar_test-test_print_longpath.o
  CC       tar/test/bsdtar_test-test_stdio.o
  CC       tar/test/bsdtar_test-test_strip_components.o
  CC       tar/test/bsdtar_test-test_symlink_dir.o
  CC       tar/test/bsdtar_test-test_version.o
  CC       tar/test/bsdtar_test-test_windows.o
  CCLD     bsdtar_test
  CC       test_utils/bsdcpio_test-test_main.o
  CC       test_utils/bsdcpio_test-test_utils.o
  CC       cpio/bsdcpio_test-cmdline.o
  CC       cpio/test/bsdcpio_test-test_0.o
  CC       cpio/test/bsdcpio_test-test_basic.o
  CC       cpio/test/bsdcpio_test-test_cmdline.o
  CC       cpio/test/bsdcpio_test-test_extract_cpio_Z.o
  CC       cpio/test/bsdcpio_test-test_extract_cpio_absolute_paths.o
  CC       cpio/test/bsdcpio_test-test_extract_cpio_bz2.o
  CC       cpio/test/bsdcpio_test-test_extract_cpio_grz.o
  CC       cpio/test/bsdcpio_test-test_extract_cpio_gz.o
  CC       cpio/test/bsdcpio_test-test_extract_cpio_lrz.o
  CC       cpio/test/bsdcpio_test-test_extract_cpio_lz.o
  CC       cpio/test/bsdcpio_test-test_extract_cpio_lz4.o
  CC       cpio/test/bsdcpio_test-test_extract_cpio_lzma.o
  CC       cpio/test/bsdcpio_test-test_extract_cpio_lzo.o
  CC       cpio/test/bsdcpio_test-test_extract_cpio_xz.o
  CC       cpio/test/bsdcpio_test-test_extract_cpio_zstd.o
  CC       cpio/test/bsdcpio_test-test_format_newc.o
  CC       cpio/test/bsdcpio_test-test_gcpio_compat.o
  CC       cpio/test/bsdcpio_test-test_missing_file.o
  CC       cpio/test/bsdcpio_test-test_option_0.o
  CC       cpio/test/bsdcpio_test-test_option_B_upper.o
  CC       cpio/test/bsdcpio_test-test_option_C_upper.o
  CC       cpio/test/bsdcpio_test-test_option_J_upper.o
  CC       cpio/test/bsdcpio_test-test_option_L_upper.o
  CC       cpio/test/bsdcpio_test-test_option_Z_upper.o
  CC       cpio/test/bsdcpio_test-test_option_a.o
  CC       cpio/test/bsdcpio_test-test_option_b64encode.o
  CC       cpio/test/bsdcpio_test-test_option_c.o
  CC       cpio/test/bsdcpio_test-test_option_d.o
  CC       cpio/test/bsdcpio_test-test_option_f.o
  CC       cpio/test/bsdcpio_test-test_option_grzip.o
  CC       cpio/test/bsdcpio_test-test_option_help.o
  CC       cpio/test/bsdcpio_test-test_option_l.o
  CC       cpio/test/bsdcpio_test-test_option_lrzip.o
  CC       cpio/test/bsdcpio_test-test_option_lz4.o
  CC       cpio/test/bsdcpio_test-test_option_lzma.o
  CC       cpio/test/bsdcpio_test-test_option_lzop.o
  CC       cpio/test/bsdcpio_test-test_option_m.o
  CC       cpio/test/bsdcpio_test-test_option_passphrase.o
  CC       cpio/test/bsdcpio_test-test_option_t.o
  CC       cpio/test/bsdcpio_test-test_option_u.o
  CC       cpio/test/bsdcpio_test-test_option_uuencode.o
  CC       cpio/test/bsdcpio_test-test_option_version.o
  CC       cpio/test/bsdcpio_test-test_option_xz.o
  CC       cpio/test/bsdcpio_test-test_option_y.o
  CC       cpio/test/bsdcpio_test-test_option_z.o
  CC       cpio/test/bsdcpio_test-test_option_zstd.o
  CC       cpio/test/bsdcpio_test-test_owner_parse.o
  CC       cpio/test/bsdcpio_test-test_passthrough_dotdot.o
  CC       cpio/test/bsdcpio_test-test_passthrough_reverse.o
  CCLD     bsdcpio_test
  CC       test_utils/bsdcat_test-test_main.o
  CC       test_utils/bsdcat_test-test_utils.o
  CC       cat/test/bsdcat_test-test_0.o
  CC       cat/test/bsdcat_test-test_empty_gz.o
  CC       cat/test/bsdcat_test-test_empty_lz4.o
  CC       cat/test/bsdcat_test-test_empty_xz.o
  CC       cat/test/bsdcat_test-test_empty_zstd.o
  CC       cat/test/bsdcat_test-test_error.o
  CC       cat/test/bsdcat_test-test_error_mixed.o
  CC       cat/test/bsdcat_test-test_expand_Z.o
  CC       cat/test/bsdcat_test-test_expand_bz2.o
  CC       cat/test/bsdcat_test-test_expand_gz.o
  CC       cat/test/bsdcat_test-test_expand_lz4.o
  CC       cat/test/bsdcat_test-test_expand_mixed.o
  CC       cat/test/bsdcat_test-test_expand_plain.o
  CC       cat/test/bsdcat_test-test_expand_xz.o
  CC       cat/test/bsdcat_test-test_expand_zstd.o
  CC       cat/test/bsdcat_test-test_help.o
  CC       cat/test/bsdcat_test-test_stdin.o
  CC       cat/test/bsdcat_test-test_version.o
  CCLD     bsdcat_test
  CC       test_utils/bsdunzip_test-test_main.o
  CC       test_utils/bsdunzip_test-test_utils.o
  CC       unzip/test/bsdunzip_test-test_0.o
  CC       unzip/test/bsdunzip_test-test_basic.o
  CC       unzip/test/bsdunzip_test-test_doubledash.o
  CC       unzip/test/bsdunzip_test-test_glob.o
  CC       unzip/test/bsdunzip_test-test_not_exist.o
  CC       unzip/test/bsdunzip_test-test_singlefile.o
  CC       unzip/test/bsdunzip_test-test_C.o
  CC       unzip/test/bsdunzip_test-test_p.o
  CC       unzip/test/bsdunzip_test-test_d.o
  CC       unzip/test/bsdunzip_test-test_j.o
  CC       unzip/test/bsdunzip_test-test_L.o
  CC       unzip/test/bsdunzip_test-test_n.o
  CC       unzip/test/bsdunzip_test-test_o.o
  CC       unzip/test/bsdunzip_test-test_q.o
  CC       unzip/test/bsdunzip_test-test_t.o
  CC       unzip/test/bsdunzip_test-test_t_bad.o
  CC       unzip/test/bsdunzip_test-test_version.o
  CC       unzip/test/bsdunzip_test-test_x.o
  CC       unzip/test/bsdunzip_test-test_Z1.o
  CC       unzip/test/bsdunzip_test-test_P_encryption.o
  CC       unzip/test/bsdunzip_test-test_I.o
  CCLD     bsdunzip_test
make[2]: Leaving directory '/workspace/BUILD/libarchive-3.8.4-build/libarchive-3.8.4'
make  check-TESTS
make[2]: Entering directory '/workspace/BUILD/libarchive-3.8.4-build/libarchive-3.8.4'
make[3]: Entering directory '/workspace/BUILD/libarchive-3.8.4-build/libarchive-3.8.4'
PASS: libarchive_test
PASS: bsdtar_test
PASS: bsdcpio_test
PASS: bsdcat_test
PASS: bsdunzip_test
============================================================================
Testsuite summary for libarchive 3.8.4
============================================================================
# TOTAL: 5
# PASS:  5
# SKIP:  0
# XFAIL: 0
# FAIL:  0
# XPASS: 0
# ERROR: 0
============================================================================
make[3]: Leaving directory '/workspace/BUILD/libarchive-3.8.4-build/libarchive-3.8.4'
make[2]: Leaving directory '/workspace/BUILD/libarchive-3.8.4-build/libarchive-3.8.4'
make[1]: Leaving directory '/workspace/BUILD/libarchive-3.8.4-build/libarchive-3.8.4'
+ RPM_EC=0
++ jobs -p
+ exit 0
Processing files: libarchive-3.8.4-2.m264.x86_64
Provides: libarchive = 3.8.4-2.m264 libarchive(x86-64) = 3.8.4-2.m264 libarchive.so.13()(64bit) libarchive.so.13()(64bit)
Requires(rpmlib): rpmlib(LargeFiles) <= 4.12.0-1
Requires: libacl.so.1()(64bit) libacl.so.1(ACL_1.0)(64bit) libarchive.so.13()(64bit) libattr.so.1()(64bit) libbz2.so.1.0()(64bit) libc.so.6()(64bit) libc.so.6(GLIBC_2.14)(64bit) libc.so.6(GLIBC_2.2.5)(64bit) libc.so.6(GLIBC_2.3)(64bit) libc.so.6(GLIBC_2.3.2)(64bit) libc.so.6(GLIBC_2.3.4)(64bit) libc.so.6(GLIBC_2.33)(64bit) libc.so.6(GLIBC_2.34)(64bit) libc.so.6(GLIBC_2.36)(64bit) libc.so.6(GLIBC_2.38)(64bit) libc.so.6(GLIBC_2.4)(64bit) libc.so.6(GLIBC_2.6)(64bit) libcrypto.so.3()(64bit) libcrypto.so.3(OPENSSL_3.0.0)(64bit) libexpat.so.1()(64bit) liblz4.so.1()(64bit) liblzma.so.5()(64bit) liblzma.so.5(XZ_5.0)(64bit) liblzma.so.5(XZ_5.2)(64bit) libxml2.so.16()(64bit) libz.so.1()(64bit) libzstd.so.1()(64bit) rtld(GNU_HASH)
Checking for unpackaged file(s): /usr/lib/rpm/check-files /workspace/BUILD/libarchive-3.8.4-build/BUILDROOT
Wrote: /workspace/SRPMS/libarchive-3.8.4-2.m264.src.rpm
Wrote: /workspace/RPMS/x86_64/libarchive-3.8.4-2.m264.x86_64.rpm
Executing(rmbuild): /bin/sh -e /var/tmp/rpm-tmp.nu2jPX
+ umask 022
+ cd /workspace/BUILD/libarchive-3.8.4-build
+ test -d /workspace/BUILD/libarchive-3.8.4-build
+ /usr/bin/chmod -Rf a+rX,u+w,g-w,o-w /workspace/BUILD/libarchive-3.8.4-build
+ rm -rf /workspace/BUILD/libarchive-3.8.4-build
+ RPM_EC=0
++ jobs -p
+ exit 0
