jue 09 abr 2026 17:35:20 -04: Building meson
Rootfs:   /run/media/glats/maquilinux
Workspace: /home/glats/Work/maquilinux

Montando filesystems virtuales...
Building target platforms: noarch
Building for target noarch
Executing(%mkbuilddir): /bin/sh -e /var/tmp/rpm-tmp.puqPH6
Executing(%prep): /bin/sh -e /var/tmp/rpm-tmp.aHy19v
+ umask 022
+ cd /workspace/BUILD/meson-1.9.1-build
+ cd /workspace/BUILD/meson-1.9.1-build
+ rm -rf meson-1.9.1
+ /usr/lib/rpm/rpmuncompress -x /workspace/SOURCES/meson-1.9.1.tar.gz
+ STATUS=0
+ '[' 0 -ne 0 ']'
+ cd meson-1.9.1
+ /usr/bin/chmod -Rf a+rX,u+w,g-w,o-w .
+ RPM_EC=0
++ jobs -p
+ exit 0
Executing(%build): /bin/sh -e /var/tmp/rpm-tmp.pAv4jk
+ umask 022
+ cd /workspace/BUILD/meson-1.9.1-build
+ cd meson-1.9.1
+ python3 -m pip wheel -w dist --no-cache-dir --no-build-isolation --no-deps /workspace/BUILD/meson-1.9.1-build/meson-1.9.1
Processing /workspace/BUILD/meson-1.9.1-build/meson-1.9.1
  Preparing metadata (pyproject.toml): started
  Preparing metadata (pyproject.toml): finished with status 'done'
Building wheels for collected packages: meson
  Building wheel for meson (pyproject.toml): started
  Building wheel for meson (pyproject.toml): finished with status 'done'
  Created wheel for meson: filename=meson-1.9.1-py3-none-any.whl size=1030356 sha256=64914ca9a9deff23e78c0fbc8002a5b75d7b37d899a89fb93736751ba82a9207
  Stored in directory: /tmp/pip-ephem-wheel-cache-0oswdmmg/wheels/ee/3b/09/48b8733ee1b279b697bde9e7238ac6a05b3b0be957e47fa605
Successfully built meson
+ RPM_EC=0
++ jobs -p
+ exit 0
Executing(%install): /bin/sh -e /var/tmp/rpm-tmp.VAp7Bp
+ umask 022
+ cd /workspace/BUILD/meson-1.9.1-build
+ /usr/bin/rm -rf /workspace/BUILD/meson-1.9.1-build/BUILDROOT
+ /usr/bin/mkdir -p /workspace/BUILD/meson-1.9.1-build
+ /usr/bin/mkdir /workspace/BUILD/meson-1.9.1-build/BUILDROOT
+ cd meson-1.9.1
+ rm -rf /workspace/BUILD/meson-1.9.1-build/BUILDROOT
+ mkdir -p /workspace/BUILD/meson-1.9.1-build/BUILDROOT
+ python3 -m pip install --no-index --find-links dist --no-cache-dir --no-build-isolation --ignore-installed --no-deps --root /workspace/BUILD/meson-1.9.1-build/BUILDROOT --prefix /usr meson
Looking in links: dist
Processing ./dist/meson-1.9.1-py3-none-any.whl
Installing collected packages: meson
Successfully installed meson-1.9.1
+ install -Dm644 data/shell-completions/bash/meson /workspace/BUILD/meson-1.9.1-build/BUILDROOT/usr/share/bash-completion/completions/meson
+ install -Dm644 data/shell-completions/zsh/_meson /workspace/BUILD/meson-1.9.1-build/BUILDROOT/usr/share/zsh/site-functions/_meson
+ rm -f /workspace/BUILD/meson-1.9.1-build/BUILDROOT/usr/share/info/dir
+ cd /workspace/BUILD/meson-1.9.1-build/BUILDROOT
+ find . '(' -type f -o -type l ')' -printf '/%P\n'
+ awk '{ if ($0 ~ /[[:space:]]/) { gsub(/"/, "\\\"", $0); print "\"" $0 "\"" } else { print $0 } }'
+ test -s /workspace/BUILD/meson-1.9.1-build/meson-files.list
Processing files: meson-1.9.1-1.m264.noarch
Provides: meson = 1.9.1-1.m264
Requires(rpmlib): rpmlib(LargeFiles) <= 4.12.0-1
Requires: /usr/bin/python3
Checking for unpackaged file(s): /usr/lib/rpm/check-files /workspace/BUILD/meson-1.9.1-build/BUILDROOT
Wrote: /workspace/SRPMS/meson-1.9.1-1.m264.src.rpm
Wrote: /workspace/RPMS/noarch/meson-1.9.1-1.m264.noarch.rpm
Executing(rmbuild): /bin/sh -e /var/tmp/rpm-tmp.A7QIY9
+ umask 022
+ cd /workspace/BUILD/meson-1.9.1-build
+ test -d /workspace/BUILD/meson-1.9.1-build
+ /usr/bin/chmod -Rf a+rX,u+w,g-w,o-w /workspace/BUILD/meson-1.9.1-build
+ rm -rf /workspace/BUILD/meson-1.9.1-build
+ RPM_EC=0
++ jobs -p
+ exit 0

Desmontando...
Listo.
jue 09 abr 2026 17:35:31 -04: SUCCESS
