jue 09 abr 2026 17:35:31 -04: Building setuptools
Rootfs:   /run/media/glats/maquilinux
Workspace: /home/glats/Work/maquilinux

Montando filesystems virtuales...
Building target platforms: noarch
Building for target noarch
Executing(%mkbuilddir): /bin/sh -e /var/tmp/rpm-tmp.6cBHz2
Executing(%prep): /bin/sh -e /var/tmp/rpm-tmp.5w1d5a
+ umask 022
+ cd /workspace/BUILD/setuptools-80.9.0-build
+ cd /workspace/BUILD/setuptools-80.9.0-build
+ rm -rf setuptools-80.9.0
+ /usr/lib/rpm/rpmuncompress -x /workspace/SOURCES/setuptools-80.9.0.tar.gz
+ STATUS=0
+ '[' 0 -ne 0 ']'
+ cd setuptools-80.9.0
+ /usr/bin/chmod -Rf a+rX,u+w,g-w,o-w .
+ RPM_EC=0
++ jobs -p
+ exit 0
Executing(%build): /bin/sh -e /var/tmp/rpm-tmp.HzypBp
+ umask 022
+ cd /workspace/BUILD/setuptools-80.9.0-build
+ cd setuptools-80.9.0
+ python3 -m pip wheel -w dist --no-cache-dir --no-build-isolation --no-deps /workspace/BUILD/setuptools-80.9.0-build/setuptools-80.9.0
Processing /workspace/BUILD/setuptools-80.9.0-build/setuptools-80.9.0
  Preparing metadata (pyproject.toml): started
  Preparing metadata (pyproject.toml): finished with status 'done'
Building wheels for collected packages: setuptools
  Building wheel for setuptools (pyproject.toml): started
  Building wheel for setuptools (pyproject.toml): finished with status 'done'
  Created wheel for setuptools: filename=setuptools-80.9.0-py3-none-any.whl size=1201486 sha256=cbecdaed8e10e5cef14bf0d582b4d5380fa54dec00f569c1accbfb1530f14384
  Stored in directory: /tmp/pip-ephem-wheel-cache-bidh4mxc/wheels/f6/eb/16/b836fb0247317541972c806bbd7a62607e51aa67ce7a59256d
Successfully built setuptools
+ RPM_EC=0
++ jobs -p
+ exit 0
Executing(%install): /bin/sh -e /var/tmp/rpm-tmp.rXVubE
+ umask 022
+ cd /workspace/BUILD/setuptools-80.9.0-build
+ /usr/bin/rm -rf /workspace/BUILD/setuptools-80.9.0-build/BUILDROOT
+ /usr/bin/mkdir -p /workspace/BUILD/setuptools-80.9.0-build
+ /usr/bin/mkdir /workspace/BUILD/setuptools-80.9.0-build/BUILDROOT
+ cd setuptools-80.9.0
+ rm -rf /workspace/BUILD/setuptools-80.9.0-build/BUILDROOT
+ mkdir -p /workspace/BUILD/setuptools-80.9.0-build/BUILDROOT
+ python3 -m pip install --no-index --find-links dist --no-cache-dir --no-build-isolation --ignore-installed --no-deps --root /workspace/BUILD/setuptools-80.9.0-build/BUILDROOT --prefix /usr setuptools
Looking in links: dist
Processing ./dist/setuptools-80.9.0-py3-none-any.whl
Installing collected packages: setuptools
Successfully installed setuptools-80.9.0
+ rm -f /workspace/BUILD/setuptools-80.9.0-build/BUILDROOT/usr/share/info/dir
+ cd /workspace/BUILD/setuptools-80.9.0-build/BUILDROOT
+ find . '(' -type f -o -type l ')' -printf '/%P\n'
+ awk '{ if ($0 ~ /[[:space:]]/) { gsub(/"/, "\\\"", $0); print "\"" $0 "\"" } else { print $0 } }'
+ test -s /workspace/BUILD/setuptools-80.9.0-build/setuptools-files.list
Processing files: setuptools-80.9.0-1.m264.noarch
Provides: setuptools = 80.9.0-1.m264
Requires(rpmlib): rpmlib(LargeFiles) <= 4.12.0-1
Checking for unpackaged file(s): /usr/lib/rpm/check-files /workspace/BUILD/setuptools-80.9.0-build/BUILDROOT
Wrote: /workspace/SRPMS/setuptools-80.9.0-1.m264.src.rpm
Wrote: /workspace/RPMS/noarch/setuptools-80.9.0-1.m264.noarch.rpm
Executing(rmbuild): /bin/sh -e /var/tmp/rpm-tmp.3X1lsK
+ umask 022
+ cd /workspace/BUILD/setuptools-80.9.0-build
+ test -d /workspace/BUILD/setuptools-80.9.0-build
+ /usr/bin/chmod -Rf a+rX,u+w,g-w,o-w /workspace/BUILD/setuptools-80.9.0-build
+ rm -rf /workspace/BUILD/setuptools-80.9.0-build
+ RPM_EC=0
++ jobs -p
+ exit 0

Desmontando...
Listo.
jue 09 abr 2026 17:35:41 -04: SUCCESS
