jue 09 abr 2026 18:37:35 -04: Building squashfs-tools
Rootfs:   /run/media/glats/maquilinux
Workspace: /home/glats/Work/maquilinux

Montando filesystems virtuales...
Executing(%mkbuilddir): /bin/sh -e /var/tmp/rpm-tmp.z7EkXc
Executing(%prep): /bin/sh -e /var/tmp/rpm-tmp.LQQDcB
+ umask 022
+ cd /workspace/BUILD/squashfs-tools-4.6.1-build
+ cd /workspace/BUILD/squashfs-tools-4.6.1-build
+ rm -rf squashfs-tools-4.6.1
+ /usr/lib/rpm/rpmuncompress -x /workspace/SOURCES/squashfs-tools-4.6.1.tar.gz
+ STATUS=0
+ '[' 0 -ne 0 ']'
+ cd squashfs-tools-4.6.1
+ /usr/bin/chmod -Rf a+rX,u+w,g-w,o-w .
+ RPM_EC=0
++ jobs -p
+ exit 0
Executing(%build): /bin/sh -e /var/tmp/rpm-tmp.PIbLMc
+ umask 022
+ cd /workspace/BUILD/squashfs-tools-4.6.1-build
+ cd squashfs-tools-4.6.1
+ cd squashfs-tools
+ make -j8 XZ_SUPPORT=1 ZSTD_SUPPORT=1 GZIP_SUPPORT=1 XATTR_SUPPORT=1 INSTALL_PREFIX=/usr
cc -O2  -I. -D_FILE_OFFSET_BITS=64 -D_LARGEFILE_SOURCE -D_GNU_SOURCE -DCOMP_DEFAULT=\"gzip\" -Wall -DGZIP_SUPPORT -DXZ_SUPPORT -DZSTD_SUPPORT -DXATTR_SUPPORT -DXATTR_DEFAULT -DREPRODUCIBLE_DEFAULT -DVERSION=\"4.6.1\" -DDATE=\"2023/03/25\" -DYEAR=\"2023\"   -c -o mksquashfs.o mksquashfs.c
cc -O2  -I. -D_FILE_OFFSET_BITS=64 -D_LARGEFILE_SOURCE -D_GNU_SOURCE -DCOMP_DEFAULT=\"gzip\" -Wall -DGZIP_SUPPORT -DXZ_SUPPORT -DZSTD_SUPPORT -DXATTR_SUPPORT -DXATTR_DEFAULT -DREPRODUCIBLE_DEFAULT -DVERSION=\"4.6.1\" -DDATE=\"2023/03/25\" -DYEAR=\"2023\"   -c -o read_fs.o read_fs.c
cc -O2  -I. -D_FILE_OFFSET_BITS=64 -D_LARGEFILE_SOURCE -D_GNU_SOURCE -DCOMP_DEFAULT=\"gzip\" -Wall -DGZIP_SUPPORT -DXZ_SUPPORT -DZSTD_SUPPORT -DXATTR_SUPPORT -DXATTR_DEFAULT -DREPRODUCIBLE_DEFAULT -DVERSION=\"4.6.1\" -DDATE=\"2023/03/25\" -DYEAR=\"2023\"   -c -o action.o action.c
cc -O2  -I. -D_FILE_OFFSET_BITS=64 -D_LARGEFILE_SOURCE -D_GNU_SOURCE -DCOMP_DEFAULT=\"gzip\" -Wall -DGZIP_SUPPORT -DXZ_SUPPORT -DZSTD_SUPPORT -DXATTR_SUPPORT -DXATTR_DEFAULT -DREPRODUCIBLE_DEFAULT -DVERSION=\"4.6.1\" -DDATE=\"2023/03/25\" -DYEAR=\"2023\"   -c -o swap.o swap.c
cc -O2  -I. -D_FILE_OFFSET_BITS=64 -D_LARGEFILE_SOURCE -D_GNU_SOURCE -DCOMP_DEFAULT=\"gzip\" -Wall -DGZIP_SUPPORT -DXZ_SUPPORT -DZSTD_SUPPORT -DXATTR_SUPPORT -DXATTR_DEFAULT -DREPRODUCIBLE_DEFAULT -DVERSION=\"4.6.1\" -DDATE=\"2023/03/25\" -DYEAR=\"2023\"   -c -o pseudo.o pseudo.c
cc -O2  -I. -D_FILE_OFFSET_BITS=64 -D_LARGEFILE_SOURCE -D_GNU_SOURCE -DCOMP_DEFAULT=\"gzip\" -Wall -DGZIP_SUPPORT -DXZ_SUPPORT -DZSTD_SUPPORT -DXATTR_SUPPORT -DXATTR_DEFAULT -DREPRODUCIBLE_DEFAULT -DVERSION=\"4.6.1\" -DDATE=\"2023/03/25\" -DYEAR=\"2023\"   -c -o compressor.o compressor.c
cc -O2  -I. -D_FILE_OFFSET_BITS=64 -D_LARGEFILE_SOURCE -D_GNU_SOURCE -DCOMP_DEFAULT=\"gzip\" -Wall -DGZIP_SUPPORT -DXZ_SUPPORT -DZSTD_SUPPORT -DXATTR_SUPPORT -DXATTR_DEFAULT -DREPRODUCIBLE_DEFAULT -DVERSION=\"4.6.1\" -DDATE=\"2023/03/25\" -DYEAR=\"2023\"   -c -o sort.o sort.c
cc -O2  -I. -D_FILE_OFFSET_BITS=64 -D_LARGEFILE_SOURCE -D_GNU_SOURCE -DCOMP_DEFAULT=\"gzip\" -Wall -DGZIP_SUPPORT -DXZ_SUPPORT -DZSTD_SUPPORT -DXATTR_SUPPORT -DXATTR_DEFAULT -DREPRODUCIBLE_DEFAULT -DVERSION=\"4.6.1\" -DDATE=\"2023/03/25\" -DYEAR=\"2023\"   -c -o progressbar.o progressbar.c
cc -O2  -I. -D_FILE_OFFSET_BITS=64 -D_LARGEFILE_SOURCE -D_GNU_SOURCE -DCOMP_DEFAULT=\"gzip\" -Wall -DGZIP_SUPPORT -DXZ_SUPPORT -DZSTD_SUPPORT -DXATTR_SUPPORT -DXATTR_DEFAULT -DREPRODUCIBLE_DEFAULT -DVERSION=\"4.6.1\" -DDATE=\"2023/03/25\" -DYEAR=\"2023\"   -c -o info.o info.c
cc -O2  -I. -D_FILE_OFFSET_BITS=64 -D_LARGEFILE_SOURCE -D_GNU_SOURCE -DCOMP_DEFAULT=\"gzip\" -Wall -DGZIP_SUPPORT -DXZ_SUPPORT -DZSTD_SUPPORT -DXATTR_SUPPORT -DXATTR_DEFAULT -DREPRODUCIBLE_DEFAULT -DVERSION=\"4.6.1\" -DDATE=\"2023/03/25\" -DYEAR=\"2023\"   -c -o restore.o restore.c
cc -O2  -I. -D_FILE_OFFSET_BITS=64 -D_LARGEFILE_SOURCE -D_GNU_SOURCE -DCOMP_DEFAULT=\"gzip\" -Wall -DGZIP_SUPPORT -DXZ_SUPPORT -DZSTD_SUPPORT -DXATTR_SUPPORT -DXATTR_DEFAULT -DREPRODUCIBLE_DEFAULT -DVERSION=\"4.6.1\" -DDATE=\"2023/03/25\" -DYEAR=\"2023\"   -c -o process_fragments.o process_fragments.c
cc -O2  -I. -D_FILE_OFFSET_BITS=64 -D_LARGEFILE_SOURCE -D_GNU_SOURCE -DCOMP_DEFAULT=\"gzip\" -Wall -DGZIP_SUPPORT -DXZ_SUPPORT -DZSTD_SUPPORT -DXATTR_SUPPORT -DXATTR_DEFAULT -DREPRODUCIBLE_DEFAULT -DVERSION=\"4.6.1\" -DDATE=\"2023/03/25\" -DYEAR=\"2023\"   -c -o caches-queues-lists.o caches-queues-lists.c
cc -O2  -I. -D_FILE_OFFSET_BITS=64 -D_LARGEFILE_SOURCE -D_GNU_SOURCE -DCOMP_DEFAULT=\"gzip\" -Wall -DGZIP_SUPPORT -DXZ_SUPPORT -DZSTD_SUPPORT -DXATTR_SUPPORT -DXATTR_DEFAULT -DREPRODUCIBLE_DEFAULT -DVERSION=\"4.6.1\" -DDATE=\"2023/03/25\" -DYEAR=\"2023\"   -c -o reader.o reader.c
cc -O2  -I. -D_FILE_OFFSET_BITS=64 -D_LARGEFILE_SOURCE -D_GNU_SOURCE -DCOMP_DEFAULT=\"gzip\" -Wall -DGZIP_SUPPORT -DXZ_SUPPORT -DZSTD_SUPPORT -DXATTR_SUPPORT -DXATTR_DEFAULT -DREPRODUCIBLE_DEFAULT -DVERSION=\"4.6.1\" -DDATE=\"2023/03/25\" -DYEAR=\"2023\"   -c -o tar.o tar.c
cc -O2  -I. -D_FILE_OFFSET_BITS=64 -D_LARGEFILE_SOURCE -D_GNU_SOURCE -DCOMP_DEFAULT=\"gzip\" -Wall -DGZIP_SUPPORT -DXZ_SUPPORT -DZSTD_SUPPORT -DXATTR_SUPPORT -DXATTR_DEFAULT -DREPRODUCIBLE_DEFAULT -DVERSION=\"4.6.1\" -DDATE=\"2023/03/25\" -DYEAR=\"2023\"   -c -o date.o date.c
cc -O2  -I. -D_FILE_OFFSET_BITS=64 -D_LARGEFILE_SOURCE -D_GNU_SOURCE -DCOMP_DEFAULT=\"gzip\" -Wall -DGZIP_SUPPORT -DXZ_SUPPORT -DZSTD_SUPPORT -DXATTR_SUPPORT -DXATTR_DEFAULT -DREPRODUCIBLE_DEFAULT -DVERSION=\"4.6.1\" -DDATE=\"2023/03/25\" -DYEAR=\"2023\"   -c -o gzip_wrapper.o gzip_wrapper.c
cc -O2  -I. -D_FILE_OFFSET_BITS=64 -D_LARGEFILE_SOURCE -D_GNU_SOURCE -DCOMP_DEFAULT=\"gzip\" -Wall -DGZIP_SUPPORT -DXZ_SUPPORT -DZSTD_SUPPORT -DXATTR_SUPPORT -DXATTR_DEFAULT -DREPRODUCIBLE_DEFAULT -DVERSION=\"4.6.1\" -DDATE=\"2023/03/25\" -DYEAR=\"2023\"   -c -o xz_wrapper.o xz_wrapper.c
cc -O2  -I. -D_FILE_OFFSET_BITS=64 -D_LARGEFILE_SOURCE -D_GNU_SOURCE -DCOMP_DEFAULT=\"gzip\" -Wall -DGZIP_SUPPORT -DXZ_SUPPORT -DZSTD_SUPPORT -DXATTR_SUPPORT -DXATTR_DEFAULT -DREPRODUCIBLE_DEFAULT -DVERSION=\"4.6.1\" -DDATE=\"2023/03/25\" -DYEAR=\"2023\"   -c -o zstd_wrapper.o zstd_wrapper.c
cc -O2  -I. -D_FILE_OFFSET_BITS=64 -D_LARGEFILE_SOURCE -D_GNU_SOURCE -DCOMP_DEFAULT=\"gzip\" -Wall -DGZIP_SUPPORT -DXZ_SUPPORT -DZSTD_SUPPORT -DXATTR_SUPPORT -DXATTR_DEFAULT -DREPRODUCIBLE_DEFAULT -DVERSION=\"4.6.1\" -DDATE=\"2023/03/25\" -DYEAR=\"2023\"   -c -o xattr.o xattr.c
cc -O2  -I. -D_FILE_OFFSET_BITS=64 -D_LARGEFILE_SOURCE -D_GNU_SOURCE -DCOMP_DEFAULT=\"gzip\" -Wall -DGZIP_SUPPORT -DXZ_SUPPORT -DZSTD_SUPPORT -DXATTR_SUPPORT -DXATTR_DEFAULT -DREPRODUCIBLE_DEFAULT -DVERSION=\"4.6.1\" -DDATE=\"2023/03/25\" -DYEAR=\"2023\"   -c -o read_xattrs.o read_xattrs.c
cc -O2  -I. -D_FILE_OFFSET_BITS=64 -D_LARGEFILE_SOURCE -D_GNU_SOURCE -DCOMP_DEFAULT=\"gzip\" -Wall -DGZIP_SUPPORT -DXZ_SUPPORT -DZSTD_SUPPORT -DXATTR_SUPPORT -DXATTR_DEFAULT -DREPRODUCIBLE_DEFAULT -DVERSION=\"4.6.1\" -DDATE=\"2023/03/25\" -DYEAR=\"2023\"   -c -o tar_xattr.o tar_xattr.c
cc -O2  -I. -D_FILE_OFFSET_BITS=64 -D_LARGEFILE_SOURCE -D_GNU_SOURCE -DCOMP_DEFAULT=\"gzip\" -Wall -DGZIP_SUPPORT -DXZ_SUPPORT -DZSTD_SUPPORT -DXATTR_SUPPORT -DXATTR_DEFAULT -DREPRODUCIBLE_DEFAULT -DVERSION=\"4.6.1\" -DDATE=\"2023/03/25\" -DYEAR=\"2023\"   -c -o pseudo_xattr.o pseudo_xattr.c
cc -O2  -I. -D_FILE_OFFSET_BITS=64 -D_LARGEFILE_SOURCE -D_GNU_SOURCE -DCOMP_DEFAULT=\"gzip\" -Wall -DGZIP_SUPPORT -DXZ_SUPPORT -DZSTD_SUPPORT -DXATTR_SUPPORT -DXATTR_DEFAULT -DREPRODUCIBLE_DEFAULT -DVERSION=\"4.6.1\" -DDATE=\"2023/03/25\" -DYEAR=\"2023\"   -c -o unsquashfs.o unsquashfs.c
cc -O2  -I. -D_FILE_OFFSET_BITS=64 -D_LARGEFILE_SOURCE -D_GNU_SOURCE -DCOMP_DEFAULT=\"gzip\" -Wall -DGZIP_SUPPORT -DXZ_SUPPORT -DZSTD_SUPPORT -DXATTR_SUPPORT -DXATTR_DEFAULT -DREPRODUCIBLE_DEFAULT -DVERSION=\"4.6.1\" -DDATE=\"2023/03/25\" -DYEAR=\"2023\"   -c -o unsquash-1.o unsquash-1.c
cc -O2  -I. -D_FILE_OFFSET_BITS=64 -D_LARGEFILE_SOURCE -D_GNU_SOURCE -DCOMP_DEFAULT=\"gzip\" -Wall -DGZIP_SUPPORT -DXZ_SUPPORT -DZSTD_SUPPORT -DXATTR_SUPPORT -DXATTR_DEFAULT -DREPRODUCIBLE_DEFAULT -DVERSION=\"4.6.1\" -DDATE=\"2023/03/25\" -DYEAR=\"2023\"   -c -o unsquash-2.o unsquash-2.c
cc -O2  -I. -D_FILE_OFFSET_BITS=64 -D_LARGEFILE_SOURCE -D_GNU_SOURCE -DCOMP_DEFAULT=\"gzip\" -Wall -DGZIP_SUPPORT -DXZ_SUPPORT -DZSTD_SUPPORT -DXATTR_SUPPORT -DXATTR_DEFAULT -DREPRODUCIBLE_DEFAULT -DVERSION=\"4.6.1\" -DDATE=\"2023/03/25\" -DYEAR=\"2023\"   -c -o unsquash-3.o unsquash-3.c
cc -O2  -I. -D_FILE_OFFSET_BITS=64 -D_LARGEFILE_SOURCE -D_GNU_SOURCE -DCOMP_DEFAULT=\"gzip\" -Wall -DGZIP_SUPPORT -DXZ_SUPPORT -DZSTD_SUPPORT -DXATTR_SUPPORT -DXATTR_DEFAULT -DREPRODUCIBLE_DEFAULT -DVERSION=\"4.6.1\" -DDATE=\"2023/03/25\" -DYEAR=\"2023\"   -c -o unsquash-4.o unsquash-4.c
cc -O2  -I. -D_FILE_OFFSET_BITS=64 -D_LARGEFILE_SOURCE -D_GNU_SOURCE -DCOMP_DEFAULT=\"gzip\" -Wall -DGZIP_SUPPORT -DXZ_SUPPORT -DZSTD_SUPPORT -DXATTR_SUPPORT -DXATTR_DEFAULT -DREPRODUCIBLE_DEFAULT -DVERSION=\"4.6.1\" -DDATE=\"2023/03/25\" -DYEAR=\"2023\"   -c -o unsquash-123.o unsquash-123.c
cc -O2  -I. -D_FILE_OFFSET_BITS=64 -D_LARGEFILE_SOURCE -D_GNU_SOURCE -DCOMP_DEFAULT=\"gzip\" -Wall -DGZIP_SUPPORT -DXZ_SUPPORT -DZSTD_SUPPORT -DXATTR_SUPPORT -DXATTR_DEFAULT -DREPRODUCIBLE_DEFAULT -DVERSION=\"4.6.1\" -DDATE=\"2023/03/25\" -DYEAR=\"2023\"   -c -o unsquash-34.o unsquash-34.c
cc -O2  -I. -D_FILE_OFFSET_BITS=64 -D_LARGEFILE_SOURCE -D_GNU_SOURCE -DCOMP_DEFAULT=\"gzip\" -Wall -DGZIP_SUPPORT -DXZ_SUPPORT -DZSTD_SUPPORT -DXATTR_SUPPORT -DXATTR_DEFAULT -DREPRODUCIBLE_DEFAULT -DVERSION=\"4.6.1\" -DDATE=\"2023/03/25\" -DYEAR=\"2023\"   -c -o unsquash-1234.o unsquash-1234.c
cc -O2  -I. -D_FILE_OFFSET_BITS=64 -D_LARGEFILE_SOURCE -D_GNU_SOURCE -DCOMP_DEFAULT=\"gzip\" -Wall -DGZIP_SUPPORT -DXZ_SUPPORT -DZSTD_SUPPORT -DXATTR_SUPPORT -DXATTR_DEFAULT -DREPRODUCIBLE_DEFAULT -DVERSION=\"4.6.1\" -DDATE=\"2023/03/25\" -DYEAR=\"2023\"   -c -o unsquash-12.o unsquash-12.c
cc -O2  -I. -D_FILE_OFFSET_BITS=64 -D_LARGEFILE_SOURCE -D_GNU_SOURCE -DCOMP_DEFAULT=\"gzip\" -Wall -DGZIP_SUPPORT -DXZ_SUPPORT -DZSTD_SUPPORT -DXATTR_SUPPORT -DXATTR_DEFAULT -DREPRODUCIBLE_DEFAULT -DVERSION=\"4.6.1\" -DDATE=\"2023/03/25\" -DYEAR=\"2023\"   -c -o unsquashfs_info.o unsquashfs_info.c
cc -O2  -I. -D_FILE_OFFSET_BITS=64 -D_LARGEFILE_SOURCE -D_GNU_SOURCE -DCOMP_DEFAULT=\"gzip\" -Wall -DGZIP_SUPPORT -DXZ_SUPPORT -DZSTD_SUPPORT -DXATTR_SUPPORT -DXATTR_DEFAULT -DREPRODUCIBLE_DEFAULT -DVERSION=\"4.6.1\" -DDATE=\"2023/03/25\" -DYEAR=\"2023\"   -c -o unsquashfs_xattr.o unsquashfs_xattr.c
cc   unsquashfs.o unsquash-1.o unsquash-2.o unsquash-3.o unsquash-4.o unsquash-123.o unsquash-34.o unsquash-1234.o unsquash-12.o swap.o compressor.o unsquashfs_info.o date.o gzip_wrapper.o xz_wrapper.o zstd_wrapper.o read_xattrs.o unsquashfs_xattr.o -lpthread -lm -lz -llzma -lzstd -o unsquashfs
ln -sf unsquashfs sqfscat
cc   mksquashfs.o read_fs.o action.o swap.o pseudo.o compressor.o sort.o progressbar.o info.o restore.o process_fragments.o caches-queues-lists.o reader.o tar.o date.o gzip_wrapper.o xz_wrapper.o zstd_wrapper.o xattr.o read_xattrs.o tar_xattr.o pseudo_xattr.o -lpthread -lm -lz -llzma -lzstd -o mksquashfs
ln -sf mksquashfs sqfstar
+ RPM_EC=0
++ jobs -p
+ exit 0
Executing(%install): /bin/sh -e /var/tmp/rpm-tmp.tZiFo1
+ umask 022
+ cd /workspace/BUILD/squashfs-tools-4.6.1-build
+ /usr/bin/rm -rf /workspace/BUILD/squashfs-tools-4.6.1-build/BUILDROOT
+ /usr/bin/mkdir -p /workspace/BUILD/squashfs-tools-4.6.1-build
+ /usr/bin/mkdir /workspace/BUILD/squashfs-tools-4.6.1-build/BUILDROOT
+ cd squashfs-tools-4.6.1
+ cd squashfs-tools
+ install -Dm 755 mksquashfs /workspace/BUILD/squashfs-tools-4.6.1-build/BUILDROOT/usr/bin/mksquashfs
+ install -Dm 755 unsquashfs /workspace/BUILD/squashfs-tools-4.6.1-build/BUILDROOT/usr/bin/unsquashfs
Reading /workspace/BUILD/squashfs-tools-4.6.1-build/SPECPARTS/rpm-debuginfo.specpart
Processing files: squashfs-tools-4.6.1-1.m264.x86_64
Provides: squashfs-tools = 4.6.1-1.m264 squashfs-tools(x86-64) = 4.6.1-1.m264
Requires(rpmlib): rpmlib(LargeFiles) <= 4.12.0-1
Requires: libc.so.6()(64bit) libc.so.6(GLIBC_2.14)(64bit) libc.so.6(GLIBC_2.2.5)(64bit) libc.so.6(GLIBC_2.3)(64bit) libc.so.6(GLIBC_2.3.2)(64bit) libc.so.6(GLIBC_2.3.4)(64bit) libc.so.6(GLIBC_2.32)(64bit) libc.so.6(GLIBC_2.33)(64bit) libc.so.6(GLIBC_2.34)(64bit) libc.so.6(GLIBC_2.38)(64bit) libc.so.6(GLIBC_2.4)(64bit) libc.so.6(GLIBC_2.6)(64bit) liblzma.so.5()(64bit) liblzma.so.5(XZ_5.0)(64bit) libm.so.6()(64bit) libm.so.6(GLIBC_2.2.5)(64bit) libz.so.1()(64bit) libzstd.so.1()(64bit) rtld(GNU_HASH)
Checking for unpackaged file(s): /usr/lib/rpm/check-files /workspace/BUILD/squashfs-tools-4.6.1-build/BUILDROOT
Wrote: /workspace/SRPMS/squashfs-tools-4.6.1-1.m264.src.rpm
Wrote: /workspace/RPMS/x86_64/squashfs-tools-4.6.1-1.m264.x86_64.rpm
Executing(rmbuild): /bin/sh -e /var/tmp/rpm-tmp.nkix44
+ umask 022
+ cd /workspace/BUILD/squashfs-tools-4.6.1-build
+ test -d /workspace/BUILD/squashfs-tools-4.6.1-build
+ /usr/bin/chmod -Rf a+rX,u+w,g-w,o-w /workspace/BUILD/squashfs-tools-4.6.1-build
+ rm -rf /workspace/BUILD/squashfs-tools-4.6.1-build
+ RPM_EC=0
++ jobs -p
+ exit 0

Desmontando...
Listo.
jue 09 abr 2026 18:37:40 -04: SUCCESS
