jue 09 abr 2026 17:35:01 -04: Building tzdata
Rootfs:   /run/media/glats/maquilinux
Workspace: /home/glats/Work/maquilinux

Montando filesystems virtuales...
Building target platforms: noarch
Building for target noarch
Executing(%mkbuilddir): /bin/sh -e /var/tmp/rpm-tmp.lANINs
Executing(%prep): /bin/sh -e /var/tmp/rpm-tmp.YYH4bR
+ umask 022
+ cd /workspace/BUILD/tzdata-2025b-build
+ cd /workspace/BUILD/tzdata-2025b-build
+ rm -rf tzdata2025b
+ /usr/bin/mkdir -p tzdata2025b
+ cd tzdata2025b
+ /usr/lib/rpm/rpmuncompress -x /workspace/SOURCES/tzdata2025b.tar.gz
+ STATUS=0
+ '[' 0 -ne 0 ']'
+ /usr/bin/chmod -Rf a+rX,u+w,g-w,o-w .
+ RPM_EC=0
++ jobs -p
+ exit 0
Executing(%build): /bin/sh -e /var/tmp/rpm-tmp.ul3aWe
+ umask 022
+ cd /workspace/BUILD/tzdata-2025b-build
+ cd tzdata2025b
+ RPM_EC=0
++ jobs -p
+ exit 0
Executing(%install): /bin/sh -e /var/tmp/rpm-tmp.UMhY77
+ umask 022
+ cd /workspace/BUILD/tzdata-2025b-build
+ /usr/bin/rm -rf /workspace/BUILD/tzdata-2025b-build/BUILDROOT
+ /usr/bin/mkdir -p /workspace/BUILD/tzdata-2025b-build
+ /usr/bin/mkdir /workspace/BUILD/tzdata-2025b-build/BUILDROOT
+ cd tzdata2025b
+ ZONEINFO=/workspace/BUILD/tzdata-2025b-build/BUILDROOT/usr/share/zoneinfo
+ install -vdm 755 /workspace/BUILD/tzdata-2025b-build/BUILDROOT/usr/share/zoneinfo/posix /workspace/BUILD/tzdata-2025b-build/BUILDROOT/usr/share/zoneinfo/right
install: creating directory '/workspace/BUILD/tzdata-2025b-build/BUILDROOT/usr'
install: creating directory '/workspace/BUILD/tzdata-2025b-build/BUILDROOT/usr/share'
install: creating directory '/workspace/BUILD/tzdata-2025b-build/BUILDROOT/usr/share/zoneinfo'
install: creating directory '/workspace/BUILD/tzdata-2025b-build/BUILDROOT/usr/share/zoneinfo/posix'
install: creating directory '/workspace/BUILD/tzdata-2025b-build/BUILDROOT/usr/share/zoneinfo/right'
+ for tz in etcetera southamerica northamerica europe africa antarctica asia australasia backward
+ zic -L /dev/null -d /workspace/BUILD/tzdata-2025b-build/BUILDROOT/usr/share/zoneinfo etcetera
+ zic -L /dev/null -d /workspace/BUILD/tzdata-2025b-build/BUILDROOT/usr/share/zoneinfo/posix etcetera
+ zic -L leapseconds -d /workspace/BUILD/tzdata-2025b-build/BUILDROOT/usr/share/zoneinfo/right etcetera
+ for tz in etcetera southamerica northamerica europe africa antarctica asia australasia backward
+ zic -L /dev/null -d /workspace/BUILD/tzdata-2025b-build/BUILDROOT/usr/share/zoneinfo southamerica
+ zic -L /dev/null -d /workspace/BUILD/tzdata-2025b-build/BUILDROOT/usr/share/zoneinfo/posix southamerica
+ zic -L leapseconds -d /workspace/BUILD/tzdata-2025b-build/BUILDROOT/usr/share/zoneinfo/right southamerica
+ for tz in etcetera southamerica northamerica europe africa antarctica asia australasia backward
+ zic -L /dev/null -d /workspace/BUILD/tzdata-2025b-build/BUILDROOT/usr/share/zoneinfo northamerica
+ zic -L /dev/null -d /workspace/BUILD/tzdata-2025b-build/BUILDROOT/usr/share/zoneinfo/posix northamerica
+ zic -L leapseconds -d /workspace/BUILD/tzdata-2025b-build/BUILDROOT/usr/share/zoneinfo/right northamerica
+ for tz in etcetera southamerica northamerica europe africa antarctica asia australasia backward
+ zic -L /dev/null -d /workspace/BUILD/tzdata-2025b-build/BUILDROOT/usr/share/zoneinfo europe
+ zic -L /dev/null -d /workspace/BUILD/tzdata-2025b-build/BUILDROOT/usr/share/zoneinfo/posix europe
+ zic -L leapseconds -d /workspace/BUILD/tzdata-2025b-build/BUILDROOT/usr/share/zoneinfo/right europe
+ for tz in etcetera southamerica northamerica europe africa antarctica asia australasia backward
+ zic -L /dev/null -d /workspace/BUILD/tzdata-2025b-build/BUILDROOT/usr/share/zoneinfo africa
+ zic -L /dev/null -d /workspace/BUILD/tzdata-2025b-build/BUILDROOT/usr/share/zoneinfo/posix africa
+ zic -L leapseconds -d /workspace/BUILD/tzdata-2025b-build/BUILDROOT/usr/share/zoneinfo/right africa
+ for tz in etcetera southamerica northamerica europe africa antarctica asia australasia backward
+ zic -L /dev/null -d /workspace/BUILD/tzdata-2025b-build/BUILDROOT/usr/share/zoneinfo antarctica
+ zic -L /dev/null -d /workspace/BUILD/tzdata-2025b-build/BUILDROOT/usr/share/zoneinfo/posix antarctica
+ zic -L leapseconds -d /workspace/BUILD/tzdata-2025b-build/BUILDROOT/usr/share/zoneinfo/right antarctica
+ for tz in etcetera southamerica northamerica europe africa antarctica asia australasia backward
+ zic -L /dev/null -d /workspace/BUILD/tzdata-2025b-build/BUILDROOT/usr/share/zoneinfo asia
+ zic -L /dev/null -d /workspace/BUILD/tzdata-2025b-build/BUILDROOT/usr/share/zoneinfo/posix asia
+ zic -L leapseconds -d /workspace/BUILD/tzdata-2025b-build/BUILDROOT/usr/share/zoneinfo/right asia
+ for tz in etcetera southamerica northamerica europe africa antarctica asia australasia backward
+ zic -L /dev/null -d /workspace/BUILD/tzdata-2025b-build/BUILDROOT/usr/share/zoneinfo australasia
+ zic -L /dev/null -d /workspace/BUILD/tzdata-2025b-build/BUILDROOT/usr/share/zoneinfo/posix australasia
+ zic -L leapseconds -d /workspace/BUILD/tzdata-2025b-build/BUILDROOT/usr/share/zoneinfo/right australasia
+ for tz in etcetera southamerica northamerica europe africa antarctica asia australasia backward
+ zic -L /dev/null -d /workspace/BUILD/tzdata-2025b-build/BUILDROOT/usr/share/zoneinfo backward
+ zic -L /dev/null -d /workspace/BUILD/tzdata-2025b-build/BUILDROOT/usr/share/zoneinfo/posix backward
+ zic -L leapseconds -d /workspace/BUILD/tzdata-2025b-build/BUILDROOT/usr/share/zoneinfo/right backward
+ cp -v zone.tab zone1970.tab iso3166.tab /workspace/BUILD/tzdata-2025b-build/BUILDROOT/usr/share/zoneinfo
'zone.tab' -> '/workspace/BUILD/tzdata-2025b-build/BUILDROOT/usr/share/zoneinfo/zone.tab'
'zone1970.tab' -> '/workspace/BUILD/tzdata-2025b-build/BUILDROOT/usr/share/zoneinfo/zone1970.tab'
'iso3166.tab' -> '/workspace/BUILD/tzdata-2025b-build/BUILDROOT/usr/share/zoneinfo/iso3166.tab'
+ zic -d /workspace/BUILD/tzdata-2025b-build/BUILDROOT/usr/share/zoneinfo -p America/New_York
+ unset ZONEINFO tz
+ install -vdm 755 /workspace/BUILD/tzdata-2025b-build/BUILDROOT/etc
install: creating directory '/workspace/BUILD/tzdata-2025b-build/BUILDROOT/etc'
+ ln -sf /usr/share/zoneinfo/America/New_York /workspace/BUILD/tzdata-2025b-build/BUILDROOT/etc/localtime
+ install -D -m644 LICENSE /workspace/BUILD/tzdata-2025b-build/BUILDROOT/usr/share/licenses/tzdata/LICENSE
+ cd /workspace/BUILD/tzdata-2025b-build/BUILDROOT
+ find . -type f -o -type l
+ sed 's|^\.||'
Processing files: tzdata-2025b-1.m264.noarch
warning: absolute symlink: /etc/localtime -> /usr/share/zoneinfo/America/New_York
Provides: tzdata = 2025b-1.m264
Requires(rpmlib): rpmlib(LargeFiles) <= 4.12.0-1
Checking for unpackaged file(s): /usr/lib/rpm/check-files /workspace/BUILD/tzdata-2025b-build/BUILDROOT
Wrote: /workspace/SRPMS/tzdata-2025b-1.m264.src.rpm
Wrote: /workspace/RPMS/noarch/tzdata-2025b-1.m264.noarch.rpm
Executing(rmbuild): /bin/sh -e /var/tmp/rpm-tmp.C65R1z
+ umask 022
+ cd /workspace/BUILD/tzdata-2025b-build
+ test -d /workspace/BUILD/tzdata-2025b-build
+ /usr/bin/chmod -Rf a+rX,u+w,g-w,o-w /workspace/BUILD/tzdata-2025b-build
+ rm -rf /workspace/BUILD/tzdata-2025b-build
+ RPM_EC=0
++ jobs -p
+ exit 0

RPM build warnings:
    absolute symlink: /etc/localtime -> /usr/share/zoneinfo/America/New_York

Desmontando...
Listo.
jue 09 abr 2026 17:35:03 -04: SUCCESS
